You have specified parameters: threshold=mu+/-0.20*sigma #fea=110 selection method=MID #maxVar=10000 #maxSample=12408

Target classification variable (#1 column in the input data) has name=class 	entropy score=1.000

*** MaxRel features ***
Order 	 Fea 	 Name 	 Score
1 	 536 	 eee 	 0.262
2 	 549 	 ddd 	 0.188
3 	 537 	 eed 	 0.137
4 	 398 	 aad 	 0.133
5 	 356 	 ffe 	 0.127
6 	 574 	 fdc 	 0.127
7 	 502 	 dad 	 0.126
8 	 541 	 eec 	 0.119
9 	 431 	 cde 	 0.114
10 	 557 	 cgf 	 0.110
11 	 305 	 fbb 	 0.109
12 	 531 	 add 	 0.101
13 	 278 	 bde 	 0.099
14 	 319 	 bgb 	 0.093
15 	 280 	 abb 	 0.086
16 	 419 	 bdg 	 0.086
17 	 420 	 fca 	 0.085
18 	 545 	 dda 	 0.085
19 	 551 	 dcg 	 0.084
20 	 503 	 dae 	 0.080
21 	 366 	 ceb 	 0.079
22 	 411 	 efa 	 0.079
23 	 355 	 fff 	 0.078
24 	 507 	 dab 	 0.077
25 	 434 	 cda 	 0.075
26 	 290 	 dcc 	 0.075
27 	 275 	 cfb 	 0.075
28 	 287 	 cgc 	 0.073
29 	 597 	 bca 	 0.073
30 	 390 	 dfe 	 0.072
31 	 379 	 bae 	 0.071
32 	 591 	 bcb 	 0.071
33 	 504 	 daf 	 0.067
34 	 538 	 eeg 	 0.066
35 	 285 	 abg 	 0.064
36 	 519 	 cca 	 0.064
37 	 535 	 ada 	 0.063
38 	 339 	 afd 	 0.063
39 	 438 	 dbc 	 0.062
40 	 407 	 bef 	 0.062
41 	 274 	 cfe 	 0.062
42 	 371 	 gfc 	 0.061
43 	 308 	 fbf 	 0.060
44 	 313 	 fed 	 0.059
45 	 330 	 def 	 0.059
46 	 410 	 bee 	 0.059
47 	 258 	 edc 	 0.058
48 	 359 	 ffb 	 0.058
49 	 573 	 fda 	 0.057
50 	 283 	 abe 	 0.056
51 	 288 	 dce 	 0.056
52 	 532 	 ade 	 0.055
53 	 289 	 dcb 	 0.055
54 	 555 	 cgd 	 0.054
55 	 353 	 egd 	 0.054
56 	 534 	 adc 	 0.053
57 	 529 	 adf 	 0.053
58 	 527 	 gdf 	 0.052
59 	 472 	 baa 	 0.051
60 	 334 	 gcb 	 0.050
61 	 306 	 fba 	 0.050
62 	 257 	 edb 	 0.049
63 	 517 	 ccg 	 0.049
64 	 368 	 dac 	 0.049
65 	 307 	 fbg 	 0.048
66 	 463 	 gbc 	 0.048
67 	 543 	 ddc 	 0.048
68 	 580 	 bcd 	 0.047
69 	 344 	 afb 	 0.047
70 	 262 	 edd 	 0.046
71 	 331 	 deg 	 0.046
72 	 418 	 aba 	 0.046
73 	 345 	 afc 	 0.045
74 	 421 	 fcb 	 0.045
75 	 263 	 ede 	 0.045
76 	 456 	 gee 	 0.045
77 	 311 	 fef 	 0.044
78 	 373 	 gff 	 0.044
79 	 266 	 faa 	 0.043
80 	 481 	 fge 	 0.043
81 	 349 	 ega 	 0.041
82 	 582 	 bcf 	 0.041
83 	 378 	 aec 	 0.041
84 	 365 	 cec 	 0.041
85 	 539 	 eef 	 0.041
86 	 444 	 bfc 	 0.041
87 	 391 	 dfd 	 0.041
88 	 436 	 cdc 	 0.040
89 	 501 	 cab 	 0.040
90 	 583 	 cbb 	 0.040
91 	 482 	 fgf 	 0.039
92 	 271 	 cff 	 0.039
93 	 576 	 fde 	 0.038
94 	 428 	 abf 	 0.038
95 	 361 	 ceg 	 0.037
96 	 558 	 acc 	 0.037
97 	 265 	 fac 	 0.037
98 	 553 	 cgb 	 0.036
99 	 560 	 aca 	 0.035
100 	 413 	 efc 	 0.035
101 	 589 	 cbe 	 0.035
102 	 569 	 eae 	 0.035
103 	 417 	 efg 	 0.034
104 	 445 	 bfb 	 0.034
105 	 484 	 fga 	 0.033
106 	 376 	 gfe 	 0.033
107 	 269 	 fad 	 0.033
108 	 575 	 fdb 	 0.033
109 	 521 	 ccb 	 0.032
110 	 585 	 cba 	 0.032

*** mRMR features *** 
Order 	 Fea 	 Name 	 Score
1 	 536 	 eee 	 0.262
2 	 549 	 ddd 	 0.087
3 	 551 	 dcg 	 0.047
4 	 319 	 bgb 	 0.043
5 	 356 	 ffe 	 0.033
6 	 538 	 eeg 	 0.028
7 	 574 	 fdc 	 0.036
8 	 431 	 cde 	 0.032
9 	 541 	 eec 	 0.030
10 	 285 	 abg 	 0.033
11 	 373 	 gff 	 0.027
12 	 419 	 bdg 	 0.028
13 	 537 	 eed 	 0.033
14 	 353 	 egd 	 0.022
15 	 502 	 dad 	 0.026
16 	 420 	 fca 	 0.026
17 	 287 	 cgc 	 0.027
18 	 527 	 gdf 	 0.026
19 	 398 	 aad 	 0.029
20 	 290 	 dcc 	 0.023
21 	 305 	 fbb 	 0.025
22 	 289 	 dcb 	 0.024
23 	 278 	 bde 	 0.021
24 	 417 	 efg 	 0.019
25 	 591 	 bcb 	 0.017
26 	 366 	 ceb 	 0.018
27 	 545 	 dda 	 0.016
28 	 288 	 dce 	 0.017
29 	 482 	 fgf 	 0.015
30 	 355 	 fff 	 0.016
31 	 484 	 fga 	 0.014
32 	 371 	 gfc 	 0.013
33 	 280 	 abb 	 0.012
34 	 361 	 ceg 	 0.012
35 	 349 	 ega 	 0.012
36 	 334 	 gcb 	 0.011
37 	 557 	 cgf 	 0.012
38 	 556 	 cgg 	 0.011
39 	 454 	 geg 	 0.011
40 	 503 	 dae 	 0.012
41 	 456 	 gee 	 0.009
42 	 463 	 gbc 	 0.009
43 	 411 	 efa 	 0.009
44 	 275 	 cfb 	 0.008
45 	 351 	 egf 	 0.007
46 	 376 	 gfe 	 0.006
47 	 531 	 add 	 0.007
48 	 379 	 bae 	 0.006
49 	 117 	 CCGT 	 0.006
50 	 529 	 adf 	 0.006
51 	 307 	 fbg 	 0.007
52 	 297 	 ggb 	 0.005
53 	 517 	 ccg 	 0.005
54 	 308 	 fbf 	 0.005
55 	 526 	 gde 	 0.004
56 	 447 	 bfg 	 0.005
57 	 390 	 dfe 	 0.005
58 	 532 	 ade 	 0.005
59 	 214 	 AGCC 	 0.004
60 	 519 	 cca 	 0.005
61 	 339 	 afd 	 0.005
62 	 306 	 fba 	 0.004
63 	 261 	 edg 	 0.003
64 	 494 	 gag 	 0.003
65 	 53 	 ACTA 	 0.003
66 	 274 	 cfe 	 0.003
67 	 359 	 ffb 	 0.003
68 	 191 	 GTTC 	 0.002
69 	 17 	 TAGC 	 0.002
70 	 150 	 ATTG 	 0.002
71 	 344 	 afb 	 0.002
72 	 112 	 ATCC 	 0.002
73 	 597 	 bca 	 0.002
74 	 272 	 cfg 	 0.002
75 	 573 	 fda 	 0.002
76 	 320 	 bgd 	 0.002
77 	 434 	 cda 	 0.002
78 	 123 	 TGGA 	 0.001
79 	 407 	 bef 	 0.002
80 	 513 	 dgd 	 0.001
81 	 180 	 TATC 	 0.001
82 	 410 	 bee 	 0.001
83 	 240 	 CACC 	 0.001
84 	 241 	 TACA 	 0.001
85 	 257 	 edb 	 0.001
86 	 245 	 CATC 	 0.001
87 	 96 	 GATA 	 0.001
88 	 507 	 dab 	 0.001
89 	 483 	 fgg 	 0.000
90 	 438 	 dbc 	 0.000
91 	 24 	 GAAC 	 0.000
92 	 52 	 TCTG 	 0.000
93 	 283 	 abe 	 0.001
94 	 345 	 afc 	 0.001
95 	 609 	 3mer_9 	 0.000
96 	 54 	 ACTC 	 0.000
97 	 131 	 CTCG 	 0.000
98 	 481 	 fge 	 0.000
99 	 639 	 G_pos 	 -0.000
100 	 576 	 fde 	 0.000
101 	 159 	 TTTC 	 -0.000
102 	 337 	 gcg 	 -0.000
103 	 555 	 cgd 	 0.000
104 	 215 	 TTGT 	 -0.000
105 	 504 	 daf 	 0.000
106 	 121 	 CTCC 	 -0.000
107 	 313 	 fed 	 0.000
108 	 56 	 TATG 	 -0.000
109 	 350 	 egg 	 -0.000
110 	 365 	 cec 	 -0.000


 *** This program and the respective minimum Redundancy Maximum Relevance (mRMR) 
     algorithm were developed by Hanchuan Peng <hanchuan.peng@gmail.com>for
     the paper 
     "Feature selection based on mutual information: criteria of 
      max-dependency, max-relevance, and min-redundancy,"
      Hanchuan Peng, Fuhui Long, and Chris Ding, 
      IEEE Transactions on Pattern Analysis and Machine Intelligence,
      Vol. 27, No. 8, pp.1226-1238, 2005.

