You have specified parameters: threshold=mu+/-0.20*sigma #fea=110 selection method=MID #maxVar=10000 #maxSample=12408

Target classification variable (#1 column in the input data) has name=class 	entropy score=1.000

*** MaxRel features ***
Order 	 Fea 	 Name 	 Score
1 	 536 	 eee 	 0.272
2 	 549 	 ddd 	 0.192
3 	 537 	 eed 	 0.141
4 	 398 	 aad 	 0.138
5 	 356 	 ffe 	 0.133
6 	 574 	 fdc 	 0.130
7 	 502 	 dad 	 0.126
8 	 541 	 eec 	 0.124
9 	 305 	 fbb 	 0.119
10 	 557 	 cgf 	 0.114
11 	 431 	 cde 	 0.108
12 	 591 	 bcb 	 0.101
13 	 278 	 bde 	 0.097
14 	 319 	 bgb 	 0.096
15 	 531 	 add 	 0.094
16 	 420 	 fca 	 0.092
17 	 419 	 bdg 	 0.090
18 	 306 	 fba 	 0.089
19 	 280 	 abb 	 0.088
20 	 551 	 dcg 	 0.086
21 	 355 	 fff 	 0.082
22 	 503 	 dae 	 0.081
23 	 290 	 dcc 	 0.080
24 	 507 	 dab 	 0.080
25 	 545 	 dda 	 0.080
26 	 275 	 cfb 	 0.079
27 	 411 	 efa 	 0.077
28 	 434 	 cda 	 0.077
29 	 379 	 bae 	 0.075
30 	 359 	 ffb 	 0.074
31 	 535 	 ada 	 0.074
32 	 597 	 bca 	 0.073
33 	 287 	 cgc 	 0.072
34 	 539 	 eef 	 0.072
35 	 390 	 dfe 	 0.070
36 	 519 	 cca 	 0.069
37 	 538 	 eeg 	 0.067
38 	 410 	 bee 	 0.067
39 	 308 	 fbf 	 0.067
40 	 407 	 bef 	 0.066
41 	 504 	 daf 	 0.065
42 	 529 	 adf 	 0.065
43 	 438 	 dbc 	 0.064
44 	 339 	 afd 	 0.064
45 	 330 	 def 	 0.063
46 	 344 	 afb 	 0.063
47 	 285 	 abg 	 0.062
48 	 371 	 gfc 	 0.062
49 	 313 	 fed 	 0.061
50 	 353 	 egd 	 0.060
51 	 573 	 fda 	 0.060
52 	 384 	 ece 	 0.060
53 	 532 	 ade 	 0.059
54 	 555 	 cgd 	 0.059
55 	 274 	 cfe 	 0.058
56 	 527 	 gdf 	 0.058
57 	 288 	 dce 	 0.057
58 	 283 	 abe 	 0.057
59 	 534 	 adc 	 0.056
60 	 289 	 dcb 	 0.054
61 	 463 	 gbc 	 0.053
62 	 444 	 bfc 	 0.053
63 	 263 	 ede 	 0.052
64 	 517 	 ccg 	 0.051
65 	 368 	 dac 	 0.051
66 	 334 	 gcb 	 0.050
67 	 345 	 afc 	 0.050
68 	 413 	 efc 	 0.050
69 	 307 	 fbg 	 0.049
70 	 311 	 fef 	 0.049
71 	 257 	 edb 	 0.048
72 	 418 	 aba 	 0.048
73 	 421 	 fcb 	 0.047
74 	 580 	 bcd 	 0.047
75 	 472 	 baa 	 0.047
76 	 378 	 aec 	 0.047
77 	 543 	 ddc 	 0.046
78 	 456 	 gee 	 0.046
79 	 481 	 fge 	 0.046
80 	 262 	 edd 	 0.045
81 	 501 	 cab 	 0.044
82 	 436 	 cdc 	 0.044
83 	 582 	 bcf 	 0.043
84 	 373 	 gff 	 0.043
85 	 428 	 abf 	 0.043
86 	 583 	 cbb 	 0.042
87 	 266 	 faa 	 0.041
88 	 558 	 acc 	 0.040
89 	 391 	 dfd 	 0.040
90 	 265 	 fac 	 0.040
91 	 349 	 ega 	 0.039
92 	 331 	 deg 	 0.039
93 	 560 	 aca 	 0.038
94 	 271 	 cff 	 0.038
95 	 482 	 fgf 	 0.037
96 	 365 	 cec 	 0.036
97 	 322 	 bgf 	 0.036
98 	 361 	 ceg 	 0.036
99 	 258 	 edc 	 0.035
100 	 484 	 fga 	 0.034
101 	 520 	 ccc 	 0.034
102 	 569 	 eae 	 0.034
103 	 589 	 cbe 	 0.033
104 	 576 	 fde 	 0.033
105 	 521 	 ccb 	 0.033
106 	 269 	 fad 	 0.033
107 	 417 	 efg 	 0.032
108 	 376 	 gfe 	 0.032
109 	 453 	 gea 	 0.032
110 	 585 	 cba 	 0.032

*** mRMR features *** 
Order 	 Fea 	 Name 	 Score
1 	 536 	 eee 	 0.272
2 	 549 	 ddd 	 0.087
3 	 551 	 dcg 	 0.051
4 	 319 	 bgb 	 0.046
5 	 356 	 ffe 	 0.034
6 	 538 	 eeg 	 0.029
7 	 574 	 fdc 	 0.038
8 	 541 	 eec 	 0.038
9 	 591 	 bcb 	 0.036
10 	 285 	 abg 	 0.029
11 	 537 	 eed 	 0.031
12 	 419 	 bdg 	 0.030
13 	 305 	 fbb 	 0.031
14 	 306 	 fba 	 0.024
15 	 353 	 egd 	 0.025
16 	 398 	 aad 	 0.030
17 	 527 	 gdf 	 0.023
18 	 502 	 dad 	 0.025
19 	 420 	 fca 	 0.026
20 	 287 	 cgc 	 0.028
21 	 290 	 dcc 	 0.025
22 	 431 	 cde 	 0.028
23 	 373 	 gff 	 0.024
24 	 289 	 dcb 	 0.021
25 	 344 	 afb 	 0.020
26 	 278 	 bde 	 0.022
27 	 417 	 efg 	 0.018
28 	 355 	 fff 	 0.019
29 	 288 	 dce 	 0.018
30 	 545 	 dda 	 0.018
31 	 371 	 gfc 	 0.014
32 	 484 	 fga 	 0.014
33 	 280 	 abb 	 0.016
34 	 482 	 fgf 	 0.014
35 	 361 	 ceg 	 0.012
36 	 349 	 ega 	 0.011
37 	 557 	 cgf 	 0.013
38 	 334 	 gcb 	 0.012
39 	 556 	 cgg 	 0.011
40 	 529 	 adf 	 0.012
41 	 463 	 gbc 	 0.012
42 	 456 	 gee 	 0.011
43 	 379 	 bae 	 0.012
44 	 454 	 geg 	 0.011
45 	 275 	 cfb 	 0.010
46 	 531 	 add 	 0.009
47 	 359 	 ffb 	 0.009
48 	 308 	 fbf 	 0.006
49 	 411 	 efa 	 0.007
50 	 376 	 gfe 	 0.006
51 	 307 	 fbg 	 0.006
52 	 539 	 eef 	 0.006
53 	 351 	 egf 	 0.006
54 	 211 	 GGTG 	 0.006
55 	 519 	 cca 	 0.007
56 	 384 	 ece 	 0.006
57 	 517 	 ccg 	 0.006
58 	 447 	 bfg 	 0.005
59 	 532 	 ade 	 0.006
60 	 526 	 gde 	 0.005
61 	 390 	 dfe 	 0.006
62 	 297 	 ggb 	 0.004
63 	 339 	 afd 	 0.004
64 	 503 	 dae 	 0.005
65 	 646 	 length_ratio 	 0.004
66 	 407 	 bef 	 0.004
67 	 117 	 CCGT 	 0.003
68 	 494 	 gag 	 0.003
69 	 410 	 bee 	 0.002
70 	 214 	 AGCC 	 0.002
71 	 17 	 TAGC 	 0.002
72 	 597 	 bca 	 0.003
73 	 274 	 cfe 	 0.002
74 	 573 	 fda 	 0.002
75 	 131 	 CTCG 	 0.002
76 	 150 	 ATTG 	 0.002
77 	 444 	 bfc 	 0.001
78 	 513 	 dgd 	 0.001
79 	 220 	 TTGA 	 0.001
80 	 434 	 cda 	 0.002
81 	 53 	 ACTA 	 0.001
82 	 24 	 GAAC 	 0.001
83 	 345 	 afc 	 0.001
84 	 272 	 cfg 	 0.001
85 	 169 	 TGAC 	 0.001
86 	 283 	 abe 	 0.001
87 	 618 	 3mer_18 	 0.001
88 	 219 	 GAGC 	 0.001
89 	 438 	 dbc 	 0.001
90 	 96 	 GATA 	 0.000
91 	 257 	 edb 	 0.001
92 	 483 	 fgg 	 0.000
93 	 320 	 bgd 	 0.000
94 	 507 	 dab 	 0.001
95 	 180 	 TATC 	 0.000
96 	 123 	 TGGA 	 0.000
97 	 263 	 ede 	 0.001
98 	 265 	 fac 	 0.000
99 	 163 	 GCAG 	 0.000
100 	 240 	 CACC 	 0.000
101 	 330 	 def 	 0.000
102 	 59 	 AAGG 	 -0.000
103 	 640 	 T_pos 	 -0.000
104 	 555 	 cgd 	 0.000
105 	 481 	 fge 	 -0.000
106 	 337 	 gcg 	 -0.000
107 	 313 	 fed 	 -0.000
108 	 625 	 2mer_5 	 -0.000
109 	 55 	 TCTC 	 -0.000
110 	 350 	 egg 	 -0.000


 *** This program and the respective minimum Redundancy Maximum Relevance (mRMR) 
     algorithm were developed by Hanchuan Peng <hanchuan.peng@gmail.com>for
     the paper 
     "Feature selection based on mutual information: criteria of 
      max-dependency, max-relevance, and min-redundancy,"
      Hanchuan Peng, Fuhui Long, and Chris Ding, 
      IEEE Transactions on Pattern Analysis and Machine Intelligence,
      Vol. 27, No. 8, pp.1226-1238, 2005.

