You have specified parameters: threshold=mu+/-0.20*sigma #fea=110 selection method=MID #maxVar=10000 #maxSample=12408

Target classification variable (#1 column in the input data) has name=class 	entropy score=1.000

*** MaxRel features ***
Order 	 Fea 	 Name 	 Score
1 	 536 	 eee 	 0.277
2 	 549 	 ddd 	 0.190
3 	 537 	 eed 	 0.142
4 	 356 	 ffe 	 0.137
5 	 398 	 aad 	 0.137
6 	 574 	 fdc 	 0.131
7 	 502 	 dad 	 0.126
8 	 305 	 fbb 	 0.121
9 	 541 	 eec 	 0.120
10 	 557 	 cgf 	 0.111
11 	 431 	 cde 	 0.108
12 	 319 	 bgb 	 0.100
13 	 278 	 bde 	 0.099
14 	 531 	 add 	 0.096
15 	 419 	 bdg 	 0.091
16 	 551 	 dcg 	 0.090
17 	 420 	 fca 	 0.090
18 	 280 	 abb 	 0.090
19 	 503 	 dae 	 0.086
20 	 355 	 fff 	 0.083
21 	 275 	 cfb 	 0.082
22 	 290 	 dcc 	 0.080
23 	 434 	 cda 	 0.078
24 	 411 	 efa 	 0.078
25 	 545 	 dda 	 0.077
26 	 379 	 bae 	 0.076
27 	 507 	 dab 	 0.076
28 	 287 	 cgc 	 0.076
29 	 591 	 bcb 	 0.075
30 	 535 	 ada 	 0.075
31 	 366 	 ceb 	 0.074
32 	 504 	 daf 	 0.073
33 	 390 	 dfe 	 0.073
34 	 597 	 bca 	 0.072
35 	 359 	 ffb 	 0.072
36 	 538 	 eeg 	 0.068
37 	 308 	 fbf 	 0.067
38 	 519 	 cca 	 0.066
39 	 407 	 bef 	 0.065
40 	 371 	 gfc 	 0.064
41 	 529 	 adf 	 0.063
42 	 339 	 afd 	 0.063
43 	 285 	 abg 	 0.063
44 	 410 	 bee 	 0.062
45 	 353 	 egd 	 0.062
46 	 330 	 def 	 0.062
47 	 274 	 cfe 	 0.061
48 	 555 	 cgd 	 0.061
49 	 313 	 fed 	 0.060
50 	 344 	 afb 	 0.060
51 	 573 	 fda 	 0.060
52 	 527 	 gdf 	 0.059
53 	 288 	 dce 	 0.059
54 	 289 	 dcb 	 0.059
55 	 532 	 ade 	 0.058
56 	 283 	 abe 	 0.056
57 	 438 	 dbc 	 0.054
58 	 463 	 gbc 	 0.053
59 	 334 	 gcb 	 0.053
60 	 534 	 adc 	 0.052
61 	 472 	 baa 	 0.052
62 	 517 	 ccg 	 0.052
63 	 444 	 bfc 	 0.051
64 	 368 	 dac 	 0.050
65 	 306 	 fba 	 0.050
66 	 307 	 fbg 	 0.050
67 	 257 	 edb 	 0.050
68 	 580 	 bcd 	 0.047
69 	 418 	 aba 	 0.047
70 	 421 	 fcb 	 0.047
71 	 263 	 ede 	 0.047
72 	 413 	 efc 	 0.046
73 	 456 	 gee 	 0.046
74 	 543 	 ddc 	 0.046
75 	 262 	 edd 	 0.045
76 	 378 	 aec 	 0.045
77 	 311 	 fef 	 0.045
78 	 373 	 gff 	 0.045
79 	 265 	 fac 	 0.044
80 	 271 	 cff 	 0.043
81 	 501 	 cab 	 0.043
82 	 349 	 ega 	 0.043
83 	 481 	 fge 	 0.043
84 	 539 	 eef 	 0.042
85 	 428 	 abf 	 0.042
86 	 560 	 aca 	 0.041
87 	 266 	 faa 	 0.040
88 	 582 	 bcf 	 0.040
89 	 436 	 cdc 	 0.040
90 	 484 	 fga 	 0.040
91 	 482 	 fgf 	 0.039
92 	 583 	 cbb 	 0.039
93 	 391 	 dfd 	 0.039
94 	 558 	 acc 	 0.039
95 	 322 	 bgf 	 0.038
96 	 376 	 gfe 	 0.038
97 	 365 	 cec 	 0.037
98 	 569 	 eae 	 0.037
99 	 331 	 deg 	 0.037
100 	 575 	 fdb 	 0.037
101 	 588 	 cbd 	 0.037
102 	 576 	 fde 	 0.035
103 	 589 	 cbe 	 0.035
104 	 447 	 bfg 	 0.035
105 	 417 	 efg 	 0.034
106 	 361 	 ceg 	 0.034
107 	 258 	 edc 	 0.034
108 	 269 	 fad 	 0.033
109 	 553 	 cgb 	 0.033
110 	 453 	 gea 	 0.032

*** mRMR features *** 
Order 	 Fea 	 Name 	 Score
1 	 536 	 eee 	 0.277
2 	 549 	 ddd 	 0.085
3 	 551 	 dcg 	 0.051
4 	 319 	 bgb 	 0.046
5 	 356 	 ffe 	 0.033
6 	 538 	 eeg 	 0.028
7 	 574 	 fdc 	 0.038
8 	 541 	 eec 	 0.034
9 	 373 	 gff 	 0.029
10 	 431 	 cde 	 0.033
11 	 419 	 bdg 	 0.030
12 	 527 	 gdf 	 0.032
13 	 537 	 eed 	 0.034
14 	 353 	 egd 	 0.029
15 	 420 	 fca 	 0.029
16 	 502 	 dad 	 0.032
17 	 287 	 cgc 	 0.031
18 	 290 	 dcc 	 0.029
19 	 398 	 aad 	 0.032
20 	 305 	 fbb 	 0.026
21 	 289 	 dcb 	 0.025
22 	 285 	 abg 	 0.024
23 	 278 	 bde 	 0.022
24 	 344 	 afb 	 0.019
25 	 591 	 bcb 	 0.020
26 	 417 	 efg 	 0.020
27 	 355 	 fff 	 0.019
28 	 288 	 dce 	 0.017
29 	 545 	 dda 	 0.016
30 	 484 	 fga 	 0.017
31 	 371 	 gfc 	 0.017
32 	 280 	 abb 	 0.016
33 	 482 	 fgf 	 0.016
34 	 454 	 geg 	 0.013
35 	 503 	 dae 	 0.013
36 	 349 	 ega 	 0.012
37 	 334 	 gcb 	 0.013
38 	 557 	 cgf 	 0.012
39 	 361 	 ceg 	 0.011
40 	 556 	 cgg 	 0.011
41 	 275 	 cfb 	 0.012
42 	 463 	 gbc 	 0.011
43 	 366 	 ceb 	 0.012
44 	 359 	 ffb 	 0.009
45 	 456 	 gee 	 0.009
46 	 379 	 bae 	 0.008
47 	 529 	 adf 	 0.008
48 	 376 	 gfe 	 0.007
49 	 117 	 CCGT 	 0.007
50 	 531 	 add 	 0.007
51 	 447 	 bfg 	 0.008
52 	 307 	 fbg 	 0.007
53 	 351 	 egf 	 0.005
54 	 308 	 fbf 	 0.006
55 	 211 	 GGTG 	 0.005
56 	 517 	 ccg 	 0.006
57 	 532 	 ade 	 0.005
58 	 390 	 dfe 	 0.005
59 	 526 	 gde 	 0.005
60 	 519 	 cca 	 0.005
61 	 339 	 afd 	 0.005
62 	 53 	 ACTA 	 0.003
63 	 411 	 efa 	 0.004
64 	 297 	 ggb 	 0.003
65 	 494 	 gag 	 0.003
66 	 306 	 fba 	 0.003
67 	 214 	 AGCC 	 0.002
68 	 265 	 fac 	 0.003
69 	 407 	 bef 	 0.002
70 	 24 	 GAAC 	 0.002
71 	 274 	 cfe 	 0.002
72 	 573 	 fda 	 0.002
73 	 410 	 bee 	 0.002
74 	 17 	 TAGC 	 0.002
75 	 44 	 TAAC 	 0.002
76 	 597 	 bca 	 0.002
77 	 637 	 A_pos 	 0.001
78 	 434 	 cda 	 0.002
79 	 513 	 dgd 	 0.002
80 	 320 	 bgd 	 0.002
81 	 191 	 GTTC 	 0.001
82 	 131 	 CTCG 	 0.001
83 	 121 	 CTCC 	 0.001
84 	 444 	 bfc 	 0.001
85 	 272 	 cfg 	 0.001
86 	 180 	 TATC 	 0.001
87 	 169 	 TGAC 	 0.001
88 	 504 	 daf 	 0.001
89 	 1 	 GTAC 	 0.001
90 	 483 	 fgg 	 0.000
91 	 555 	 cgd 	 0.001
92 	 209 	 GAGT 	 0.000
93 	 257 	 edb 	 -0.000
94 	 507 	 dab 	 0.001
95 	 245 	 CATC 	 0.000
96 	 241 	 TACA 	 -0.000
97 	 150 	 ATTG 	 -0.000
98 	 220 	 TTGA 	 -0.000
99 	 91 	 TTCC 	 -0.000
100 	 330 	 def 	 0.000
101 	 271 	 cff 	 0.000
102 	 576 	 fde 	 -0.000
103 	 182 	 AATA 	 -0.000
104 	 313 	 fed 	 -0.000
105 	 535 	 ada 	 -0.000
106 	 337 	 gcg 	 -0.000
107 	 219 	 GAGC 	 -0.001
108 	 580 	 bcd 	 -0.000
109 	 350 	 egg 	 -0.000
110 	 123 	 TGGA 	 -0.001


 *** This program and the respective minimum Redundancy Maximum Relevance (mRMR) 
     algorithm were developed by Hanchuan Peng <hanchuan.peng@gmail.com>for
     the paper 
     "Feature selection based on mutual information: criteria of 
      max-dependency, max-relevance, and min-redundancy,"
      Hanchuan Peng, Fuhui Long, and Chris Ding, 
      IEEE Transactions on Pattern Analysis and Machine Intelligence,
      Vol. 27, No. 8, pp.1226-1238, 2005.

