You have specified parameters: threshold=mu+/-0.20*sigma #fea=110 selection method=MID #maxVar=10000 #maxSample=12408

Target classification variable (#1 column in the input data) has name=class 	entropy score=1.000

*** MaxRel features ***
Order 	 Fea 	 Name 	 Score
1 	 536 	 eee 	 0.264
2 	 549 	 ddd 	 0.199
3 	 537 	 eed 	 0.143
4 	 398 	 aad 	 0.137
5 	 574 	 fdc 	 0.131
6 	 356 	 ffe 	 0.131
7 	 502 	 dad 	 0.129
8 	 541 	 eec 	 0.119
9 	 305 	 fbb 	 0.114
10 	 557 	 cgf 	 0.112
11 	 431 	 cde 	 0.102
12 	 306 	 fba 	 0.101
13 	 278 	 bde 	 0.098
14 	 531 	 add 	 0.096
15 	 280 	 abb 	 0.091
16 	 420 	 fca 	 0.090
17 	 319 	 bgb 	 0.089
18 	 419 	 bdg 	 0.085
19 	 551 	 dcg 	 0.085
20 	 503 	 dae 	 0.082
21 	 275 	 cfb 	 0.080
22 	 411 	 efa 	 0.079
23 	 355 	 fff 	 0.078
24 	 545 	 dda 	 0.077
25 	 379 	 bae 	 0.077
26 	 359 	 ffb 	 0.077
27 	 290 	 dcc 	 0.076
28 	 366 	 ceb 	 0.075
29 	 287 	 cgc 	 0.075
30 	 507 	 dab 	 0.075
31 	 597 	 bca 	 0.074
32 	 504 	 daf 	 0.074
33 	 434 	 cda 	 0.074
34 	 390 	 dfe 	 0.072
35 	 591 	 bcb 	 0.071
36 	 308 	 fbf 	 0.069
37 	 535 	 ada 	 0.067
38 	 410 	 bee 	 0.066
39 	 285 	 abg 	 0.065
40 	 371 	 gfc 	 0.064
41 	 538 	 eeg 	 0.064
42 	 407 	 bef 	 0.064
43 	 438 	 dbc 	 0.064
44 	 344 	 afb 	 0.064
45 	 313 	 fed 	 0.063
46 	 519 	 cca 	 0.062
47 	 339 	 afd 	 0.061
48 	 532 	 ade 	 0.060
49 	 534 	 adc 	 0.060
50 	 353 	 egd 	 0.058
51 	 274 	 cfe 	 0.057
52 	 573 	 fda 	 0.056
53 	 288 	 dce 	 0.056
54 	 289 	 dcb 	 0.056
55 	 527 	 gdf 	 0.056
56 	 283 	 abe 	 0.054
57 	 257 	 edb 	 0.054
58 	 330 	 def 	 0.053
59 	 263 	 ede 	 0.053
60 	 334 	 gcb 	 0.051
61 	 529 	 adf 	 0.051
62 	 555 	 cgd 	 0.051
63 	 444 	 bfc 	 0.051
64 	 368 	 dac 	 0.050
65 	 421 	 fcb 	 0.050
66 	 472 	 baa 	 0.050
67 	 418 	 aba 	 0.050
68 	 307 	 fbg 	 0.049
69 	 517 	 ccg 	 0.049
70 	 378 	 aec 	 0.049
71 	 456 	 gee 	 0.048
72 	 463 	 gbc 	 0.047
73 	 580 	 bcd 	 0.047
74 	 539 	 eef 	 0.045
75 	 543 	 ddc 	 0.045
76 	 481 	 fge 	 0.045
77 	 311 	 fef 	 0.044
78 	 373 	 gff 	 0.044
79 	 428 	 abf 	 0.044
80 	 501 	 cab 	 0.043
81 	 271 	 cff 	 0.043
82 	 262 	 edd 	 0.043
83 	 265 	 fac 	 0.042
84 	 413 	 efc 	 0.042
85 	 436 	 cdc 	 0.041
86 	 266 	 faa 	 0.040
87 	 582 	 bcf 	 0.040
88 	 391 	 dfd 	 0.040
89 	 583 	 cbb 	 0.040
90 	 560 	 aca 	 0.038
91 	 331 	 deg 	 0.038
92 	 558 	 acc 	 0.037
93 	 349 	 ega 	 0.037
94 	 482 	 fgf 	 0.037
95 	 361 	 ceg 	 0.036
96 	 258 	 edc 	 0.036
97 	 365 	 cec 	 0.036
98 	 553 	 cgb 	 0.035
99 	 322 	 bgf 	 0.035
100 	 576 	 fde 	 0.033
101 	 569 	 eae 	 0.033
102 	 417 	 efg 	 0.032
103 	 585 	 cba 	 0.032
104 	 269 	 fad 	 0.032
105 	 589 	 cbe 	 0.032
106 	 442 	 dbg 	 0.032
107 	 260 	 edf 	 0.031
108 	 441 	 dbd 	 0.031
109 	 304 	 fbc 	 0.031
110 	 484 	 fga 	 0.031

*** mRMR features *** 
Order 	 Fea 	 Name 	 Score
1 	 536 	 eee 	 0.264
2 	 549 	 ddd 	 0.093
3 	 551 	 dcg 	 0.048
4 	 420 	 fca 	 0.039
5 	 356 	 ffe 	 0.038
6 	 398 	 aad 	 0.040
7 	 538 	 eeg 	 0.034
8 	 373 	 gff 	 0.031
9 	 537 	 eed 	 0.043
10 	 574 	 fdc 	 0.032
11 	 431 	 cde 	 0.030
12 	 419 	 bdg 	 0.028
13 	 541 	 eec 	 0.032
14 	 285 	 abg 	 0.030
15 	 502 	 dad 	 0.027
16 	 353 	 egd 	 0.028
17 	 287 	 cgc 	 0.029
18 	 306 	 fba 	 0.029
19 	 527 	 gdf 	 0.030
20 	 591 	 bcb 	 0.028
21 	 290 	 dcc 	 0.027
22 	 305 	 fbb 	 0.026
23 	 289 	 dcb 	 0.024
24 	 344 	 afb 	 0.023
25 	 278 	 bde 	 0.020
26 	 417 	 efg 	 0.018
27 	 366 	 ceb 	 0.018
28 	 288 	 dce 	 0.018
29 	 545 	 dda 	 0.018
30 	 355 	 fff 	 0.018
31 	 482 	 fgf 	 0.015
32 	 280 	 abb 	 0.015
33 	 371 	 gfc 	 0.015
34 	 484 	 fga 	 0.014
35 	 379 	 bae 	 0.013
36 	 456 	 gee 	 0.012
37 	 359 	 ffb 	 0.012
38 	 556 	 cgg 	 0.012
39 	 531 	 add 	 0.012
40 	 454 	 geg 	 0.012
41 	 334 	 gcb 	 0.012
42 	 349 	 ega 	 0.011
43 	 308 	 fbf 	 0.011
44 	 463 	 gbc 	 0.011
45 	 361 	 ceg 	 0.011
46 	 275 	 cfb 	 0.011
47 	 503 	 dae 	 0.009
48 	 411 	 efa 	 0.007
49 	 117 	 CCGT 	 0.007
50 	 307 	 fbg 	 0.008
51 	 376 	 gfe 	 0.006
52 	 557 	 cgf 	 0.007
53 	 351 	 egf 	 0.006
54 	 297 	 ggb 	 0.006
55 	 529 	 adf 	 0.006
56 	 519 	 cca 	 0.006
57 	 53 	 ACTA 	 0.004
58 	 526 	 gde 	 0.004
59 	 532 	 ade 	 0.005
60 	 390 	 dfe 	 0.005
61 	 517 	 ccg 	 0.005
62 	 339 	 afd 	 0.005
63 	 199 	 ACCC 	 0.003
64 	 447 	 bfg 	 0.003
65 	 319 	 bgb 	 0.004
66 	 494 	 gag 	 0.003
67 	 150 	 ATTG 	 0.002
68 	 257 	 edb 	 0.002
69 	 597 	 bca 	 0.002
70 	 112 	 ATCC 	 0.002
71 	 410 	 bee 	 0.002
72 	 320 	 bgd 	 0.002
73 	 191 	 GTTC 	 0.002
74 	 573 	 fda 	 0.002
75 	 407 	 bef 	 0.002
76 	 17 	 TAGC 	 0.001
77 	 265 	 fac 	 0.002
78 	 214 	 AGCC 	 0.001
79 	 434 	 cda 	 0.001
80 	 159 	 TTTC 	 0.001
81 	 55 	 TCTC 	 0.001
82 	 274 	 cfe 	 0.001
83 	 87 	 AGGT 	 0.001
84 	 169 	 TGAC 	 0.001
85 	 96 	 GATA 	 0.000
86 	 438 	 dbc 	 0.001
87 	 272 	 cfg 	 0.001
88 	 483 	 fgg 	 0.000
89 	 504 	 daf 	 0.001
90 	 513 	 dgd 	 0.000
91 	 24 	 GAAC 	 0.000
92 	 263 	 ede 	 0.001
93 	 123 	 TGGA 	 0.000
94 	 91 	 TTCC 	 0.000
95 	 444 	 bfc 	 0.000
96 	 220 	 TTGA 	 -0.000
97 	 110 	 ATCG 	 -0.000
98 	 507 	 dab 	 0.000
99 	 52 	 TCTG 	 -0.000
100 	 481 	 fge 	 -0.000
101 	 534 	 adc 	 -0.000
102 	 160 	 TTTG 	 -0.000
103 	 337 	 gcg 	 -0.000
104 	 50 	 TAAT 	 -0.000
105 	 576 	 fde 	 -0.000
106 	 640 	 T_pos 	 -0.001
107 	 271 	 cff 	 -0.000
108 	 1 	 GTAC 	 -0.001
109 	 313 	 fed 	 -0.000
110 	 580 	 bcd 	 -0.001


 *** This program and the respective minimum Redundancy Maximum Relevance (mRMR) 
     algorithm were developed by Hanchuan Peng <hanchuan.peng@gmail.com>for
     the paper 
     "Feature selection based on mutual information: criteria of 
      max-dependency, max-relevance, and min-redundancy,"
      Hanchuan Peng, Fuhui Long, and Chris Ding, 
      IEEE Transactions on Pattern Analysis and Machine Intelligence,
      Vol. 27, No. 8, pp.1226-1238, 2005.

