You have specified parameters: threshold=mu+/-0.20*sigma #fea=110 selection method=MID #maxVar=10000 #maxSample=12408

Target classification variable (#1 column in the input data) has name=class 	entropy score=1.000

*** MaxRel features ***
Order 	 Fea 	 Name 	 Score
1 	 536 	 eee 	 0.263
2 	 549 	 ddd 	 0.189
3 	 537 	 eed 	 0.146
4 	 398 	 aad 	 0.140
5 	 574 	 fdc 	 0.132
6 	 356 	 ffe 	 0.131
7 	 502 	 dad 	 0.127
8 	 541 	 eec 	 0.121
9 	 305 	 fbb 	 0.119
10 	 431 	 cde 	 0.109
11 	 557 	 cgf 	 0.104
12 	 591 	 bcb 	 0.099
13 	 278 	 bde 	 0.098
14 	 319 	 bgb 	 0.097
15 	 419 	 bdg 	 0.092
16 	 531 	 add 	 0.090
17 	 420 	 fca 	 0.085
18 	 306 	 fba 	 0.085
19 	 551 	 dcg 	 0.085
20 	 280 	 abb 	 0.085
21 	 275 	 cfb 	 0.082
22 	 355 	 fff 	 0.080
23 	 597 	 bca 	 0.079
24 	 507 	 dab 	 0.078
25 	 411 	 efa 	 0.077
26 	 287 	 cgc 	 0.076
27 	 503 	 dae 	 0.076
28 	 290 	 dcc 	 0.076
29 	 434 	 cda 	 0.076
30 	 390 	 dfe 	 0.075
31 	 535 	 ada 	 0.074
32 	 366 	 ceb 	 0.073
33 	 504 	 daf 	 0.071
34 	 379 	 bae 	 0.071
35 	 407 	 bef 	 0.069
36 	 344 	 afb 	 0.068
37 	 410 	 bee 	 0.067
38 	 519 	 cca 	 0.067
39 	 339 	 afd 	 0.067
40 	 529 	 adf 	 0.065
41 	 538 	 eeg 	 0.063
42 	 308 	 fbf 	 0.062
43 	 555 	 cgd 	 0.062
44 	 359 	 ffb 	 0.062
45 	 371 	 gfc 	 0.062
46 	 330 	 def 	 0.062
47 	 285 	 abg 	 0.062
48 	 438 	 dbc 	 0.061
49 	 534 	 adc 	 0.059
50 	 573 	 fda 	 0.058
51 	 527 	 gdf 	 0.058
52 	 353 	 egd 	 0.058
53 	 288 	 dce 	 0.057
54 	 313 	 fed 	 0.056
55 	 283 	 abe 	 0.056
56 	 274 	 cfe 	 0.056
57 	 532 	 ade 	 0.055
58 	 545 	 dda 	 0.054
59 	 444 	 bfc 	 0.054
60 	 289 	 dcb 	 0.054
61 	 418 	 aba 	 0.053
62 	 368 	 dac 	 0.052
63 	 334 	 gcb 	 0.052
64 	 307 	 fbg 	 0.050
65 	 463 	 gbc 	 0.049
66 	 472 	 baa 	 0.049
67 	 456 	 gee 	 0.048
68 	 378 	 aec 	 0.048
69 	 517 	 ccg 	 0.048
70 	 257 	 edb 	 0.047
71 	 345 	 afc 	 0.047
72 	 428 	 abf 	 0.047
73 	 543 	 ddc 	 0.047
74 	 436 	 cdc 	 0.047
75 	 580 	 bcd 	 0.045
76 	 583 	 cbb 	 0.045
77 	 539 	 eef 	 0.044
78 	 391 	 dfd 	 0.044
79 	 311 	 fef 	 0.044
80 	 501 	 cab 	 0.044
81 	 331 	 deg 	 0.043
82 	 582 	 bcf 	 0.043
83 	 421 	 fcb 	 0.043
84 	 263 	 ede 	 0.043
85 	 373 	 gff 	 0.042
86 	 265 	 fac 	 0.042
87 	 560 	 aca 	 0.041
88 	 481 	 fge 	 0.041
89 	 365 	 cec 	 0.040
90 	 262 	 edd 	 0.040
91 	 558 	 acc 	 0.040
92 	 349 	 ega 	 0.039
93 	 413 	 efc 	 0.039
94 	 271 	 cff 	 0.039
95 	 576 	 fde 	 0.039
96 	 482 	 fgf 	 0.038
97 	 520 	 ccc 	 0.038
98 	 266 	 faa 	 0.038
99 	 484 	 fga 	 0.038
100 	 550 	 dcf 	 0.037
101 	 361 	 ceg 	 0.037
102 	 588 	 cbd 	 0.036
103 	 258 	 edc 	 0.036
104 	 569 	 eae 	 0.035
105 	 575 	 fdb 	 0.034
106 	 417 	 efg 	 0.034
107 	 521 	 ccb 	 0.034
108 	 304 	 fbc 	 0.033
109 	 442 	 dbg 	 0.032
110 	 553 	 cgb 	 0.032

*** mRMR features *** 
Order 	 Fea 	 Name 	 Score
1 	 536 	 eee 	 0.263
2 	 549 	 ddd 	 0.093
3 	 551 	 dcg 	 0.047
4 	 319 	 bgb 	 0.044
5 	 356 	 ffe 	 0.034
6 	 574 	 fdc 	 0.032
7 	 591 	 bcb 	 0.027
8 	 541 	 eec 	 0.027
9 	 538 	 eeg 	 0.029
10 	 285 	 abg 	 0.029
11 	 537 	 eed 	 0.038
12 	 419 	 bdg 	 0.031
13 	 431 	 cde 	 0.028
14 	 527 	 gdf 	 0.025
15 	 373 	 gff 	 0.026
16 	 502 	 dad 	 0.030
17 	 287 	 cgc 	 0.029
18 	 420 	 fca 	 0.031
19 	 398 	 aad 	 0.032
20 	 353 	 egd 	 0.028
21 	 305 	 fbb 	 0.029
22 	 290 	 dcc 	 0.024
23 	 344 	 afb 	 0.024
24 	 306 	 fba 	 0.023
25 	 278 	 bde 	 0.020
26 	 289 	 dcb 	 0.020
27 	 417 	 efg 	 0.019
28 	 484 	 fga 	 0.018
29 	 355 	 fff 	 0.019
30 	 288 	 dce 	 0.018
31 	 456 	 gee 	 0.016
32 	 366 	 ceb 	 0.015
33 	 482 	 fgf 	 0.014
34 	 556 	 cgg 	 0.013
35 	 280 	 abb 	 0.014
36 	 371 	 gfc 	 0.014
37 	 349 	 ega 	 0.012
38 	 557 	 cgf 	 0.013
39 	 334 	 gcb 	 0.012
40 	 529 	 adf 	 0.011
41 	 361 	 ceg 	 0.011
42 	 463 	 gbc 	 0.011
43 	 275 	 cfb 	 0.011
44 	 454 	 geg 	 0.011
45 	 503 	 dae 	 0.008
46 	 307 	 fbg 	 0.008
47 	 411 	 efa 	 0.007
48 	 376 	 gfe 	 0.006
49 	 117 	 CCGT 	 0.006
50 	 447 	 bfg 	 0.006
51 	 390 	 dfe 	 0.007
52 	 531 	 add 	 0.007
53 	 339 	 afd 	 0.007
54 	 297 	 ggb 	 0.006
55 	 379 	 bae 	 0.006
56 	 517 	 ccg 	 0.005
57 	 519 	 cca 	 0.006
58 	 351 	 egf 	 0.004
59 	 308 	 fbf 	 0.005
60 	 261 	 edg 	 0.005
61 	 532 	 ade 	 0.005
62 	 526 	 gde 	 0.004
63 	 646 	 length_ratio 	 0.004
64 	 597 	 bca 	 0.005
65 	 407 	 bef 	 0.003
66 	 410 	 bee 	 0.003
67 	 214 	 AGCC 	 0.003
68 	 191 	 GTTC 	 0.002
69 	 359 	 ffb 	 0.003
70 	 494 	 gag 	 0.002
71 	 513 	 dgd 	 0.002
72 	 24 	 GAAC 	 0.002
73 	 573 	 fda 	 0.002
74 	 320 	 bgd 	 0.002
75 	 274 	 cfe 	 0.002
76 	 53 	 ACTA 	 0.002
77 	 434 	 cda 	 0.002
78 	 123 	 TGGA 	 0.002
79 	 265 	 fac 	 0.002
80 	 131 	 CTCG 	 0.001
81 	 545 	 dda 	 0.002
82 	 444 	 bfc 	 0.002
83 	 17 	 TAGC 	 0.001
84 	 209 	 GAGT 	 0.001
85 	 169 	 TGAC 	 0.001
86 	 345 	 afc 	 0.001
87 	 159 	 TTTC 	 0.001
88 	 272 	 cfg 	 0.001
89 	 257 	 edb 	 0.001
90 	 555 	 cgd 	 0.000
91 	 483 	 fgg 	 0.000
92 	 44 	 TAAC 	 0.000
93 	 438 	 dbc 	 0.001
94 	 66 	 CTCT 	 0.000
95 	 220 	 TTGA 	 0.000
96 	 504 	 daf 	 0.001
97 	 180 	 TATC 	 -0.000
98 	 222 	 AGCT 	 -0.000
99 	 507 	 dab 	 0.000
100 	 602 	 3mer_2 	 -0.000
101 	 576 	 fde 	 -0.000
102 	 241 	 TACA 	 -0.000
103 	 534 	 adc 	 0.000
104 	 163 	 GCAG 	 -0.000
105 	 330 	 def 	 0.000
106 	 337 	 gcg 	 -0.000
107 	 1 	 GTAC 	 -0.000
108 	 112 	 ATCC 	 -0.000
109 	 535 	 ada 	 0.000
110 	 68 	 GGCT 	 -0.001


 *** This program and the respective minimum Redundancy Maximum Relevance (mRMR) 
     algorithm were developed by Hanchuan Peng <hanchuan.peng@gmail.com>for
     the paper 
     "Feature selection based on mutual information: criteria of 
      max-dependency, max-relevance, and min-redundancy,"
      Hanchuan Peng, Fuhui Long, and Chris Ding, 
      IEEE Transactions on Pattern Analysis and Machine Intelligence,
      Vol. 27, No. 8, pp.1226-1238, 2005.

