You have specified parameters: threshold=mu+/-0.20*sigma #fea=110 selection method=MID #maxVar=10000 #maxSample=12408

Target classification variable (#1 column in the input data) has name=class 	entropy score=1.000

*** MaxRel features ***
Order 	 Fea 	 Name 	 Score
1 	 536 	 eee 	 0.262
2 	 549 	 ddd 	 0.196
3 	 537 	 eed 	 0.145
4 	 398 	 aad 	 0.140
5 	 356 	 ffe 	 0.138
6 	 574 	 fdc 	 0.135
7 	 502 	 dad 	 0.130
8 	 305 	 fbb 	 0.119
9 	 541 	 eec 	 0.116
10 	 557 	 cgf 	 0.114
11 	 591 	 bcb 	 0.101
12 	 278 	 bde 	 0.097
13 	 531 	 add 	 0.097
14 	 319 	 bgb 	 0.093
15 	 306 	 fba 	 0.093
16 	 420 	 fca 	 0.092
17 	 431 	 cde 	 0.091
18 	 280 	 abb 	 0.087
19 	 551 	 dcg 	 0.086
20 	 419 	 bdg 	 0.085
21 	 507 	 dab 	 0.080
22 	 287 	 cgc 	 0.079
23 	 275 	 cfb 	 0.079
24 	 503 	 dae 	 0.079
25 	 355 	 fff 	 0.079
26 	 366 	 ceb 	 0.078
27 	 379 	 bae 	 0.075
28 	 359 	 ffb 	 0.075
29 	 597 	 bca 	 0.074
30 	 290 	 dcc 	 0.073
31 	 434 	 cda 	 0.073
32 	 411 	 efa 	 0.072
33 	 390 	 dfe 	 0.071
34 	 535 	 ada 	 0.071
35 	 519 	 cca 	 0.070
36 	 504 	 daf 	 0.069
37 	 538 	 eeg 	 0.068
38 	 371 	 gfc 	 0.066
39 	 410 	 bee 	 0.066
40 	 313 	 fed 	 0.066
41 	 344 	 afb 	 0.065
42 	 339 	 afd 	 0.064
43 	 308 	 fbf 	 0.064
44 	 438 	 dbc 	 0.062
45 	 330 	 def 	 0.061
46 	 573 	 fda 	 0.061
47 	 407 	 bef 	 0.060
48 	 285 	 abg 	 0.060
49 	 532 	 ade 	 0.060
50 	 545 	 dda 	 0.060
51 	 288 	 dce 	 0.059
52 	 274 	 cfe 	 0.059
53 	 534 	 adc 	 0.058
54 	 283 	 abe 	 0.057
55 	 527 	 gdf 	 0.055
56 	 353 	 egd 	 0.054
57 	 334 	 gcb 	 0.053
58 	 444 	 bfc 	 0.053
59 	 263 	 ede 	 0.053
60 	 418 	 aba 	 0.052
61 	 368 	 dac 	 0.052
62 	 555 	 cgd 	 0.051
63 	 289 	 dcb 	 0.051
64 	 517 	 ccg 	 0.051
65 	 463 	 gbc 	 0.050
66 	 257 	 edb 	 0.050
67 	 307 	 fbg 	 0.049
68 	 529 	 adf 	 0.048
69 	 543 	 ddc 	 0.048
70 	 421 	 fcb 	 0.047
71 	 311 	 fef 	 0.047
72 	 580 	 bcd 	 0.045
73 	 378 	 aec 	 0.045
74 	 271 	 cff 	 0.044
75 	 456 	 gee 	 0.044
76 	 472 	 baa 	 0.044
77 	 481 	 fge 	 0.043
78 	 436 	 cdc 	 0.042
79 	 413 	 efc 	 0.041
80 	 539 	 eef 	 0.041
81 	 583 	 cbb 	 0.041
82 	 373 	 gff 	 0.040
83 	 560 	 aca 	 0.040
84 	 582 	 bcf 	 0.040
85 	 501 	 cab 	 0.040
86 	 269 	 fad 	 0.040
87 	 428 	 abf 	 0.039
88 	 331 	 deg 	 0.038
89 	 558 	 acc 	 0.038
90 	 266 	 faa 	 0.038
91 	 550 	 dcf 	 0.038
92 	 361 	 ceg 	 0.038
93 	 349 	 ega 	 0.038
94 	 482 	 fgf 	 0.038
95 	 365 	 cec 	 0.037
96 	 569 	 eae 	 0.036
97 	 391 	 dfd 	 0.035
98 	 265 	 fac 	 0.035
99 	 304 	 fbc 	 0.035
100 	 262 	 edd 	 0.034
101 	 553 	 cgb 	 0.034
102 	 576 	 fde 	 0.034
103 	 588 	 cbd 	 0.034
104 	 322 	 bgf 	 0.034
105 	 589 	 cbe 	 0.032
106 	 258 	 edc 	 0.032
107 	 442 	 dbg 	 0.032
108 	 453 	 gea 	 0.032
109 	 521 	 ccb 	 0.032
110 	 376 	 gfe 	 0.031

*** mRMR features *** 
Order 	 Fea 	 Name 	 Score
1 	 536 	 eee 	 0.262
2 	 549 	 ddd 	 0.094
3 	 551 	 dcg 	 0.048
4 	 420 	 fca 	 0.043
5 	 356 	 ffe 	 0.042
6 	 591 	 bcb 	 0.048
7 	 398 	 aad 	 0.047
8 	 538 	 eeg 	 0.037
9 	 537 	 eed 	 0.040
10 	 285 	 abg 	 0.028
11 	 574 	 fdc 	 0.032
12 	 419 	 bdg 	 0.026
13 	 541 	 eec 	 0.032
14 	 287 	 cgc 	 0.026
15 	 502 	 dad 	 0.029
16 	 373 	 gff 	 0.025
17 	 305 	 fbb 	 0.027
18 	 527 	 gdf 	 0.026
19 	 306 	 fba 	 0.027
20 	 353 	 egd 	 0.025
21 	 290 	 dcc 	 0.023
22 	 431 	 cde 	 0.026
23 	 344 	 afb 	 0.023
24 	 288 	 dce 	 0.019
25 	 366 	 ceb 	 0.021
26 	 482 	 fgf 	 0.017
27 	 278 	 bde 	 0.019
28 	 417 	 efg 	 0.015
29 	 355 	 fff 	 0.017
30 	 289 	 dcb 	 0.016
31 	 379 	 bae 	 0.013
32 	 463 	 gbc 	 0.012
33 	 334 	 gcb 	 0.013
34 	 371 	 gfc 	 0.012
35 	 557 	 cgf 	 0.013
36 	 484 	 fga 	 0.012
37 	 280 	 abb 	 0.012
38 	 349 	 ega 	 0.011
39 	 456 	 gee 	 0.011
40 	 319 	 bgb 	 0.012
41 	 361 	 ceg 	 0.010
42 	 454 	 geg 	 0.010
43 	 531 	 add 	 0.009
44 	 556 	 cgg 	 0.009
45 	 275 	 cfb 	 0.010
46 	 359 	 ffb 	 0.009
47 	 307 	 fbg 	 0.007
48 	 517 	 ccg 	 0.006
49 	 532 	 ade 	 0.006
50 	 308 	 fbf 	 0.007
51 	 117 	 CCGT 	 0.006
52 	 376 	 gfe 	 0.006
53 	 519 	 cca 	 0.006
54 	 351 	 egf 	 0.006
55 	 545 	 dda 	 0.006
56 	 526 	 gde 	 0.005
57 	 339 	 afd 	 0.006
58 	 390 	 dfe 	 0.004
59 	 214 	 AGCC 	 0.004
60 	 447 	 bfg 	 0.004
61 	 503 	 dae 	 0.004
62 	 297 	 ggb 	 0.004
63 	 53 	 ACTA 	 0.004
64 	 191 	 GTTC 	 0.003
65 	 494 	 gag 	 0.003
66 	 597 	 bca 	 0.004
67 	 410 	 bee 	 0.003
68 	 274 	 cfe 	 0.003
69 	 646 	 length_ratio 	 0.003
70 	 573 	 fda 	 0.003
71 	 320 	 bgd 	 0.003
72 	 411 	 efa 	 0.002
73 	 159 	 TTTC 	 0.002
74 	 272 	 cfg 	 0.002
75 	 257 	 edb 	 0.002
76 	 529 	 adf 	 0.001
77 	 150 	 ATTG 	 0.001
78 	 112 	 ATCC 	 0.001
79 	 407 	 bef 	 0.002
80 	 169 	 TGAC 	 0.001
81 	 50 	 TAAT 	 0.001
82 	 434 	 cda 	 0.001
83 	 513 	 dgd 	 0.001
84 	 444 	 bfc 	 0.001
85 	 252 	 TCCG 	 0.001
86 	 190 	 GTTA 	 0.001
87 	 209 	 GAGT 	 0.001
88 	 263 	 ede 	 0.001
89 	 17 	 TAGC 	 0.000
90 	 507 	 dab 	 0.001
91 	 96 	 GATA 	 0.000
92 	 283 	 abe 	 0.000
93 	 483 	 fgg 	 0.000
94 	 91 	 TTCC 	 0.000
95 	 438 	 dbc 	 0.001
96 	 66 	 CTCT 	 0.000
97 	 215 	 TTGT 	 0.000
98 	 313 	 fed 	 0.001
99 	 44 	 TAAC 	 0.000
100 	 271 	 cff 	 0.000
101 	 609 	 3mer_9 	 -0.000
102 	 330 	 def 	 -0.000
103 	 141 	 ACAT 	 -0.000
104 	 350 	 egg 	 -0.000
105 	 337 	 gcg 	 -0.000
106 	 576 	 fde 	 -0.000
107 	 241 	 TACA 	 -0.000
108 	 534 	 adc 	 -0.000
109 	 127 	 TGGT 	 -0.001
110 	 123 	 TGGA 	 -0.001


 *** This program and the respective minimum Redundancy Maximum Relevance (mRMR) 
     algorithm were developed by Hanchuan Peng <hanchuan.peng@gmail.com>for
     the paper 
     "Feature selection based on mutual information: criteria of 
      max-dependency, max-relevance, and min-redundancy,"
      Hanchuan Peng, Fuhui Long, and Chris Ding, 
      IEEE Transactions on Pattern Analysis and Machine Intelligence,
      Vol. 27, No. 8, pp.1226-1238, 2005.

