You have specified parameters: threshold=mu+/-0.20*sigma #fea=110 selection method=MID #maxVar=10000 #maxSample=12408

Target classification variable (#1 column in the input data) has name=class 	entropy score=1.000

*** MaxRel features ***
Order 	 Fea 	 Name 	 Score
1 	 536 	 eee 	 0.263
2 	 549 	 ddd 	 0.193
3 	 537 	 eed 	 0.148
4 	 398 	 aad 	 0.139
5 	 574 	 fdc 	 0.133
6 	 502 	 dad 	 0.126
7 	 356 	 ffe 	 0.124
8 	 305 	 fbb 	 0.119
9 	 541 	 eec 	 0.119
10 	 557 	 cgf 	 0.105
11 	 431 	 cde 	 0.100
12 	 591 	 bcb 	 0.100
13 	 278 	 bde 	 0.096
14 	 306 	 fba 	 0.095
15 	 319 	 bgb 	 0.094
16 	 531 	 add 	 0.094
17 	 419 	 bdg 	 0.086
18 	 280 	 abb 	 0.086
19 	 551 	 dcg 	 0.085
20 	 420 	 fca 	 0.084
21 	 545 	 dda 	 0.080
22 	 503 	 dae 	 0.080
23 	 355 	 fff 	 0.077
24 	 287 	 cgc 	 0.077
25 	 275 	 cfb 	 0.076
26 	 507 	 dab 	 0.075
27 	 290 	 dcc 	 0.075
28 	 411 	 efa 	 0.074
29 	 366 	 ceb 	 0.074
30 	 434 	 cda 	 0.073
31 	 597 	 bca 	 0.072
32 	 359 	 ffb 	 0.068
33 	 379 	 bae 	 0.068
34 	 538 	 eeg 	 0.067
35 	 390 	 dfe 	 0.067
36 	 308 	 fbf 	 0.066
37 	 339 	 afd 	 0.066
38 	 519 	 cca 	 0.065
39 	 504 	 daf 	 0.065
40 	 438 	 dbc 	 0.065
41 	 535 	 ada 	 0.064
42 	 529 	 adf 	 0.064
43 	 285 	 abg 	 0.064
44 	 410 	 bee 	 0.063
45 	 534 	 adc 	 0.063
46 	 407 	 bef 	 0.063
47 	 532 	 ade 	 0.062
48 	 371 	 gfc 	 0.061
49 	 384 	 ece 	 0.060
50 	 313 	 fed 	 0.060
51 	 274 	 cfe 	 0.058
52 	 288 	 dce 	 0.058
53 	 330 	 def 	 0.057
54 	 527 	 gdf 	 0.056
55 	 573 	 fda 	 0.056
56 	 353 	 egd 	 0.055
57 	 283 	 abe 	 0.055
58 	 289 	 dcb 	 0.054
59 	 418 	 aba 	 0.053
60 	 444 	 bfc 	 0.053
61 	 555 	 cgd 	 0.051
62 	 257 	 edb 	 0.051
63 	 368 	 dac 	 0.051
64 	 463 	 gbc 	 0.051
65 	 307 	 fbg 	 0.050
66 	 345 	 afc 	 0.049
67 	 334 	 gcb 	 0.049
68 	 428 	 abf 	 0.049
69 	 311 	 fef 	 0.049
70 	 488 	 bbf 	 0.049
71 	 472 	 baa 	 0.048
72 	 456 	 gee 	 0.048
73 	 517 	 ccg 	 0.048
74 	 263 	 ede 	 0.047
75 	 543 	 ddc 	 0.046
76 	 580 	 bcd 	 0.046
77 	 421 	 fcb 	 0.045
78 	 344 	 afb 	 0.045
79 	 378 	 aec 	 0.045
80 	 331 	 deg 	 0.045
81 	 271 	 cff 	 0.043
82 	 583 	 cbb 	 0.043
83 	 373 	 gff 	 0.043
84 	 539 	 eef 	 0.043
85 	 391 	 dfd 	 0.042
86 	 501 	 cab 	 0.041
87 	 558 	 acc 	 0.040
88 	 265 	 fac 	 0.040
89 	 436 	 cdc 	 0.040
90 	 560 	 aca 	 0.040
91 	 481 	 fge 	 0.039
92 	 349 	 ega 	 0.039
93 	 266 	 faa 	 0.039
94 	 482 	 fgf 	 0.038
95 	 365 	 cec 	 0.038
96 	 553 	 cgb 	 0.037
97 	 322 	 bgf 	 0.036
98 	 576 	 fde 	 0.036
99 	 520 	 ccc 	 0.035
100 	 413 	 efc 	 0.035
101 	 262 	 edd 	 0.035
102 	 569 	 eae 	 0.034
103 	 361 	 ceg 	 0.034
104 	 484 	 fga 	 0.034
105 	 521 	 ccb 	 0.034
106 	 258 	 edc 	 0.033
107 	 589 	 cbe 	 0.033
108 	 582 	 bcf 	 0.033
109 	 269 	 fad 	 0.032
110 	 442 	 dbg 	 0.032

*** mRMR features *** 
Order 	 Fea 	 Name 	 Score
1 	 536 	 eee 	 0.263
2 	 549 	 ddd 	 0.090
3 	 551 	 dcg 	 0.046
4 	 319 	 bgb 	 0.043
5 	 356 	 ffe 	 0.026
6 	 574 	 fdc 	 0.034
7 	 538 	 eeg 	 0.031
8 	 541 	 eec 	 0.038
9 	 591 	 bcb 	 0.037
10 	 431 	 cde 	 0.032
11 	 285 	 abg 	 0.032
12 	 537 	 eed 	 0.037
13 	 419 	 bdg 	 0.029
14 	 373 	 gff 	 0.025
15 	 398 	 aad 	 0.029
16 	 306 	 fba 	 0.029
17 	 527 	 gdf 	 0.025
18 	 287 	 cgc 	 0.028
19 	 502 	 dad 	 0.030
20 	 353 	 egd 	 0.027
21 	 305 	 fbb 	 0.030
22 	 290 	 dcc 	 0.025
23 	 420 	 fca 	 0.021
24 	 289 	 dcb 	 0.021
25 	 278 	 bde 	 0.019
26 	 417 	 efg 	 0.018
27 	 545 	 dda 	 0.018
28 	 288 	 dce 	 0.018
29 	 366 	 ceb 	 0.016
30 	 484 	 fga 	 0.014
31 	 355 	 fff 	 0.015
32 	 482 	 fgf 	 0.015
33 	 280 	 abb 	 0.013
34 	 556 	 cgg 	 0.012
35 	 371 	 gfc 	 0.013
36 	 456 	 gee 	 0.011
37 	 463 	 gbc 	 0.011
38 	 308 	 fbf 	 0.012
39 	 349 	 ega 	 0.012
40 	 334 	 gcb 	 0.011
41 	 384 	 ece 	 0.010
42 	 454 	 geg 	 0.010
43 	 361 	 ceg 	 0.009
44 	 557 	 cgf 	 0.010
45 	 529 	 adf 	 0.010
46 	 275 	 cfb 	 0.007
47 	 117 	 CCGT 	 0.007
48 	 411 	 efa 	 0.008
49 	 307 	 fbg 	 0.007
50 	 532 	 ade 	 0.006
51 	 297 	 ggb 	 0.006
52 	 376 	 gfe 	 0.006
53 	 339 	 afd 	 0.008
54 	 531 	 add 	 0.008
55 	 379 	 bae 	 0.006
56 	 517 	 ccg 	 0.006
57 	 503 	 dae 	 0.004
58 	 211 	 GGTG 	 0.004
59 	 526 	 gde 	 0.004
60 	 519 	 cca 	 0.004
61 	 351 	 egf 	 0.004
62 	 447 	 bfg 	 0.004
63 	 359 	 ffb 	 0.004
64 	 390 	 dfe 	 0.004
65 	 494 	 gag 	 0.003
66 	 646 	 length_ratio 	 0.002
67 	 214 	 AGCC 	 0.002
68 	 274 	 cfe 	 0.002
69 	 191 	 GTTC 	 0.002
70 	 597 	 bca 	 0.002
71 	 131 	 CTCG 	 0.002
72 	 444 	 bfc 	 0.002
73 	 272 	 cfg 	 0.002
74 	 573 	 fda 	 0.001
75 	 410 	 bee 	 0.002
76 	 407 	 bef 	 0.001
77 	 625 	 2mer_5 	 0.001
78 	 53 	 ACTA 	 0.001
79 	 123 	 TGGA 	 0.001
80 	 344 	 afb 	 0.001
81 	 345 	 afc 	 0.001
82 	 38 	 CCAC 	 0.001
83 	 257 	 edb 	 0.001
84 	 320 	 bgd 	 0.001
85 	 9 	 AGTA 	 0.001
86 	 434 	 cda 	 0.001
87 	 438 	 dbc 	 0.001
88 	 513 	 dgd 	 0.001
89 	 169 	 TGAC 	 0.000
90 	 91 	 TTCC 	 0.000
91 	 265 	 fac 	 0.001
92 	 245 	 CATC 	 0.000
93 	 483 	 fgg 	 0.000
94 	 150 	 ATTG 	 0.000
95 	 534 	 adc 	 0.000
96 	 206 	 ACCT 	 0.000
97 	 209 	 GAGT 	 0.000
98 	 283 	 abe 	 0.001
99 	 24 	 GAAC 	 -0.000
100 	 180 	 TATC 	 -0.000
101 	 507 	 dab 	 -0.000
102 	 106 	 TCAG 	 -0.000
103 	 618 	 3mer_18 	 -0.000
104 	 313 	 fed 	 -0.000
105 	 488 	 bbf 	 -0.000
106 	 337 	 gcg 	 -0.000
107 	 50 	 TAAT 	 -0.000
108 	 350 	 egg 	 -0.000
109 	 576 	 fde 	 -0.000
110 	 271 	 cff 	 -0.000


 *** This program and the respective minimum Redundancy Maximum Relevance (mRMR) 
     algorithm were developed by Hanchuan Peng <hanchuan.peng@gmail.com>for
     the paper 
     "Feature selection based on mutual information: criteria of 
      max-dependency, max-relevance, and min-redundancy,"
      Hanchuan Peng, Fuhui Long, and Chris Ding, 
      IEEE Transactions on Pattern Analysis and Machine Intelligence,
      Vol. 27, No. 8, pp.1226-1238, 2005.

