You have specified parameters: threshold=mu+/-0.20*sigma #fea=110 selection method=MID #maxVar=10000 #maxSample=12408

Target classification variable (#1 column in the input data) has name=class 	entropy score=1.000

*** MaxRel features ***
Order 	 Fea 	 Name 	 Score
1 	 536 	 eee 	 0.266
2 	 549 	 ddd 	 0.198
3 	 537 	 eed 	 0.146
4 	 398 	 aad 	 0.140
5 	 502 	 dad 	 0.132
6 	 356 	 ffe 	 0.130
7 	 574 	 fdc 	 0.129
8 	 541 	 eec 	 0.120
9 	 305 	 fbb 	 0.112
10 	 557 	 cgf 	 0.106
11 	 319 	 bgb 	 0.100
12 	 591 	 bcb 	 0.099
13 	 531 	 add 	 0.093
14 	 306 	 fba 	 0.093
15 	 431 	 cde 	 0.092
16 	 419 	 bdg 	 0.089
17 	 420 	 fca 	 0.088
18 	 503 	 dae 	 0.087
19 	 551 	 dcg 	 0.087
20 	 278 	 bde 	 0.087
21 	 280 	 abb 	 0.083
22 	 275 	 cfb 	 0.079
23 	 434 	 cda 	 0.078
24 	 355 	 fff 	 0.077
25 	 359 	 ffb 	 0.077
26 	 507 	 dab 	 0.076
27 	 366 	 ceb 	 0.076
28 	 535 	 ada 	 0.075
29 	 379 	 bae 	 0.075
30 	 597 	 bca 	 0.075
31 	 411 	 efa 	 0.074
32 	 290 	 dcc 	 0.073
33 	 287 	 cgc 	 0.072
34 	 390 	 dfe 	 0.071
35 	 410 	 bee 	 0.070
36 	 504 	 daf 	 0.067
37 	 519 	 cca 	 0.067
38 	 308 	 fbf 	 0.067
39 	 407 	 bef 	 0.065
40 	 538 	 eeg 	 0.065
41 	 534 	 adc 	 0.065
42 	 344 	 afb 	 0.065
43 	 555 	 cgd 	 0.064
44 	 532 	 ade 	 0.062
45 	 371 	 gfc 	 0.062
46 	 339 	 afd 	 0.062
47 	 330 	 def 	 0.062
48 	 353 	 egd 	 0.061
49 	 384 	 ece 	 0.061
50 	 545 	 dda 	 0.060
51 	 438 	 dbc 	 0.060
52 	 313 	 fed 	 0.059
53 	 285 	 abg 	 0.059
54 	 274 	 cfe 	 0.058
55 	 573 	 fda 	 0.057
56 	 283 	 abe 	 0.057
57 	 289 	 dcb 	 0.056
58 	 288 	 dce 	 0.055
59 	 529 	 adf 	 0.055
60 	 527 	 gdf 	 0.054
61 	 307 	 fbg 	 0.053
62 	 444 	 bfc 	 0.053
63 	 368 	 dac 	 0.052
64 	 488 	 bbf 	 0.052
65 	 257 	 edb 	 0.051
66 	 334 	 gcb 	 0.051
67 	 345 	 afc 	 0.050
68 	 263 	 ede 	 0.050
69 	 418 	 aba 	 0.050
70 	 543 	 ddc 	 0.050
71 	 463 	 gbc 	 0.049
72 	 539 	 eef 	 0.048
73 	 456 	 gee 	 0.048
74 	 472 	 baa 	 0.047
75 	 517 	 ccg 	 0.047
76 	 378 	 aec 	 0.047
77 	 311 	 fef 	 0.047
78 	 580 	 bcd 	 0.046
79 	 436 	 cdc 	 0.046
80 	 583 	 cbb 	 0.046
81 	 373 	 gff 	 0.045
82 	 582 	 bcf 	 0.045
83 	 481 	 fge 	 0.044
84 	 421 	 fcb 	 0.044
85 	 331 	 deg 	 0.044
86 	 265 	 fac 	 0.043
87 	 391 	 dfd 	 0.042
88 	 266 	 faa 	 0.042
89 	 501 	 cab 	 0.041
90 	 413 	 efc 	 0.041
91 	 550 	 dcf 	 0.040
92 	 428 	 abf 	 0.040
93 	 365 	 cec 	 0.039
94 	 271 	 cff 	 0.039
95 	 560 	 aca 	 0.039
96 	 558 	 acc 	 0.038
97 	 349 	 ega 	 0.038
98 	 482 	 fgf 	 0.038
99 	 484 	 fga 	 0.038
100 	 576 	 fde 	 0.037
101 	 588 	 cbd 	 0.037
102 	 258 	 edc 	 0.037
103 	 262 	 edd 	 0.037
104 	 361 	 ceg 	 0.035
105 	 442 	 dbg 	 0.034
106 	 376 	 gfe 	 0.034
107 	 553 	 cgb 	 0.034
108 	 520 	 ccc 	 0.033
109 	 321 	 bge 	 0.032
110 	 466 	 bag 	 0.032

*** mRMR features *** 
Order 	 Fea 	 Name 	 Score
1 	 536 	 eee 	 0.266
2 	 549 	 ddd 	 0.092
3 	 551 	 dcg 	 0.049
4 	 319 	 bgb 	 0.051
5 	 356 	 ffe 	 0.029
6 	 574 	 fdc 	 0.028
7 	 591 	 bcb 	 0.027
8 	 541 	 eec 	 0.031
9 	 538 	 eeg 	 0.031
10 	 537 	 eed 	 0.027
11 	 285 	 abg 	 0.027
12 	 419 	 bdg 	 0.029
13 	 306 	 fba 	 0.028
14 	 502 	 dad 	 0.027
15 	 353 	 egd 	 0.026
16 	 373 	 gff 	 0.026
17 	 398 	 aad 	 0.029
18 	 431 	 cde 	 0.029
19 	 527 	 gdf 	 0.026
20 	 287 	 cgc 	 0.027
21 	 420 	 fca 	 0.028
22 	 305 	 fbb 	 0.025
23 	 290 	 dcc 	 0.024
24 	 344 	 afb 	 0.022
25 	 289 	 dcb 	 0.021
26 	 355 	 fff 	 0.018
27 	 417 	 efg 	 0.018
28 	 484 	 fga 	 0.017
29 	 366 	 ceb 	 0.017
30 	 288 	 dce 	 0.017
31 	 482 	 fgf 	 0.015
32 	 280 	 abb 	 0.016
33 	 556 	 cgg 	 0.013
34 	 503 	 dae 	 0.013
35 	 371 	 gfc 	 0.012
36 	 278 	 bde 	 0.013
37 	 456 	 gee 	 0.011
38 	 349 	 ega 	 0.011
39 	 557 	 cgf 	 0.012
40 	 361 	 ceg 	 0.010
41 	 454 	 geg 	 0.011
42 	 334 	 gcb 	 0.010
43 	 463 	 gbc 	 0.010
44 	 359 	 ffb 	 0.010
45 	 379 	 bae 	 0.010
46 	 307 	 fbg 	 0.008
47 	 384 	 ece 	 0.008
48 	 308 	 fbf 	 0.009
49 	 275 	 cfb 	 0.006
50 	 117 	 CCGT 	 0.006
51 	 376 	 gfe 	 0.007
52 	 531 	 add 	 0.008
53 	 532 	 ade 	 0.007
54 	 297 	 ggb 	 0.006
55 	 351 	 egf 	 0.005
56 	 447 	 bfg 	 0.006
57 	 519 	 cca 	 0.005
58 	 339 	 afd 	 0.005
59 	 411 	 efa 	 0.006
60 	 390 	 dfe 	 0.004
61 	 214 	 AGCC 	 0.004
62 	 529 	 adf 	 0.005
63 	 526 	 gde 	 0.005
64 	 545 	 dda 	 0.005
65 	 517 	 ccg 	 0.004
66 	 646 	 length_ratio 	 0.004
67 	 410 	 bee 	 0.003
68 	 320 	 bgd 	 0.003
69 	 191 	 GTTC 	 0.003
70 	 597 	 bca 	 0.002
71 	 494 	 gag 	 0.002
72 	 407 	 bef 	 0.002
73 	 17 	 TAGC 	 0.002
74 	 44 	 TAAC 	 0.002
75 	 573 	 fda 	 0.002
76 	 434 	 cda 	 0.003
77 	 131 	 CTCG 	 0.001
78 	 274 	 cfe 	 0.002
79 	 265 	 fac 	 0.001
80 	 220 	 TTGA 	 0.001
81 	 345 	 afc 	 0.001
82 	 9 	 AGTA 	 0.001
83 	 444 	 bfc 	 0.001
84 	 513 	 dgd 	 0.001
85 	 87 	 AGGT 	 0.001
86 	 209 	 GAGT 	 0.001
87 	 257 	 edb 	 0.001
88 	 24 	 GAAC 	 0.001
89 	 555 	 cgd 	 0.001
90 	 159 	 TTTC 	 0.000
91 	 123 	 TGGA 	 0.000
92 	 483 	 fgg 	 0.000
93 	 1 	 GTAC 	 0.000
94 	 534 	 adc 	 0.001
95 	 272 	 cfg 	 0.000
96 	 438 	 dbc 	 0.001
97 	 283 	 abe 	 0.000
98 	 180 	 TATC 	 0.000
99 	 241 	 TACA 	 0.000
100 	 507 	 dab 	 0.001
101 	 150 	 ATTG 	 -0.000
102 	 488 	 bbf 	 0.000
103 	 169 	 TGAC 	 -0.000
104 	 190 	 GTTA 	 -0.000
105 	 481 	 fge 	 -0.000
106 	 215 	 TTGT 	 -0.000
107 	 337 	 gcg 	 -0.000
108 	 53 	 ACTA 	 -0.000
109 	 535 	 ada 	 0.000
110 	 576 	 fde 	 0.000


 *** This program and the respective minimum Redundancy Maximum Relevance (mRMR) 
     algorithm were developed by Hanchuan Peng <hanchuan.peng@gmail.com>for
     the paper 
     "Feature selection based on mutual information: criteria of 
      max-dependency, max-relevance, and min-redundancy,"
      Hanchuan Peng, Fuhui Long, and Chris Ding, 
      IEEE Transactions on Pattern Analysis and Machine Intelligence,
      Vol. 27, No. 8, pp.1226-1238, 2005.

