You have specified parameters: threshold=mu+/-0.20*sigma #fea=110 selection method=MID #maxVar=10000 #maxSample=12408

Target classification variable (#1 column in the input data) has name=class 	entropy score=1.000

*** MaxRel features ***
Order 	 Fea 	 Name 	 Score
1 	 536 	 eee 	 0.267
2 	 549 	 ddd 	 0.191
3 	 537 	 eed 	 0.139
4 	 398 	 aad 	 0.137
5 	 574 	 fdc 	 0.132
6 	 356 	 ffe 	 0.127
7 	 502 	 dad 	 0.123
8 	 541 	 eec 	 0.120
9 	 305 	 fbb 	 0.118
10 	 431 	 cde 	 0.110
11 	 557 	 cgf 	 0.107
12 	 591 	 bcb 	 0.102
13 	 278 	 bde 	 0.098
14 	 319 	 bgb 	 0.091
15 	 306 	 fba 	 0.090
16 	 280 	 abb 	 0.090
17 	 531 	 add 	 0.088
18 	 420 	 fca 	 0.087
19 	 551 	 dcg 	 0.082
20 	 503 	 dae 	 0.082
21 	 507 	 dab 	 0.080
22 	 419 	 bdg 	 0.080
23 	 355 	 fff 	 0.079
24 	 275 	 cfb 	 0.078
25 	 434 	 cda 	 0.077
26 	 359 	 ffb 	 0.076
27 	 287 	 cgc 	 0.076
28 	 411 	 efa 	 0.075
29 	 597 	 bca 	 0.075
30 	 366 	 ceb 	 0.074
31 	 535 	 ada 	 0.072
32 	 379 	 bae 	 0.071
33 	 504 	 daf 	 0.071
34 	 390 	 dfe 	 0.070
35 	 290 	 dcc 	 0.069
36 	 344 	 afb 	 0.066
37 	 285 	 abg 	 0.064
38 	 519 	 cca 	 0.064
39 	 410 	 bee 	 0.064
40 	 339 	 afd 	 0.063
41 	 529 	 adf 	 0.063
42 	 371 	 gfc 	 0.063
43 	 438 	 dbc 	 0.062
44 	 407 	 bef 	 0.062
45 	 308 	 fbf 	 0.061
46 	 538 	 eeg 	 0.061
47 	 532 	 ade 	 0.061
48 	 313 	 fed 	 0.061
49 	 330 	 def 	 0.060
50 	 555 	 cgd 	 0.060
51 	 573 	 fda 	 0.059
52 	 534 	 adc 	 0.059
53 	 274 	 cfe 	 0.059
54 	 384 	 ece 	 0.058
55 	 288 	 dce 	 0.057
56 	 258 	 edc 	 0.056
57 	 283 	 abe 	 0.056
58 	 527 	 gdf 	 0.054
59 	 353 	 egd 	 0.054
60 	 368 	 dac 	 0.054
61 	 289 	 dcb 	 0.054
62 	 545 	 dda 	 0.053
63 	 418 	 aba 	 0.052
64 	 345 	 afc 	 0.051
65 	 334 	 gcb 	 0.051
66 	 263 	 ede 	 0.051
67 	 257 	 edb 	 0.051
68 	 472 	 baa 	 0.050
69 	 444 	 bfc 	 0.050
70 	 463 	 gbc 	 0.049
71 	 307 	 fbg 	 0.049
72 	 378 	 aec 	 0.047
73 	 436 	 cdc 	 0.047
74 	 421 	 fcb 	 0.046
75 	 373 	 gff 	 0.046
76 	 456 	 gee 	 0.045
77 	 543 	 ddc 	 0.045
78 	 539 	 eef 	 0.045
79 	 517 	 ccg 	 0.045
80 	 311 	 fef 	 0.045
81 	 580 	 bcd 	 0.044
82 	 391 	 dfd 	 0.043
83 	 428 	 abf 	 0.042
84 	 583 	 cbb 	 0.042
85 	 271 	 cff 	 0.042
86 	 349 	 ega 	 0.041
87 	 331 	 deg 	 0.041
88 	 550 	 dcf 	 0.041
89 	 266 	 faa 	 0.040
90 	 560 	 aca 	 0.040
91 	 501 	 cab 	 0.040
92 	 482 	 fgf 	 0.040
93 	 365 	 cec 	 0.039
94 	 361 	 ceg 	 0.039
95 	 481 	 fge 	 0.039
96 	 558 	 acc 	 0.038
97 	 413 	 efc 	 0.037
98 	 582 	 bcf 	 0.036
99 	 265 	 fac 	 0.035
100 	 322 	 bgf 	 0.035
101 	 521 	 ccb 	 0.035
102 	 262 	 edd 	 0.034
103 	 304 	 fbc 	 0.033
104 	 553 	 cgb 	 0.033
105 	 417 	 efg 	 0.033
106 	 588 	 cbd 	 0.033
107 	 453 	 gea 	 0.033
108 	 575 	 fdb 	 0.032
109 	 442 	 dbg 	 0.032
110 	 569 	 eae 	 0.031

*** mRMR features *** 
Order 	 Fea 	 Name 	 Score
1 	 536 	 eee 	 0.267
2 	 549 	 ddd 	 0.098
3 	 551 	 dcg 	 0.045
4 	 420 	 fca 	 0.040
5 	 591 	 bcb 	 0.042
6 	 356 	 ffe 	 0.053
7 	 398 	 aad 	 0.046
8 	 538 	 eeg 	 0.032
9 	 537 	 eed 	 0.037
10 	 285 	 abg 	 0.033
11 	 305 	 fbb 	 0.031
12 	 574 	 fdc 	 0.026
13 	 541 	 eec 	 0.026
14 	 419 	 bdg 	 0.028
15 	 373 	 gff 	 0.026
16 	 502 	 dad 	 0.029
17 	 287 	 cgc 	 0.028
18 	 527 	 gdf 	 0.025
19 	 431 	 cde 	 0.026
20 	 353 	 egd 	 0.026
21 	 306 	 fba 	 0.024
22 	 289 	 dcb 	 0.023
23 	 290 	 dcc 	 0.024
24 	 344 	 afb 	 0.023
25 	 278 	 bde 	 0.022
26 	 417 	 efg 	 0.018
27 	 288 	 dce 	 0.019
28 	 503 	 dae 	 0.019
29 	 371 	 gfc 	 0.016
30 	 280 	 abb 	 0.017
31 	 529 	 adf 	 0.015
32 	 349 	 ega 	 0.014
33 	 361 	 ceg 	 0.015
34 	 482 	 fgf 	 0.015
35 	 557 	 cgf 	 0.015
36 	 454 	 geg 	 0.013
37 	 355 	 fff 	 0.013
38 	 456 	 gee 	 0.013
39 	 463 	 gbc 	 0.014
40 	 334 	 gcb 	 0.013
41 	 366 	 ceb 	 0.012
42 	 484 	 fga 	 0.011
43 	 556 	 cgg 	 0.010
44 	 275 	 cfb 	 0.011
45 	 319 	 bgb 	 0.009
46 	 307 	 fbg 	 0.009
47 	 379 	 bae 	 0.008
48 	 359 	 ffb 	 0.007
49 	 376 	 gfe 	 0.007
50 	 351 	 egf 	 0.007
51 	 211 	 GGTG 	 0.007
52 	 531 	 add 	 0.008
53 	 411 	 efa 	 0.006
54 	 447 	 bfg 	 0.005
55 	 526 	 gde 	 0.005
56 	 384 	 ece 	 0.005
57 	 390 	 dfe 	 0.006
58 	 517 	 ccg 	 0.005
59 	 87 	 AGGT 	 0.005
60 	 308 	 fbf 	 0.005
61 	 532 	 ade 	 0.006
62 	 297 	 ggb 	 0.005
63 	 339 	 afd 	 0.005
64 	 519 	 cca 	 0.006
65 	 214 	 AGCC 	 0.003
66 	 597 	 bca 	 0.004
67 	 494 	 gag 	 0.002
68 	 240 	 CACC 	 0.002
69 	 573 	 fda 	 0.003
70 	 407 	 bef 	 0.002
71 	 131 	 CTCG 	 0.002
72 	 410 	 bee 	 0.002
73 	 274 	 cfe 	 0.002
74 	 150 	 ATTG 	 0.002
75 	 320 	 bgd 	 0.002
76 	 434 	 cda 	 0.002
77 	 17 	 TAGC 	 0.001
78 	 272 	 cfg 	 0.002
79 	 345 	 afc 	 0.001
80 	 257 	 edb 	 0.001
81 	 53 	 ACTA 	 0.001
82 	 191 	 GTTC 	 0.001
83 	 640 	 T_pos 	 0.001
84 	 545 	 dda 	 0.001
85 	 169 	 TGAC 	 0.001
86 	 444 	 bfc 	 0.001
87 	 24 	 GAAC 	 0.001
88 	 438 	 dbc 	 0.001
89 	 55 	 TCTC 	 0.001
90 	 513 	 dgd 	 0.001
91 	 603 	 3mer_3 	 0.000
92 	 555 	 cgd 	 0.001
93 	 219 	 GAGC 	 0.000
94 	 507 	 dab 	 0.000
95 	 483 	 fgg 	 0.000
96 	 1 	 GTAC 	 0.000
97 	 123 	 TGGA 	 0.000
98 	 504 	 daf 	 0.000
99 	 252 	 TCCG 	 -0.000
100 	 313 	 fed 	 0.000
101 	 261 	 edg 	 -0.000
102 	 263 	 ede 	 -0.000
103 	 220 	 TTGA 	 -0.000
104 	 337 	 gcg 	 -0.000
105 	 91 	 TTCC 	 -0.000
106 	 271 	 cff 	 -0.000
107 	 330 	 def 	 -0.000
108 	 628 	 2mer_8 	 -0.000
109 	 160 	 TTTG 	 -0.000
110 	 350 	 egg 	 -0.001


 *** This program and the respective minimum Redundancy Maximum Relevance (mRMR) 
     algorithm were developed by Hanchuan Peng <hanchuan.peng@gmail.com>for
     the paper 
     "Feature selection based on mutual information: criteria of 
      max-dependency, max-relevance, and min-redundancy,"
      Hanchuan Peng, Fuhui Long, and Chris Ding, 
      IEEE Transactions on Pattern Analysis and Machine Intelligence,
      Vol. 27, No. 8, pp.1226-1238, 2005.

