You have specified parameters: threshold=mu+/-0.20*sigma #fea=110 selection method=MID #maxVar=10000 #maxSample=12408

Target classification variable (#1 column in the input data) has name=class 	entropy score=1.000

*** MaxRel features ***
Order 	 Fea 	 Name 	 Score
1 	 536 	 eee 	 0.262
2 	 549 	 ddd 	 0.195
3 	 537 	 eed 	 0.145
4 	 574 	 fdc 	 0.143
5 	 398 	 aad 	 0.135
6 	 502 	 dad 	 0.127
7 	 356 	 ffe 	 0.121
8 	 557 	 cgf 	 0.116
9 	 541 	 eec 	 0.116
10 	 305 	 fbb 	 0.112
11 	 591 	 bcb 	 0.100
12 	 431 	 cde 	 0.098
13 	 278 	 bde 	 0.095
14 	 319 	 bgb 	 0.095
15 	 280 	 abb 	 0.094
16 	 531 	 add 	 0.094
17 	 420 	 fca 	 0.090
18 	 306 	 fba 	 0.085
19 	 545 	 dda 	 0.084
20 	 419 	 bdg 	 0.084
21 	 551 	 dcg 	 0.083
22 	 355 	 fff 	 0.081
23 	 503 	 dae 	 0.077
24 	 275 	 cfb 	 0.077
25 	 287 	 cgc 	 0.074
26 	 411 	 efa 	 0.074
27 	 290 	 dcc 	 0.073
28 	 597 	 bca 	 0.073
29 	 379 	 bae 	 0.072
30 	 434 	 cda 	 0.072
31 	 359 	 ffb 	 0.070
32 	 535 	 ada 	 0.069
33 	 507 	 dab 	 0.069
34 	 390 	 dfe 	 0.069
35 	 504 	 daf 	 0.068
36 	 339 	 afd 	 0.068
37 	 410 	 bee 	 0.067
38 	 519 	 cca 	 0.066
39 	 344 	 afb 	 0.065
40 	 529 	 adf 	 0.064
41 	 438 	 dbc 	 0.064
42 	 308 	 fbf 	 0.064
43 	 538 	 eeg 	 0.064
44 	 313 	 fed 	 0.061
45 	 330 	 def 	 0.061
46 	 407 	 bef 	 0.061
47 	 285 	 abg 	 0.060
48 	 371 	 gfc 	 0.060
49 	 534 	 adc 	 0.059
50 	 573 	 fda 	 0.059
51 	 555 	 cgd 	 0.058
52 	 274 	 cfe 	 0.058
53 	 532 	 ade 	 0.057
54 	 288 	 dce 	 0.056
55 	 527 	 gdf 	 0.055
56 	 283 	 abe 	 0.055
57 	 289 	 dcb 	 0.053
58 	 257 	 edb 	 0.052
59 	 444 	 bfc 	 0.052
60 	 353 	 egd 	 0.052
61 	 418 	 aba 	 0.052
62 	 368 	 dac 	 0.051
63 	 263 	 ede 	 0.051
64 	 463 	 gbc 	 0.050
65 	 472 	 baa 	 0.049
66 	 334 	 gcb 	 0.048
67 	 517 	 ccg 	 0.048
68 	 436 	 cdc 	 0.047
69 	 307 	 fbg 	 0.047
70 	 311 	 fef 	 0.046
71 	 543 	 ddc 	 0.046
72 	 456 	 gee 	 0.045
73 	 378 	 aec 	 0.045
74 	 539 	 eef 	 0.045
75 	 481 	 fge 	 0.045
76 	 583 	 cbb 	 0.044
77 	 373 	 gff 	 0.044
78 	 580 	 bcd 	 0.043
79 	 421 	 fcb 	 0.043
80 	 582 	 bcf 	 0.043
81 	 413 	 efc 	 0.041
82 	 501 	 cab 	 0.041
83 	 558 	 acc 	 0.040
84 	 262 	 edd 	 0.040
85 	 349 	 ega 	 0.040
86 	 428 	 abf 	 0.040
87 	 365 	 cec 	 0.040
88 	 331 	 deg 	 0.039
89 	 391 	 dfd 	 0.039
90 	 266 	 faa 	 0.038
91 	 576 	 fde 	 0.038
92 	 560 	 aca 	 0.037
93 	 361 	 ceg 	 0.037
94 	 265 	 fac 	 0.036
95 	 520 	 ccc 	 0.036
96 	 482 	 fgf 	 0.035
97 	 588 	 cbd 	 0.035
98 	 304 	 fbc 	 0.035
99 	 271 	 cff 	 0.035
100 	 575 	 fdb 	 0.035
101 	 322 	 bgf 	 0.034
102 	 484 	 fga 	 0.034
103 	 442 	 dbg 	 0.034
104 	 553 	 cgb 	 0.033
105 	 589 	 cbe 	 0.033
106 	 569 	 eae 	 0.033
107 	 453 	 gea 	 0.033
108 	 321 	 bge 	 0.032
109 	 376 	 gfe 	 0.032
110 	 550 	 dcf 	 0.031

*** mRMR features *** 
Order 	 Fea 	 Name 	 Score
1 	 536 	 eee 	 0.262
2 	 549 	 ddd 	 0.095
3 	 551 	 dcg 	 0.047
4 	 319 	 bgb 	 0.043
5 	 574 	 fdc 	 0.032
6 	 356 	 ffe 	 0.031
7 	 591 	 bcb 	 0.027
8 	 538 	 eeg 	 0.027
9 	 431 	 cde 	 0.034
10 	 541 	 eec 	 0.032
11 	 285 	 abg 	 0.032
12 	 537 	 eed 	 0.036
13 	 419 	 bdg 	 0.029
14 	 373 	 gff 	 0.025
15 	 502 	 dad 	 0.026
16 	 420 	 fca 	 0.026
17 	 287 	 cgc 	 0.028
18 	 527 	 gdf 	 0.028
19 	 398 	 aad 	 0.030
20 	 353 	 egd 	 0.025
21 	 305 	 fbb 	 0.028
22 	 290 	 dcc 	 0.023
23 	 289 	 dcb 	 0.022
24 	 306 	 fba 	 0.023
25 	 344 	 afb 	 0.021
26 	 280 	 abb 	 0.022
27 	 545 	 dda 	 0.020
28 	 355 	 fff 	 0.018
29 	 288 	 dce 	 0.019
30 	 417 	 efg 	 0.018
31 	 484 	 fga 	 0.015
32 	 371 	 gfc 	 0.014
33 	 278 	 bde 	 0.014
34 	 482 	 fgf 	 0.014
35 	 556 	 cgg 	 0.012
36 	 557 	 cgf 	 0.013
37 	 361 	 ceg 	 0.012
38 	 349 	 ega 	 0.012
39 	 529 	 adf 	 0.011
40 	 456 	 gee 	 0.012
41 	 463 	 gbc 	 0.012
42 	 334 	 gcb 	 0.011
43 	 454 	 geg 	 0.010
44 	 379 	 bae 	 0.011
45 	 531 	 add 	 0.009
46 	 307 	 fbg 	 0.007
47 	 275 	 cfb 	 0.007
48 	 117 	 CCGT 	 0.007
49 	 359 	 ffb 	 0.007
50 	 339 	 afd 	 0.008
51 	 376 	 gfe 	 0.006
52 	 447 	 bfg 	 0.006
53 	 526 	 gde 	 0.006
54 	 411 	 efa 	 0.006
55 	 297 	 ggb 	 0.006
56 	 308 	 fbf 	 0.007
57 	 532 	 ade 	 0.006
58 	 517 	 ccg 	 0.005
59 	 519 	 cca 	 0.005
60 	 351 	 egf 	 0.004
61 	 211 	 GGTG 	 0.004
62 	 503 	 dae 	 0.005
63 	 53 	 ACTA 	 0.003
64 	 390 	 dfe 	 0.004
65 	 494 	 gag 	 0.002
66 	 410 	 bee 	 0.003
67 	 646 	 length_ratio 	 0.002
68 	 257 	 edb 	 0.003
69 	 320 	 bgd 	 0.002
70 	 573 	 fda 	 0.003
71 	 112 	 ATCC 	 0.002
72 	 597 	 bca 	 0.002
73 	 191 	 GTTC 	 0.002
74 	 274 	 cfe 	 0.002
75 	 169 	 TGAC 	 0.001
76 	 407 	 bef 	 0.001
77 	 91 	 TTCC 	 0.001
78 	 513 	 dgd 	 0.001
79 	 240 	 CACC 	 0.001
80 	 263 	 ede 	 0.001
81 	 160 	 TTTG 	 0.001
82 	 96 	 GATA 	 0.001
83 	 214 	 AGCC 	 0.000
84 	 434 	 cda 	 0.001
85 	 444 	 bfc 	 0.001
86 	 483 	 fgg 	 0.000
87 	 438 	 dbc 	 0.001
88 	 209 	 GAGT 	 0.000
89 	 272 	 cfg 	 0.000
90 	 245 	 CATC 	 0.000
91 	 283 	 abe 	 0.001
92 	 625 	 2mer_5 	 0.000
93 	 190 	 GTTA 	 0.000
94 	 24 	 GAAC 	 0.000
95 	 576 	 fde 	 0.000
96 	 17 	 TAGC 	 0.000
97 	 330 	 def 	 0.000
98 	 1 	 GTAC 	 -0.000
99 	 555 	 cgd 	 0.000
100 	 241 	 TACA 	 -0.000
101 	 481 	 fge 	 0.000
102 	 337 	 gcg 	 -0.000
103 	 313 	 fed 	 -0.000
104 	 219 	 GAGC 	 -0.000
105 	 559 	 acb 	 -0.000
106 	 350 	 egg 	 -0.000
107 	 163 	 GCAG 	 -0.000
108 	 507 	 dab 	 -0.000
109 	 150 	 ATTG 	 -0.000
110 	 534 	 adc 	 -0.000


 *** This program and the respective minimum Redundancy Maximum Relevance (mRMR) 
     algorithm were developed by Hanchuan Peng <hanchuan.peng@gmail.com>for
     the paper 
     "Feature selection based on mutual information: criteria of 
      max-dependency, max-relevance, and min-redundancy,"
      Hanchuan Peng, Fuhui Long, and Chris Ding, 
      IEEE Transactions on Pattern Analysis and Machine Intelligence,
      Vol. 27, No. 8, pp.1226-1238, 2005.

