You have specified parameters: threshold=mu+/-0.20*sigma #fea=110 selection method=MID #maxVar=10000 #maxSample=12408

Target classification variable (#1 column in the input data) has name=class 	entropy score=1.000

*** MaxRel features ***
Order 	 Fea 	 Name 	 Score
1 	 536 	 eee 	 0.265
2 	 549 	 ddd 	 0.186
3 	 537 	 eed 	 0.141
4 	 574 	 fdc 	 0.138
5 	 398 	 aad 	 0.136
6 	 356 	 ffe 	 0.128
7 	 541 	 eec 	 0.123
8 	 305 	 fbb 	 0.123
9 	 502 	 dad 	 0.122
10 	 431 	 cde 	 0.110
11 	 557 	 cgf 	 0.107
12 	 591 	 bcb 	 0.099
13 	 278 	 bde 	 0.093
14 	 531 	 add 	 0.091
15 	 280 	 abb 	 0.090
16 	 306 	 fba 	 0.090
17 	 319 	 bgb 	 0.090
18 	 420 	 fca 	 0.087
19 	 551 	 dcg 	 0.086
20 	 419 	 bdg 	 0.085
21 	 355 	 fff 	 0.083
22 	 287 	 cgc 	 0.079
23 	 379 	 bae 	 0.075
24 	 411 	 efa 	 0.074
25 	 504 	 daf 	 0.073
26 	 366 	 ceb 	 0.073
27 	 507 	 dab 	 0.073
28 	 434 	 cda 	 0.072
29 	 503 	 dae 	 0.072
30 	 275 	 cfb 	 0.072
31 	 597 	 bca 	 0.072
32 	 290 	 dcc 	 0.071
33 	 359 	 ffb 	 0.071
34 	 390 	 dfe 	 0.071
35 	 407 	 bef 	 0.068
36 	 529 	 adf 	 0.068
37 	 535 	 ada 	 0.065
38 	 532 	 ade 	 0.064
39 	 371 	 gfc 	 0.064
40 	 538 	 eeg 	 0.063
41 	 519 	 cca 	 0.063
42 	 339 	 afd 	 0.063
43 	 344 	 afb 	 0.062
44 	 313 	 fed 	 0.062
45 	 308 	 fbf 	 0.062
46 	 410 	 bee 	 0.061
47 	 353 	 egd 	 0.061
48 	 555 	 cgd 	 0.060
49 	 384 	 ece 	 0.060
50 	 285 	 abg 	 0.060
51 	 330 	 def 	 0.057
52 	 283 	 abe 	 0.057
53 	 534 	 adc 	 0.056
54 	 288 	 dce 	 0.056
55 	 545 	 dda 	 0.056
56 	 289 	 dcb 	 0.055
57 	 274 	 cfe 	 0.055
58 	 257 	 edb 	 0.054
59 	 573 	 fda 	 0.053
60 	 527 	 gdf 	 0.052
61 	 472 	 baa 	 0.052
62 	 438 	 dbc 	 0.052
63 	 368 	 dac 	 0.051
64 	 418 	 aba 	 0.049
65 	 580 	 bcd 	 0.049
66 	 463 	 gbc 	 0.049
67 	 307 	 fbg 	 0.049
68 	 334 	 gcb 	 0.048
69 	 263 	 ede 	 0.048
70 	 543 	 ddc 	 0.047
71 	 421 	 fcb 	 0.046
72 	 539 	 eef 	 0.046
73 	 517 	 ccg 	 0.046
74 	 311 	 fef 	 0.045
75 	 444 	 bfc 	 0.045
76 	 436 	 cdc 	 0.045
77 	 456 	 gee 	 0.044
78 	 378 	 aec 	 0.044
79 	 428 	 abf 	 0.042
80 	 265 	 fac 	 0.042
81 	 481 	 fge 	 0.042
82 	 583 	 cbb 	 0.041
83 	 373 	 gff 	 0.041
84 	 271 	 cff 	 0.040
85 	 413 	 efc 	 0.040
86 	 501 	 cab 	 0.040
87 	 331 	 deg 	 0.040
88 	 560 	 aca 	 0.040
89 	 266 	 faa 	 0.039
90 	 365 	 cec 	 0.039
91 	 391 	 dfd 	 0.038
92 	 349 	 ega 	 0.038
93 	 582 	 bcf 	 0.038
94 	 576 	 fde 	 0.038
95 	 361 	 ceg 	 0.037
96 	 558 	 acc 	 0.036
97 	 575 	 fdb 	 0.035
98 	 322 	 bgf 	 0.035
99 	 258 	 edc 	 0.034
100 	 482 	 fgf 	 0.034
101 	 484 	 fga 	 0.033
102 	 417 	 efg 	 0.032
103 	 304 	 fbc 	 0.032
104 	 550 	 dcf 	 0.031
105 	 521 	 ccb 	 0.031
106 	 589 	 cbe 	 0.031
107 	 520 	 ccc 	 0.031
108 	 599 	 bcc 	 0.031
109 	 376 	 gfe 	 0.030
110 	 269 	 fad 	 0.030

*** mRMR features *** 
Order 	 Fea 	 Name 	 Score
1 	 536 	 eee 	 0.265
2 	 549 	 ddd 	 0.092
3 	 551 	 dcg 	 0.044
4 	 420 	 fca 	 0.040
5 	 591 	 bcb 	 0.042
6 	 537 	 eed 	 0.049
7 	 356 	 ffe 	 0.038
8 	 538 	 eeg 	 0.034
9 	 398 	 aad 	 0.041
10 	 574 	 fdc 	 0.037
11 	 373 	 gff 	 0.026
12 	 541 	 eec 	 0.033
13 	 419 	 bdg 	 0.032
14 	 287 	 cgc 	 0.029
15 	 502 	 dad 	 0.032
16 	 527 	 gdf 	 0.027
17 	 431 	 cde 	 0.030
18 	 353 	 egd 	 0.029
19 	 290 	 dcc 	 0.025
20 	 305 	 fbb 	 0.027
21 	 306 	 fba 	 0.023
22 	 285 	 abg 	 0.023
23 	 289 	 dcb 	 0.024
24 	 344 	 afb 	 0.021
25 	 355 	 fff 	 0.021
26 	 417 	 efg 	 0.019
27 	 280 	 abb 	 0.020
28 	 288 	 dce 	 0.018
29 	 529 	 adf 	 0.016
30 	 371 	 gfc 	 0.015
31 	 278 	 bde 	 0.014
32 	 454 	 geg 	 0.014
33 	 484 	 fga 	 0.014
34 	 557 	 cgf 	 0.016
35 	 456 	 gee 	 0.013
36 	 482 	 fgf 	 0.012
37 	 349 	 ega 	 0.012
38 	 531 	 add 	 0.012
39 	 379 	 bae 	 0.012
40 	 361 	 ceg 	 0.011
41 	 463 	 gbc 	 0.011
42 	 334 	 gcb 	 0.010
43 	 532 	 ade 	 0.011
44 	 556 	 cgg 	 0.011
45 	 307 	 fbg 	 0.009
46 	 319 	 bgb 	 0.009
47 	 117 	 CCGT 	 0.007
48 	 308 	 fbf 	 0.007
49 	 351 	 egf 	 0.006
50 	 366 	 ceb 	 0.007
51 	 376 	 gfe 	 0.006
52 	 359 	 ffb 	 0.007
53 	 384 	 ece 	 0.006
54 	 390 	 dfe 	 0.006
55 	 275 	 cfb 	 0.005
56 	 517 	 ccg 	 0.005
57 	 297 	 ggb 	 0.005
58 	 166 	 TGAG 	 0.005
59 	 407 	 bef 	 0.005
60 	 519 	 cca 	 0.004
61 	 447 	 bfg 	 0.005
62 	 526 	 gde 	 0.004
63 	 411 	 efa 	 0.004
64 	 169 	 TGAC 	 0.004
65 	 339 	 afd 	 0.005
66 	 545 	 dda 	 0.004
67 	 214 	 AGCC 	 0.003
68 	 646 	 length_ratio 	 0.003
69 	 257 	 edb 	 0.003
70 	 17 	 TAGC 	 0.002
71 	 597 	 bca 	 0.003
72 	 503 	 dae 	 0.003
73 	 191 	 GTTC 	 0.002
74 	 494 	 gag 	 0.002
75 	 53 	 ACTA 	 0.001
76 	 265 	 fac 	 0.002
77 	 410 	 bee 	 0.001
78 	 96 	 GATA 	 0.001
79 	 272 	 cfg 	 0.001
80 	 320 	 bgd 	 0.001
81 	 513 	 dgd 	 0.001
82 	 573 	 fda 	 0.001
83 	 434 	 cda 	 0.001
84 	 131 	 CTCG 	 0.001
85 	 24 	 GAAC 	 0.000
86 	 576 	 fde 	 0.001
87 	 504 	 daf 	 0.001
88 	 159 	 TTTC 	 0.000
89 	 215 	 TTGT 	 0.000
90 	 274 	 cfe 	 0.001
91 	 190 	 GTTA 	 0.000
92 	 555 	 cgd 	 0.001
93 	 110 	 ATCG 	 0.000
94 	 483 	 fgg 	 0.000
95 	 50 	 TAAT 	 0.000
96 	 163 	 GCAG 	 -0.000
97 	 313 	 fed 	 -0.000
98 	 337 	 gcg 	 -0.000
99 	 133 	 TCGT 	 -0.000
100 	 121 	 CTCC 	 -0.000
101 	 263 	 ede 	 -0.000
102 	 481 	 fge 	 0.000
103 	 123 	 TGGA 	 -0.000
104 	 580 	 bcd 	 0.000
105 	 52 	 TCTG 	 -0.000
106 	 507 	 dab 	 0.000
107 	 350 	 egg 	 -0.000
108 	 206 	 ACCT 	 -0.000
109 	 219 	 GAGC 	 -0.000
110 	 283 	 abe 	 -0.000


 *** This program and the respective minimum Redundancy Maximum Relevance (mRMR) 
     algorithm were developed by Hanchuan Peng <hanchuan.peng@gmail.com>for
     the paper 
     "Feature selection based on mutual information: criteria of 
      max-dependency, max-relevance, and min-redundancy,"
      Hanchuan Peng, Fuhui Long, and Chris Ding, 
      IEEE Transactions on Pattern Analysis and Machine Intelligence,
      Vol. 27, No. 8, pp.1226-1238, 2005.

