You have specified parameters: threshold=mu+/-0.20*sigma #fea=110 selection method=MID #maxVar=10000 #maxSample=12408

Target classification variable (#1 column in the input data) has name=class 	entropy score=1.000

*** MaxRel features ***
Order 	 Fea 	 Name 	 Score
1 	 536 	 eee 	 0.264
2 	 549 	 ddd 	 0.188
3 	 537 	 eed 	 0.143
4 	 398 	 aad 	 0.141
5 	 574 	 fdc 	 0.135
6 	 356 	 ffe 	 0.132
7 	 541 	 eec 	 0.121
8 	 502 	 dad 	 0.116
9 	 305 	 fbb 	 0.115
10 	 431 	 cde 	 0.111
11 	 557 	 cgf 	 0.109
12 	 531 	 add 	 0.101
13 	 319 	 bgb 	 0.097
14 	 278 	 bde 	 0.094
15 	 306 	 fba 	 0.094
16 	 551 	 dcg 	 0.092
17 	 419 	 bdg 	 0.091
18 	 420 	 fca 	 0.087
19 	 503 	 dae 	 0.083
20 	 280 	 abb 	 0.082
21 	 287 	 cgc 	 0.082
22 	 355 	 fff 	 0.080
23 	 366 	 ceb 	 0.079
24 	 275 	 cfb 	 0.079
25 	 507 	 dab 	 0.078
26 	 411 	 efa 	 0.076
27 	 390 	 dfe 	 0.075
28 	 290 	 dcc 	 0.075
29 	 379 	 bae 	 0.075
30 	 434 	 cda 	 0.073
31 	 591 	 bcb 	 0.073
32 	 597 	 bca 	 0.073
33 	 407 	 bef 	 0.070
34 	 538 	 eeg 	 0.070
35 	 535 	 ada 	 0.067
36 	 504 	 daf 	 0.067
37 	 519 	 cca 	 0.066
38 	 308 	 fbf 	 0.065
39 	 529 	 adf 	 0.064
40 	 371 	 gfc 	 0.064
41 	 438 	 dbc 	 0.063
42 	 359 	 ffb 	 0.063
43 	 285 	 abg 	 0.063
44 	 410 	 bee 	 0.062
45 	 532 	 ade 	 0.062
46 	 555 	 cgd 	 0.061
47 	 289 	 dcb 	 0.060
48 	 288 	 dce 	 0.060
49 	 313 	 fed 	 0.060
50 	 384 	 ece 	 0.059
51 	 353 	 egd 	 0.058
52 	 274 	 cfe 	 0.058
53 	 330 	 def 	 0.058
54 	 545 	 dda 	 0.058
55 	 534 	 adc 	 0.057
56 	 573 	 fda 	 0.056
57 	 339 	 afd 	 0.055
58 	 444 	 bfc 	 0.054
59 	 418 	 aba 	 0.054
60 	 463 	 gbc 	 0.052
61 	 263 	 ede 	 0.052
62 	 307 	 fbg 	 0.052
63 	 283 	 abe 	 0.051
64 	 527 	 gdf 	 0.051
65 	 368 	 dac 	 0.051
66 	 472 	 baa 	 0.051
67 	 517 	 ccg 	 0.051
68 	 257 	 edb 	 0.051
69 	 334 	 gcb 	 0.050
70 	 428 	 abf 	 0.049
71 	 345 	 afc 	 0.049
72 	 580 	 bcd 	 0.047
73 	 344 	 afb 	 0.047
74 	 421 	 fcb 	 0.047
75 	 311 	 fef 	 0.045
76 	 436 	 cdc 	 0.044
77 	 378 	 aec 	 0.044
78 	 456 	 gee 	 0.044
79 	 543 	 ddc 	 0.044
80 	 373 	 gff 	 0.043
81 	 481 	 fge 	 0.043
82 	 331 	 deg 	 0.043
83 	 271 	 cff 	 0.043
84 	 539 	 eef 	 0.042
85 	 391 	 dfd 	 0.042
86 	 583 	 cbb 	 0.042
87 	 262 	 edd 	 0.041
88 	 258 	 edc 	 0.041
89 	 266 	 faa 	 0.040
90 	 265 	 fac 	 0.040
91 	 501 	 cab 	 0.039
92 	 560 	 aca 	 0.039
93 	 349 	 ega 	 0.038
94 	 558 	 acc 	 0.038
95 	 576 	 fde 	 0.037
96 	 575 	 fdb 	 0.037
97 	 482 	 fgf 	 0.037
98 	 413 	 efc 	 0.036
99 	 365 	 cec 	 0.036
100 	 361 	 ceg 	 0.036
101 	 582 	 bcf 	 0.035
102 	 322 	 bgf 	 0.034
103 	 520 	 ccc 	 0.034
104 	 269 	 fad 	 0.034
105 	 588 	 cbd 	 0.033
106 	 553 	 cgb 	 0.033
107 	 376 	 gfe 	 0.033
108 	 589 	 cbe 	 0.033
109 	 445 	 bfb 	 0.032
110 	 484 	 fga 	 0.032

*** mRMR features *** 
Order 	 Fea 	 Name 	 Score
1 	 536 	 eee 	 0.264
2 	 549 	 ddd 	 0.091
3 	 551 	 dcg 	 0.053
4 	 319 	 bgb 	 0.043
5 	 356 	 ffe 	 0.039
6 	 574 	 fdc 	 0.035
7 	 538 	 eeg 	 0.030
8 	 541 	 eec 	 0.039
9 	 285 	 abg 	 0.030
10 	 431 	 cde 	 0.031
11 	 419 	 bdg 	 0.030
12 	 537 	 eed 	 0.029
13 	 373 	 gff 	 0.027
14 	 353 	 egd 	 0.026
15 	 398 	 aad 	 0.029
16 	 306 	 fba 	 0.029
17 	 287 	 cgc 	 0.028
18 	 502 	 dad 	 0.027
19 	 290 	 dcc 	 0.026
20 	 420 	 fca 	 0.026
21 	 289 	 dcb 	 0.024
22 	 305 	 fbb 	 0.027
23 	 527 	 gdf 	 0.022
24 	 591 	 bcb 	 0.019
25 	 288 	 dce 	 0.020
26 	 366 	 ceb 	 0.020
27 	 417 	 efg 	 0.017
28 	 355 	 fff 	 0.018
29 	 278 	 bde 	 0.014
30 	 482 	 fgf 	 0.014
31 	 456 	 gee 	 0.013
32 	 379 	 bae 	 0.012
33 	 484 	 fga 	 0.012
34 	 463 	 gbc 	 0.012
35 	 531 	 add 	 0.010
36 	 361 	 ceg 	 0.011
37 	 280 	 abb 	 0.010
38 	 371 	 gfc 	 0.011
39 	 529 	 adf 	 0.011
40 	 454 	 geg 	 0.010
41 	 334 	 gcb 	 0.011
42 	 556 	 cgg 	 0.011
43 	 503 	 dae 	 0.012
44 	 349 	 ega 	 0.011
45 	 307 	 fbg 	 0.009
46 	 557 	 cgf 	 0.009
47 	 275 	 cfb 	 0.008
48 	 117 	 CCGT 	 0.006
49 	 376 	 gfe 	 0.006
50 	 532 	 ade 	 0.007
51 	 390 	 dfe 	 0.008
52 	 308 	 fbf 	 0.006
53 	 517 	 ccg 	 0.006
54 	 384 	 ece 	 0.005
55 	 351 	 egf 	 0.005
56 	 411 	 efa 	 0.005
57 	 297 	 ggb 	 0.005
58 	 526 	 gde 	 0.004
59 	 519 	 cca 	 0.003
60 	 447 	 bfg 	 0.003
61 	 407 	 bef 	 0.004
62 	 211 	 GGTG 	 0.003
63 	 597 	 bca 	 0.003
64 	 494 	 gag 	 0.003
65 	 131 	 CTCG 	 0.002
66 	 272 	 cfg 	 0.002
67 	 359 	 ffb 	 0.002
68 	 545 	 dda 	 0.002
69 	 444 	 bfc 	 0.002
70 	 53 	 ACTA 	 0.002
71 	 214 	 AGCC 	 0.002
72 	 339 	 afd 	 0.002
73 	 17 	 TAGC 	 0.001
74 	 24 	 GAAC 	 0.001
75 	 573 	 fda 	 0.002
76 	 434 	 cda 	 0.002
77 	 513 	 dgd 	 0.001
78 	 344 	 afb 	 0.001
79 	 191 	 GTTC 	 0.001
80 	 274 	 cfe 	 0.001
81 	 410 	 bee 	 0.001
82 	 169 	 TGAC 	 0.001
83 	 320 	 bgd 	 0.001
84 	 345 	 afc 	 0.001
85 	 646 	 length_ratio 	 0.001
86 	 257 	 edb 	 0.001
87 	 438 	 dbc 	 0.000
88 	 160 	 TTTG 	 0.000
89 	 555 	 cgd 	 0.000
90 	 150 	 ATTG 	 0.000
91 	 483 	 fgg 	 0.000
92 	 106 	 TCAG 	 0.000
93 	 55 	 TCTC 	 -0.000
94 	 507 	 dab 	 0.000
95 	 602 	 3mer_2 	 -0.000
96 	 220 	 TTGA 	 -0.000
97 	 263 	 ede 	 -0.000
98 	 265 	 fac 	 -0.000
99 	 240 	 CACC 	 -0.000
100 	 241 	 TACA 	 -0.000
101 	 576 	 fde 	 0.000
102 	 504 	 daf 	 0.000
103 	 337 	 gcg 	 -0.000
104 	 112 	 ATCC 	 -0.000
105 	 271 	 cff 	 -0.000
106 	 54 	 ACTC 	 -0.001
107 	 625 	 2mer_5 	 -0.001
108 	 313 	 fed 	 -0.000
109 	 350 	 egg 	 -0.001
110 	 96 	 GATA 	 -0.001


 *** This program and the respective minimum Redundancy Maximum Relevance (mRMR) 
     algorithm were developed by Hanchuan Peng <hanchuan.peng@gmail.com>for
     the paper 
     "Feature selection based on mutual information: criteria of 
      max-dependency, max-relevance, and min-redundancy,"
      Hanchuan Peng, Fuhui Long, and Chris Ding, 
      IEEE Transactions on Pattern Analysis and Machine Intelligence,
      Vol. 27, No. 8, pp.1226-1238, 2005.

