You have specified parameters: threshold=mu+/-0.20*sigma #fea=110 selection method=MID #maxVar=10000 #maxSample=12408

Target classification variable (#1 column in the input data) has name=class 	entropy score=1.000

*** MaxRel features ***
Order 	 Fea 	 Name 	 Score
1 	 536 	 eee 	 0.264
2 	 549 	 ddd 	 0.193
3 	 537 	 eed 	 0.138
4 	 398 	 aad 	 0.134
5 	 574 	 fdc 	 0.130
6 	 502 	 dad 	 0.128
7 	 356 	 ffe 	 0.125
8 	 541 	 eec 	 0.117
9 	 305 	 fbb 	 0.113
10 	 431 	 cde 	 0.108
11 	 557 	 cgf 	 0.106
12 	 591 	 bcb 	 0.102
13 	 531 	 add 	 0.099
14 	 278 	 bde 	 0.091
15 	 319 	 bgb 	 0.091
16 	 420 	 fca 	 0.090
17 	 280 	 abb 	 0.087
18 	 551 	 dcg 	 0.086
19 	 419 	 bdg 	 0.085
20 	 545 	 dda 	 0.082
21 	 275 	 cfb 	 0.079
22 	 507 	 dab 	 0.077
23 	 355 	 fff 	 0.077
24 	 287 	 cgc 	 0.077
25 	 366 	 ceb 	 0.076
26 	 503 	 dae 	 0.075
27 	 290 	 dcc 	 0.074
28 	 597 	 bca 	 0.074
29 	 434 	 cda 	 0.074
30 	 411 	 efa 	 0.072
31 	 379 	 bae 	 0.071
32 	 504 	 daf 	 0.069
33 	 390 	 dfe 	 0.068
34 	 535 	 ada 	 0.067
35 	 538 	 eeg 	 0.067
36 	 438 	 dbc 	 0.067
37 	 359 	 ffb 	 0.066
38 	 410 	 bee 	 0.065
39 	 339 	 afd 	 0.065
40 	 344 	 afb 	 0.065
41 	 519 	 cca 	 0.064
42 	 308 	 fbf 	 0.063
43 	 371 	 gfc 	 0.063
44 	 407 	 bef 	 0.061
45 	 285 	 abg 	 0.061
46 	 330 	 def 	 0.060
47 	 288 	 dce 	 0.059
48 	 532 	 ade 	 0.058
49 	 283 	 abe 	 0.058
50 	 313 	 fed 	 0.057
51 	 534 	 adc 	 0.056
52 	 274 	 cfe 	 0.055
53 	 527 	 gdf 	 0.055
54 	 353 	 egd 	 0.055
55 	 573 	 fda 	 0.055
56 	 289 	 dcb 	 0.055
57 	 529 	 adf 	 0.052
58 	 555 	 cgd 	 0.052
59 	 334 	 gcb 	 0.051
60 	 472 	 baa 	 0.051
61 	 418 	 aba 	 0.051
62 	 463 	 gbc 	 0.050
63 	 306 	 fba 	 0.050
64 	 543 	 ddc 	 0.050
65 	 307 	 fbg 	 0.049
66 	 345 	 afc 	 0.049
67 	 368 	 dac 	 0.049
68 	 580 	 bcd 	 0.048
69 	 517 	 ccg 	 0.048
70 	 263 	 ede 	 0.047
71 	 311 	 fef 	 0.045
72 	 456 	 gee 	 0.045
73 	 444 	 bfc 	 0.045
74 	 378 	 aec 	 0.045
75 	 257 	 edb 	 0.045
76 	 539 	 eef 	 0.044
77 	 421 	 fcb 	 0.043
78 	 373 	 gff 	 0.042
79 	 391 	 dfd 	 0.042
80 	 481 	 fge 	 0.042
81 	 501 	 cab 	 0.041
82 	 583 	 cbb 	 0.041
83 	 582 	 bcf 	 0.041
84 	 413 	 efc 	 0.041
85 	 436 	 cdc 	 0.040
86 	 266 	 faa 	 0.040
87 	 269 	 fad 	 0.039
88 	 365 	 cec 	 0.039
89 	 271 	 cff 	 0.038
90 	 482 	 fgf 	 0.038
91 	 560 	 aca 	 0.038
92 	 349 	 ega 	 0.038
93 	 428 	 abf 	 0.038
94 	 558 	 acc 	 0.038
95 	 265 	 fac 	 0.037
96 	 576 	 fde 	 0.037
97 	 331 	 deg 	 0.036
98 	 361 	 ceg 	 0.036
99 	 575 	 fdb 	 0.036
100 	 484 	 fga 	 0.035
101 	 258 	 edc 	 0.034
102 	 322 	 bgf 	 0.034
103 	 553 	 cgb 	 0.034
104 	 589 	 cbe 	 0.034
105 	 417 	 efg 	 0.033
106 	 521 	 ccb 	 0.033
107 	 588 	 cbd 	 0.033
108 	 376 	 gfe 	 0.032
109 	 304 	 fbc 	 0.031
110 	 447 	 bfg 	 0.031

*** mRMR features *** 
Order 	 Fea 	 Name 	 Score
1 	 536 	 eee 	 0.264
2 	 549 	 ddd 	 0.091
3 	 551 	 dcg 	 0.047
4 	 319 	 bgb 	 0.041
5 	 356 	 ffe 	 0.032
6 	 538 	 eeg 	 0.030
7 	 574 	 fdc 	 0.040
8 	 591 	 bcb 	 0.034
9 	 541 	 eec 	 0.036
10 	 285 	 abg 	 0.030
11 	 537 	 eed 	 0.032
12 	 419 	 bdg 	 0.027
13 	 305 	 fbb 	 0.027
14 	 502 	 dad 	 0.022
15 	 287 	 cgc 	 0.023
16 	 420 	 fca 	 0.026
17 	 527 	 gdf 	 0.025
18 	 398 	 aad 	 0.026
19 	 353 	 egd 	 0.025
20 	 431 	 cde 	 0.025
21 	 373 	 gff 	 0.024
22 	 290 	 dcc 	 0.024
23 	 344 	 afb 	 0.022
24 	 289 	 dcb 	 0.020
25 	 417 	 efg 	 0.019
26 	 288 	 dce 	 0.019
27 	 355 	 fff 	 0.019
28 	 545 	 dda 	 0.019
29 	 280 	 abb 	 0.017
30 	 371 	 gfc 	 0.017
31 	 484 	 fga 	 0.015
32 	 482 	 fgf 	 0.015
33 	 366 	 ceb 	 0.014
34 	 278 	 bde 	 0.013
35 	 556 	 cgg 	 0.011
36 	 334 	 gcb 	 0.011
37 	 379 	 bae 	 0.012
38 	 454 	 geg 	 0.011
39 	 463 	 gbc 	 0.011
40 	 275 	 cfb 	 0.011
41 	 361 	 ceg 	 0.010
42 	 531 	 add 	 0.010
43 	 349 	 ega 	 0.010
44 	 359 	 ffb 	 0.010
45 	 456 	 gee 	 0.010
46 	 307 	 fbg 	 0.007
47 	 532 	 ade 	 0.007
48 	 308 	 fbf 	 0.007
49 	 517 	 ccg 	 0.007
50 	 117 	 CCGT 	 0.006
51 	 557 	 cgf 	 0.007
52 	 376 	 gfe 	 0.006
53 	 339 	 afd 	 0.005
54 	 447 	 bfg 	 0.005
55 	 297 	 ggb 	 0.004
56 	 529 	 adf 	 0.005
57 	 519 	 cca 	 0.005
58 	 390 	 dfe 	 0.005
59 	 526 	 gde 	 0.004
60 	 306 	 fba 	 0.005
61 	 351 	 egf 	 0.004
62 	 411 	 efa 	 0.005
63 	 191 	 GTTC 	 0.003
64 	 8 	 AGTG 	 0.003
65 	 494 	 gag 	 0.003
66 	 503 	 dae 	 0.003
67 	 169 	 TGAC 	 0.002
68 	 597 	 bca 	 0.003
69 	 410 	 bee 	 0.002
70 	 320 	 bgd 	 0.002
71 	 214 	 AGCC 	 0.002
72 	 513 	 dgd 	 0.002
73 	 17 	 TAGC 	 0.002
74 	 407 	 bef 	 0.002
75 	 123 	 TGGA 	 0.001
76 	 274 	 cfe 	 0.002
77 	 53 	 ACTA 	 0.001
78 	 434 	 cda 	 0.002
79 	 573 	 fda 	 0.002
80 	 91 	 TTCC 	 0.001
81 	 438 	 dbc 	 0.001
82 	 272 	 cfg 	 0.001
83 	 345 	 afc 	 0.001
84 	 150 	 ATTG 	 0.001
85 	 283 	 abe 	 0.002
86 	 215 	 TTGT 	 0.001
87 	 159 	 TTTC 	 0.001
88 	 55 	 TCTC 	 0.001
89 	 639 	 G_pos 	 0.001
90 	 576 	 fde 	 0.000
91 	 483 	 fgg 	 0.000
92 	 106 	 TCAG 	 0.000
93 	 44 	 TAAC 	 0.000
94 	 257 	 edb 	 0.000
95 	 507 	 dab 	 0.001
96 	 618 	 3mer_18 	 -0.000
97 	 611 	 3mer_11 	 -0.000
98 	 160 	 TTTG 	 -0.000
99 	 580 	 bcd 	 -0.000
100 	 52 	 TCTG 	 -0.000
101 	 534 	 adc 	 0.000
102 	 330 	 def 	 -0.000
103 	 337 	 gcg 	 -0.000
104 	 127 	 TGGT 	 -0.000
105 	 24 	 GAAC 	 -0.000
106 	 350 	 egg 	 -0.000
107 	 481 	 fge 	 -0.000
108 	 504 	 daf 	 0.000
109 	 56 	 TATG 	 -0.000
110 	 263 	 ede 	 -0.000


 *** This program and the respective minimum Redundancy Maximum Relevance (mRMR) 
     algorithm were developed by Hanchuan Peng <hanchuan.peng@gmail.com>for
     the paper 
     "Feature selection based on mutual information: criteria of 
      max-dependency, max-relevance, and min-redundancy,"
      Hanchuan Peng, Fuhui Long, and Chris Ding, 
      IEEE Transactions on Pattern Analysis and Machine Intelligence,
      Vol. 27, No. 8, pp.1226-1238, 2005.

