You have specified parameters: threshold=mu+/-0.20*sigma #fea=110 selection method=MID #maxVar=10000 #maxSample=12408

Target classification variable (#1 column in the input data) has name=class 	entropy score=1.000

*** MaxRel features ***
Order 	 Fea 	 Name 	 Score
1 	 536 	 eee 	 0.260
2 	 549 	 ddd 	 0.187
3 	 537 	 eed 	 0.136
4 	 356 	 ffe 	 0.131
5 	 398 	 aad 	 0.131
6 	 574 	 fdc 	 0.129
7 	 502 	 dad 	 0.120
8 	 541 	 eec 	 0.115
9 	 305 	 fbb 	 0.114
10 	 591 	 bcb 	 0.103
11 	 278 	 bde 	 0.096
12 	 306 	 fba 	 0.093
13 	 431 	 cde 	 0.092
14 	 420 	 fca 	 0.091
15 	 531 	 add 	 0.091
16 	 319 	 bgb 	 0.090
17 	 551 	 dcg 	 0.087
18 	 419 	 bdg 	 0.086
19 	 280 	 abb 	 0.085
20 	 545 	 dda 	 0.082
21 	 503 	 dae 	 0.082
22 	 411 	 efa 	 0.080
23 	 275 	 cfb 	 0.079
24 	 287 	 cgc 	 0.078
25 	 507 	 dab 	 0.077
26 	 366 	 ceb 	 0.076
27 	 355 	 fff 	 0.076
28 	 597 	 bca 	 0.075
29 	 359 	 ffb 	 0.074
30 	 379 	 bae 	 0.072
31 	 434 	 cda 	 0.071
32 	 290 	 dcc 	 0.071
33 	 438 	 dbc 	 0.067
34 	 339 	 afd 	 0.067
35 	 535 	 ada 	 0.067
36 	 344 	 afb 	 0.066
37 	 407 	 bef 	 0.065
38 	 504 	 daf 	 0.064
39 	 532 	 ade 	 0.063
40 	 390 	 dfe 	 0.063
41 	 538 	 eeg 	 0.063
42 	 308 	 fbf 	 0.062
43 	 371 	 gfc 	 0.061
44 	 410 	 bee 	 0.061
45 	 519 	 cca 	 0.061
46 	 285 	 abg 	 0.060
47 	 313 	 fed 	 0.060
48 	 330 	 def 	 0.058
49 	 283 	 abe 	 0.058
50 	 353 	 egd 	 0.058
51 	 573 	 fda 	 0.058
52 	 288 	 dce 	 0.057
53 	 557 	 cgf 	 0.057
54 	 384 	 ece 	 0.055
55 	 534 	 adc 	 0.055
56 	 472 	 baa 	 0.055
57 	 334 	 gcb 	 0.053
58 	 274 	 cfe 	 0.053
59 	 289 	 dcb 	 0.053
60 	 529 	 adf 	 0.052
61 	 257 	 edb 	 0.051
62 	 368 	 dac 	 0.051
63 	 555 	 cgd 	 0.050
64 	 345 	 afc 	 0.049
65 	 444 	 bfc 	 0.049
66 	 418 	 aba 	 0.047
67 	 517 	 ccg 	 0.047
68 	 307 	 fbg 	 0.046
69 	 527 	 gdf 	 0.046
70 	 456 	 gee 	 0.046
71 	 263 	 ede 	 0.046
72 	 311 	 fef 	 0.045
73 	 463 	 gbc 	 0.044
74 	 421 	 fcb 	 0.044
75 	 271 	 cff 	 0.044
76 	 580 	 bcd 	 0.044
77 	 543 	 ddc 	 0.043
78 	 413 	 efc 	 0.043
79 	 378 	 aec 	 0.042
80 	 373 	 gff 	 0.042
81 	 269 	 fad 	 0.042
82 	 583 	 cbb 	 0.041
83 	 481 	 fge 	 0.040
84 	 391 	 dfd 	 0.040
85 	 539 	 eef 	 0.040
86 	 262 	 edd 	 0.040
87 	 266 	 faa 	 0.039
88 	 436 	 cdc 	 0.038
89 	 265 	 fac 	 0.038
90 	 349 	 ega 	 0.038
91 	 428 	 abf 	 0.037
92 	 550 	 dcf 	 0.037
93 	 558 	 acc 	 0.037
94 	 361 	 ceg 	 0.037
95 	 365 	 cec 	 0.036
96 	 258 	 edc 	 0.036
97 	 560 	 aca 	 0.036
98 	 501 	 cab 	 0.036
99 	 576 	 fde 	 0.035
100 	 331 	 deg 	 0.035
101 	 482 	 fgf 	 0.035
102 	 582 	 bcf 	 0.034
103 	 484 	 fga 	 0.034
104 	 569 	 eae 	 0.033
105 	 585 	 cba 	 0.033
106 	 589 	 cbe 	 0.033
107 	 304 	 fbc 	 0.032
108 	 453 	 gea 	 0.032
109 	 599 	 bcc 	 0.032
110 	 553 	 cgb 	 0.032

*** mRMR features *** 
Order 	 Fea 	 Name 	 Score
1 	 536 	 eee 	 0.260
2 	 549 	 ddd 	 0.086
3 	 551 	 dcg 	 0.048
4 	 319 	 bgb 	 0.041
5 	 356 	 ffe 	 0.032
6 	 574 	 fdc 	 0.029
7 	 591 	 bcb 	 0.028
8 	 541 	 eec 	 0.029
9 	 538 	 eeg 	 0.029
10 	 285 	 abg 	 0.028
11 	 537 	 eed 	 0.029
12 	 419 	 bdg 	 0.027
13 	 306 	 fba 	 0.028
14 	 305 	 fbb 	 0.025
15 	 353 	 egd 	 0.023
16 	 398 	 aad 	 0.025
17 	 287 	 cgc 	 0.022
18 	 373 	 gff 	 0.023
19 	 420 	 fca 	 0.025
20 	 502 	 dad 	 0.029
21 	 290 	 dcc 	 0.023
22 	 431 	 cde 	 0.026
23 	 527 	 gdf 	 0.020
24 	 344 	 afb 	 0.020
25 	 288 	 dce 	 0.019
26 	 278 	 bde 	 0.017
27 	 289 	 dcb 	 0.017
28 	 417 	 efg 	 0.016
29 	 545 	 dda 	 0.017
30 	 355 	 fff 	 0.017
31 	 456 	 gee 	 0.014
32 	 366 	 ceb 	 0.015
33 	 484 	 fga 	 0.014
34 	 482 	 fgf 	 0.012
35 	 280 	 abb 	 0.013
36 	 371 	 gfc 	 0.012
37 	 334 	 gcb 	 0.010
38 	 379 	 bae 	 0.011
39 	 556 	 cgg 	 0.011
40 	 454 	 geg 	 0.010
41 	 359 	 ffb 	 0.011
42 	 349 	 ega 	 0.010
43 	 463 	 gbc 	 0.010
44 	 361 	 ceg 	 0.010
45 	 503 	 dae 	 0.010
46 	 275 	 cfb 	 0.008
47 	 117 	 CCGT 	 0.007
48 	 339 	 afd 	 0.007
49 	 531 	 add 	 0.008
50 	 376 	 gfe 	 0.007
51 	 307 	 fbg 	 0.007
52 	 532 	 ade 	 0.007
53 	 308 	 fbf 	 0.006
54 	 517 	 ccg 	 0.006
55 	 297 	 ggb 	 0.005
56 	 411 	 efa 	 0.006
57 	 384 	 ece 	 0.006
58 	 351 	 egf 	 0.005
59 	 646 	 length_ratio 	 0.004
60 	 526 	 gde 	 0.004
61 	 261 	 edg 	 0.004
62 	 519 	 cca 	 0.004
63 	 214 	 AGCC 	 0.003
64 	 447 	 bfg 	 0.003
65 	 597 	 bca 	 0.004
66 	 494 	 gag 	 0.003
67 	 529 	 adf 	 0.003
68 	 407 	 bef 	 0.004
69 	 191 	 GTTC 	 0.003
70 	 53 	 ACTA 	 0.002
71 	 390 	 dfe 	 0.002
72 	 150 	 ATTG 	 0.002
73 	 169 	 TGAC 	 0.001
74 	 573 	 fda 	 0.002
75 	 410 	 bee 	 0.002
76 	 17 	 TAGC 	 0.001
77 	 345 	 afc 	 0.002
78 	 257 	 edb 	 0.001
79 	 9 	 AGTA 	 0.001
80 	 438 	 dbc 	 0.001
81 	 320 	 bgd 	 0.001
82 	 272 	 cfg 	 0.001
83 	 434 	 cda 	 0.002
84 	 159 	 TTTC 	 0.001
85 	 209 	 GAGT 	 0.001
86 	 112 	 ATCC 	 0.001
87 	 44 	 TAAC 	 0.000
88 	 274 	 cfe 	 0.001
89 	 283 	 abe 	 0.000
90 	 483 	 fgg 	 0.000
91 	 215 	 TTGT 	 0.000
92 	 507 	 dab 	 0.001
93 	 181 	 AATC 	 0.000
94 	 163 	 GCAG 	 0.000
95 	 444 	 bfc 	 0.000
96 	 513 	 dgd 	 -0.000
97 	 141 	 ACAT 	 -0.000
98 	 639 	 G_pos 	 -0.000
99 	 534 	 adc 	 0.000
100 	 55 	 TCTC 	 -0.000
101 	 271 	 cff 	 -0.000
102 	 240 	 CACC 	 -0.000
103 	 337 	 gcg 	 -0.000
104 	 576 	 fde 	 -0.000
105 	 91 	 TTCC 	 -0.000
106 	 472 	 baa 	 -0.000
107 	 96 	 GATA 	 -0.000
108 	 368 	 dac 	 -0.001
109 	 160 	 TTTG 	 -0.001
110 	 265 	 fac 	 -0.001


 *** This program and the respective minimum Redundancy Maximum Relevance (mRMR) 
     algorithm were developed by Hanchuan Peng <hanchuan.peng@gmail.com>for
     the paper 
     "Feature selection based on mutual information: criteria of 
      max-dependency, max-relevance, and min-redundancy,"
      Hanchuan Peng, Fuhui Long, and Chris Ding, 
      IEEE Transactions on Pattern Analysis and Machine Intelligence,
      Vol. 27, No. 8, pp.1226-1238, 2005.

