You have specified parameters: threshold=mu+/-0.20*sigma #fea=110 selection method=MID #maxVar=10000 #maxSample=12408

Target classification variable (#1 column in the input data) has name=class 	entropy score=1.000

*** MaxRel features ***
Order 	 Fea 	 Name 	 Score
1 	 536 	 eee 	 0.269
2 	 549 	 ddd 	 0.191
3 	 537 	 eed 	 0.147
4 	 398 	 aad 	 0.139
5 	 356 	 ffe 	 0.136
6 	 574 	 fdc 	 0.133
7 	 502 	 dad 	 0.124
8 	 541 	 eec 	 0.119
9 	 431 	 cde 	 0.111
10 	 305 	 fbb 	 0.110
11 	 557 	 cgf 	 0.108
12 	 531 	 add 	 0.100
13 	 278 	 bde 	 0.097
14 	 319 	 bgb 	 0.094
15 	 591 	 bcb 	 0.088
16 	 420 	 fca 	 0.088
17 	 551 	 dcg 	 0.087
18 	 306 	 fba 	 0.087
19 	 419 	 bdg 	 0.086
20 	 280 	 abb 	 0.084
21 	 355 	 fff 	 0.083
22 	 503 	 dae 	 0.082
23 	 275 	 cfb 	 0.080
24 	 507 	 dab 	 0.076
25 	 379 	 bae 	 0.076
26 	 434 	 cda 	 0.075
27 	 390 	 dfe 	 0.075
28 	 411 	 efa 	 0.074
29 	 290 	 dcc 	 0.074
30 	 597 	 bca 	 0.074
31 	 287 	 cgc 	 0.073
32 	 359 	 ffb 	 0.073
33 	 504 	 daf 	 0.073
34 	 366 	 ceb 	 0.072
35 	 535 	 ada 	 0.070
36 	 308 	 fbf 	 0.068
37 	 519 	 cca 	 0.067
38 	 371 	 gfc 	 0.067
39 	 529 	 adf 	 0.065
40 	 344 	 afb 	 0.065
41 	 313 	 fed 	 0.064
42 	 339 	 afd 	 0.063
43 	 285 	 abg 	 0.063
44 	 410 	 bee 	 0.063
45 	 407 	 bef 	 0.062
46 	 438 	 dbc 	 0.061
47 	 274 	 cfe 	 0.061
48 	 330 	 def 	 0.061
49 	 555 	 cgd 	 0.060
50 	 538 	 eeg 	 0.059
51 	 545 	 dda 	 0.059
52 	 534 	 adc 	 0.059
53 	 353 	 egd 	 0.058
54 	 532 	 ade 	 0.057
55 	 288 	 dce 	 0.057
56 	 527 	 gdf 	 0.055
57 	 283 	 abe 	 0.055
58 	 444 	 bfc 	 0.054
59 	 289 	 dcb 	 0.054
60 	 573 	 fda 	 0.054
61 	 368 	 dac 	 0.053
62 	 334 	 gcb 	 0.053
63 	 307 	 fbg 	 0.051
64 	 378 	 aec 	 0.050
65 	 418 	 aba 	 0.050
66 	 263 	 ede 	 0.049
67 	 413 	 efc 	 0.048
68 	 472 	 baa 	 0.048
69 	 456 	 gee 	 0.047
70 	 428 	 abf 	 0.047
71 	 543 	 ddc 	 0.047
72 	 582 	 bcf 	 0.047
73 	 517 	 ccg 	 0.047
74 	 271 	 cff 	 0.046
75 	 311 	 fef 	 0.046
76 	 257 	 edb 	 0.046
77 	 436 	 cdc 	 0.046
78 	 580 	 bcd 	 0.045
79 	 463 	 gbc 	 0.044
80 	 539 	 eef 	 0.044
81 	 373 	 gff 	 0.044
82 	 421 	 fcb 	 0.044
83 	 501 	 cab 	 0.043
84 	 266 	 faa 	 0.042
85 	 262 	 edd 	 0.041
86 	 481 	 fge 	 0.041
87 	 391 	 dfd 	 0.041
88 	 482 	 fgf 	 0.041
89 	 331 	 deg 	 0.041
90 	 365 	 cec 	 0.040
91 	 583 	 cbb 	 0.039
92 	 550 	 dcf 	 0.039
93 	 349 	 ega 	 0.039
94 	 265 	 fac 	 0.038
95 	 304 	 fbc 	 0.037
96 	 560 	 aca 	 0.037
97 	 588 	 cbd 	 0.036
98 	 558 	 acc 	 0.036
99 	 322 	 bgf 	 0.036
100 	 576 	 fde 	 0.035
101 	 361 	 ceg 	 0.035
102 	 589 	 cbe 	 0.033
103 	 417 	 efg 	 0.033
104 	 484 	 fga 	 0.033
105 	 453 	 gea 	 0.032
106 	 258 	 edc 	 0.032
107 	 376 	 gfe 	 0.032
108 	 442 	 dbg 	 0.032
109 	 469 	 bab 	 0.032
110 	 553 	 cgb 	 0.031

*** mRMR features *** 
Order 	 Fea 	 Name 	 Score
1 	 536 	 eee 	 0.269
2 	 549 	 ddd 	 0.090
3 	 551 	 dcg 	 0.049
4 	 319 	 bgb 	 0.044
5 	 356 	 ffe 	 0.035
6 	 574 	 fdc 	 0.028
7 	 538 	 eeg 	 0.024
8 	 541 	 eec 	 0.033
9 	 285 	 abg 	 0.029
10 	 431 	 cde 	 0.034
11 	 419 	 bdg 	 0.027
12 	 537 	 eed 	 0.032
13 	 373 	 gff 	 0.028
14 	 353 	 egd 	 0.025
15 	 398 	 aad 	 0.027
16 	 420 	 fca 	 0.027
17 	 287 	 cgc 	 0.026
18 	 502 	 dad 	 0.029
19 	 591 	 bcb 	 0.028
20 	 527 	 gdf 	 0.028
21 	 306 	 fba 	 0.025
22 	 290 	 dcc 	 0.024
23 	 305 	 fbb 	 0.024
24 	 289 	 dcb 	 0.023
25 	 344 	 afb 	 0.022
26 	 278 	 bde 	 0.021
27 	 417 	 efg 	 0.018
28 	 355 	 fff 	 0.020
29 	 288 	 dce 	 0.018
30 	 371 	 gfc 	 0.017
31 	 456 	 gee 	 0.015
32 	 482 	 fgf 	 0.014
33 	 484 	 fga 	 0.014
34 	 531 	 add 	 0.016
35 	 280 	 abb 	 0.015
36 	 334 	 gcb 	 0.012
37 	 379 	 bae 	 0.013
38 	 556 	 cgg 	 0.012
39 	 529 	 adf 	 0.011
40 	 307 	 fbg 	 0.011
41 	 454 	 geg 	 0.010
42 	 361 	 ceg 	 0.010
43 	 308 	 fbf 	 0.011
44 	 349 	 ega 	 0.011
45 	 359 	 ffb 	 0.011
46 	 376 	 gfe 	 0.007
47 	 557 	 cgf 	 0.009
48 	 366 	 ceb 	 0.007
49 	 275 	 cfb 	 0.007
50 	 463 	 gbc 	 0.006
51 	 390 	 dfe 	 0.007
52 	 117 	 CCGT 	 0.006
53 	 503 	 dae 	 0.006
54 	 351 	 egf 	 0.006
55 	 447 	 bfg 	 0.006
56 	 297 	 ggb 	 0.006
57 	 517 	 ccg 	 0.005
58 	 519 	 cca 	 0.005
59 	 411 	 efa 	 0.005
60 	 526 	 gde 	 0.004
61 	 339 	 afd 	 0.004
62 	 532 	 ade 	 0.003
63 	 545 	 dda 	 0.003
64 	 17 	 TAGC 	 0.003
65 	 214 	 AGCC 	 0.003
66 	 646 	 length_ratio 	 0.002
67 	 444 	 bfc 	 0.002
68 	 597 	 bca 	 0.003
69 	 494 	 gag 	 0.002
70 	 274 	 cfe 	 0.003
71 	 131 	 CTCG 	 0.002
72 	 191 	 GTTC 	 0.002
73 	 87 	 AGGT 	 0.001
74 	 272 	 cfg 	 0.001
75 	 434 	 cda 	 0.002
76 	 407 	 bef 	 0.002
77 	 123 	 TGGA 	 0.001
78 	 410 	 bee 	 0.001
79 	 159 	 TTTC 	 0.001
80 	 573 	 fda 	 0.001
81 	 513 	 dgd 	 0.001
82 	 320 	 bgd 	 0.001
83 	 55 	 TCTC 	 0.001
84 	 169 	 TGAC 	 0.001
85 	 150 	 ATTG 	 0.000
86 	 261 	 edg 	 0.001
87 	 483 	 fgg 	 0.000
88 	 504 	 daf 	 0.001
89 	 180 	 TATC 	 0.000
90 	 265 	 fac 	 0.000
91 	 91 	 TTCC 	 0.000
92 	 313 	 fed 	 0.000
93 	 106 	 TCAG 	 0.000
94 	 507 	 dab 	 0.000
95 	 555 	 cgd 	 0.000
96 	 602 	 3mer_2 	 0.000
97 	 53 	 ACTA 	 -0.000
98 	 438 	 dbc 	 0.000
99 	 271 	 cff 	 0.000
100 	 241 	 TACA 	 -0.000
101 	 209 	 GAGT 	 -0.000
102 	 337 	 gcg 	 -0.000
103 	 330 	 def 	 0.000
104 	 252 	 TCCG 	 -0.000
105 	 24 	 GAAC 	 -0.000
106 	 263 	 ede 	 -0.000
107 	 257 	 edb 	 -0.000
108 	 1 	 GTAC 	 -0.000
109 	 224 	 CACT 	 -0.000
110 	 576 	 fde 	 -0.000


 *** This program and the respective minimum Redundancy Maximum Relevance (mRMR) 
     algorithm were developed by Hanchuan Peng <hanchuan.peng@gmail.com>for
     the paper 
     "Feature selection based on mutual information: criteria of 
      max-dependency, max-relevance, and min-redundancy,"
      Hanchuan Peng, Fuhui Long, and Chris Ding, 
      IEEE Transactions on Pattern Analysis and Machine Intelligence,
      Vol. 27, No. 8, pp.1226-1238, 2005.

