You have specified parameters: threshold=mu+/-0.20*sigma #fea=110 selection method=MID #maxVar=10000 #maxSample=12408

Target classification variable (#1 column in the input data) has name=class 	entropy score=1.000

*** MaxRel features ***
Order 	 Fea 	 Name 	 Score
1 	 536 	 eee 	 0.263
2 	 549 	 ddd 	 0.194
3 	 537 	 eed 	 0.139
4 	 398 	 aad 	 0.137
5 	 574 	 fdc 	 0.129
6 	 356 	 ffe 	 0.128
7 	 502 	 dad 	 0.126
8 	 305 	 fbb 	 0.123
9 	 541 	 eec 	 0.115
10 	 431 	 cde 	 0.101
11 	 591 	 bcb 	 0.099
12 	 531 	 add 	 0.099
13 	 278 	 bde 	 0.096
14 	 319 	 bgb 	 0.094
15 	 306 	 fba 	 0.093
16 	 280 	 abb 	 0.089
17 	 551 	 dcg 	 0.089
18 	 545 	 dda 	 0.086
19 	 503 	 dae 	 0.084
20 	 420 	 fca 	 0.084
21 	 419 	 bdg 	 0.083
22 	 275 	 cfb 	 0.080
23 	 287 	 cgc 	 0.079
24 	 379 	 bae 	 0.079
25 	 355 	 fff 	 0.078
26 	 507 	 dab 	 0.077
27 	 434 	 cda 	 0.076
28 	 366 	 ceb 	 0.074
29 	 411 	 efa 	 0.073
30 	 359 	 ffb 	 0.073
31 	 290 	 dcc 	 0.072
32 	 597 	 bca 	 0.071
33 	 535 	 ada 	 0.069
34 	 390 	 dfe 	 0.069
35 	 285 	 abg 	 0.068
36 	 371 	 gfc 	 0.066
37 	 438 	 dbc 	 0.065
38 	 407 	 bef 	 0.065
39 	 344 	 afb 	 0.065
40 	 339 	 afd 	 0.065
41 	 308 	 fbf 	 0.065
42 	 504 	 daf 	 0.064
43 	 519 	 cca 	 0.064
44 	 538 	 eeg 	 0.063
45 	 532 	 ade 	 0.062
46 	 410 	 bee 	 0.062
47 	 313 	 fed 	 0.059
48 	 573 	 fda 	 0.059
49 	 330 	 def 	 0.059
50 	 557 	 cgf 	 0.059
51 	 288 	 dce 	 0.057
52 	 283 	 abe 	 0.056
53 	 353 	 egd 	 0.056
54 	 274 	 cfe 	 0.056
55 	 534 	 adc 	 0.055
56 	 289 	 dcb 	 0.055
57 	 257 	 edb 	 0.054
58 	 527 	 gdf 	 0.054
59 	 334 	 gcb 	 0.053
60 	 368 	 dac 	 0.052
61 	 529 	 adf 	 0.051
62 	 555 	 cgd 	 0.051
63 	 345 	 afc 	 0.051
64 	 307 	 fbg 	 0.050
65 	 444 	 bfc 	 0.049
66 	 456 	 gee 	 0.049
67 	 472 	 baa 	 0.049
68 	 463 	 gbc 	 0.048
69 	 517 	 ccg 	 0.048
70 	 418 	 aba 	 0.048
71 	 421 	 fcb 	 0.048
72 	 580 	 bcd 	 0.047
73 	 436 	 cdc 	 0.046
74 	 373 	 gff 	 0.046
75 	 543 	 ddc 	 0.046
76 	 311 	 fef 	 0.046
77 	 271 	 cff 	 0.045
78 	 263 	 ede 	 0.043
79 	 378 	 aec 	 0.043
80 	 539 	 eef 	 0.043
81 	 583 	 cbb 	 0.042
82 	 560 	 aca 	 0.042
83 	 481 	 fge 	 0.042
84 	 365 	 cec 	 0.042
85 	 582 	 bcf 	 0.041
86 	 413 	 efc 	 0.041
87 	 428 	 abf 	 0.040
88 	 482 	 fgf 	 0.040
89 	 349 	 ega 	 0.039
90 	 265 	 fac 	 0.038
91 	 391 	 dfd 	 0.038
92 	 588 	 cbd 	 0.038
93 	 331 	 deg 	 0.038
94 	 501 	 cab 	 0.038
95 	 266 	 faa 	 0.037
96 	 361 	 ceg 	 0.037
97 	 569 	 eae 	 0.037
98 	 262 	 edd 	 0.036
99 	 558 	 acc 	 0.036
100 	 258 	 edc 	 0.035
101 	 322 	 bgf 	 0.035
102 	 553 	 cgb 	 0.035
103 	 520 	 ccc 	 0.034
104 	 484 	 fga 	 0.034
105 	 304 	 fbc 	 0.034
106 	 521 	 ccb 	 0.033
107 	 447 	 bfg 	 0.032
108 	 442 	 dbg 	 0.032
109 	 589 	 cbe 	 0.032
110 	 367 	 cea 	 0.032

*** mRMR features *** 
Order 	 Fea 	 Name 	 Score
1 	 536 	 eee 	 0.263
2 	 549 	 ddd 	 0.088
3 	 551 	 dcg 	 0.047
4 	 319 	 bgb 	 0.041
5 	 356 	 ffe 	 0.028
6 	 285 	 abg 	 0.026
7 	 574 	 fdc 	 0.032
8 	 431 	 cde 	 0.033
9 	 538 	 eeg 	 0.034
10 	 541 	 eec 	 0.038
11 	 591 	 bcb 	 0.038
12 	 537 	 eed 	 0.029
13 	 373 	 gff 	 0.028
14 	 419 	 bdg 	 0.030
15 	 305 	 fbb 	 0.030
16 	 398 	 aad 	 0.028
17 	 287 	 cgc 	 0.027
18 	 306 	 fba 	 0.025
19 	 502 	 dad 	 0.026
20 	 353 	 egd 	 0.025
21 	 290 	 dcc 	 0.025
22 	 527 	 gdf 	 0.022
23 	 289 	 dcb 	 0.022
24 	 420 	 fca 	 0.024
25 	 278 	 bde 	 0.020
26 	 344 	 afb 	 0.021
27 	 545 	 dda 	 0.018
28 	 371 	 gfc 	 0.018
29 	 288 	 dce 	 0.017
30 	 417 	 efg 	 0.017
31 	 355 	 fff 	 0.017
32 	 280 	 abb 	 0.017
33 	 482 	 fgf 	 0.015
34 	 484 	 fga 	 0.014
35 	 379 	 bae 	 0.014
36 	 334 	 gcb 	 0.014
37 	 454 	 geg 	 0.012
38 	 366 	 ceb 	 0.013
39 	 456 	 gee 	 0.012
40 	 556 	 cgg 	 0.010
41 	 463 	 gbc 	 0.011
42 	 275 	 cfb 	 0.011
43 	 503 	 dae 	 0.010
44 	 361 	 ceg 	 0.010
45 	 349 	 ega 	 0.010
46 	 531 	 add 	 0.011
47 	 359 	 ffb 	 0.010
48 	 117 	 CCGT 	 0.007
49 	 307 	 fbg 	 0.008
50 	 308 	 fbf 	 0.008
51 	 532 	 ade 	 0.007
52 	 376 	 gfe 	 0.007
53 	 339 	 afd 	 0.007
54 	 517 	 ccg 	 0.006
55 	 447 	 bfg 	 0.005
56 	 351 	 egf 	 0.005
57 	 297 	 ggb 	 0.005
58 	 519 	 cca 	 0.004
59 	 214 	 AGCC 	 0.004
60 	 390 	 dfe 	 0.005
61 	 320 	 bgd 	 0.004
62 	 529 	 adf 	 0.004
63 	 526 	 gde 	 0.004
64 	 411 	 efa 	 0.004
65 	 53 	 ACTA 	 0.003
66 	 158 	 TTTA 	 0.002
67 	 407 	 bef 	 0.003
68 	 573 	 fda 	 0.002
69 	 494 	 gag 	 0.002
70 	 434 	 cda 	 0.002
71 	 597 	 bca 	 0.002
72 	 191 	 GTTC 	 0.002
73 	 646 	 length_ratio 	 0.001
74 	 257 	 edb 	 0.002
75 	 410 	 bee 	 0.002
76 	 345 	 afc 	 0.002
77 	 625 	 2mer_5 	 0.001
78 	 17 	 TAGC 	 0.001
79 	 55 	 TCTC 	 0.001
80 	 274 	 cfe 	 0.001
81 	 438 	 dbc 	 0.001
82 	 106 	 TCAG 	 0.001
83 	 150 	 ATTG 	 0.000
84 	 272 	 cfg 	 0.000
85 	 123 	 TGGA 	 0.000
86 	 483 	 fgg 	 0.000
87 	 159 	 TTTC 	 0.000
88 	 513 	 dgd 	 0.000
89 	 507 	 dab 	 0.000
90 	 261 	 edg 	 0.000
91 	 45 	 TAAA 	 0.000
92 	 131 	 CTCG 	 -0.000
93 	 534 	 adc 	 0.000
94 	 283 	 abe 	 -0.000
95 	 169 	 TGAC 	 -0.000
96 	 96 	 GATA 	 -0.000
97 	 444 	 bfc 	 0.000
98 	 271 	 cff 	 -0.000
99 	 224 	 CACT 	 -0.000
100 	 1 	 GTAC 	 -0.000
101 	 337 	 gcg 	 -0.000
102 	 365 	 cec 	 -0.000
103 	 141 	 ACAT 	 -0.001
104 	 368 	 dac 	 -0.001
105 	 559 	 acb 	 -0.001
106 	 126 	 CACG 	 -0.001
107 	 313 	 fed 	 -0.001
108 	 535 	 ada 	 -0.000
109 	 350 	 egg 	 -0.001
110 	 580 	 bcd 	 -0.001


 *** This program and the respective minimum Redundancy Maximum Relevance (mRMR) 
     algorithm were developed by Hanchuan Peng <hanchuan.peng@gmail.com>for
     the paper 
     "Feature selection based on mutual information: criteria of 
      max-dependency, max-relevance, and min-redundancy,"
      Hanchuan Peng, Fuhui Long, and Chris Ding, 
      IEEE Transactions on Pattern Analysis and Machine Intelligence,
      Vol. 27, No. 8, pp.1226-1238, 2005.

