You have specified parameters: threshold=mu+/-0.20*sigma #fea=110 selection method=MID #maxVar=10000 #maxSample=12408

Target classification variable (#1 column in the input data) has name=class 	entropy score=1.000

*** MaxRel features ***
Order 	 Fea 	 Name 	 Score
1 	 536 	 eee 	 0.263
2 	 549 	 ddd 	 0.193
3 	 537 	 eed 	 0.146
4 	 398 	 aad 	 0.141
5 	 356 	 ffe 	 0.134
6 	 574 	 fdc 	 0.131
7 	 502 	 dad 	 0.127
8 	 305 	 fbb 	 0.124
9 	 541 	 eec 	 0.122
10 	 278 	 bde 	 0.100
11 	 591 	 bcb 	 0.098
12 	 319 	 bgb 	 0.096
13 	 531 	 add 	 0.094
14 	 431 	 cde 	 0.091
15 	 280 	 abb 	 0.089
16 	 420 	 fca 	 0.087
17 	 419 	 bdg 	 0.087
18 	 551 	 dcg 	 0.087
19 	 545 	 dda 	 0.084
20 	 355 	 fff 	 0.082
21 	 287 	 cgc 	 0.080
22 	 275 	 cfb 	 0.080
23 	 503 	 dae 	 0.077
24 	 290 	 dcc 	 0.076
25 	 434 	 cda 	 0.076
26 	 411 	 efa 	 0.075
27 	 507 	 dab 	 0.075
28 	 366 	 ceb 	 0.074
29 	 379 	 bae 	 0.074
30 	 504 	 daf 	 0.073
31 	 359 	 ffb 	 0.073
32 	 597 	 bca 	 0.071
33 	 390 	 dfe 	 0.069
34 	 519 	 cca 	 0.068
35 	 535 	 ada 	 0.067
36 	 538 	 eeg 	 0.066
37 	 371 	 gfc 	 0.065
38 	 407 	 bef 	 0.065
39 	 344 	 afb 	 0.065
40 	 285 	 abg 	 0.065
41 	 410 	 bee 	 0.065
42 	 557 	 cgf 	 0.065
43 	 339 	 afd 	 0.064
44 	 438 	 dbc 	 0.063
45 	 308 	 fbf 	 0.062
46 	 532 	 ade 	 0.061
47 	 555 	 cgd 	 0.061
48 	 313 	 fed 	 0.060
49 	 288 	 dce 	 0.059
50 	 534 	 adc 	 0.059
51 	 527 	 gdf 	 0.058
52 	 283 	 abe 	 0.058
53 	 330 	 def 	 0.057
54 	 274 	 cfe 	 0.057
55 	 573 	 fda 	 0.056
56 	 353 	 egd 	 0.055
57 	 289 	 dcb 	 0.055
58 	 306 	 fba 	 0.053
59 	 257 	 edb 	 0.052
60 	 334 	 gcb 	 0.052
61 	 517 	 ccg 	 0.051
62 	 444 	 bfc 	 0.051
63 	 263 	 ede 	 0.051
64 	 529 	 adf 	 0.051
65 	 368 	 dac 	 0.050
66 	 456 	 gee 	 0.049
67 	 463 	 gbc 	 0.049
68 	 307 	 fbg 	 0.048
69 	 418 	 aba 	 0.048
70 	 472 	 baa 	 0.047
71 	 258 	 edc 	 0.047
72 	 421 	 fcb 	 0.046
73 	 543 	 ddc 	 0.046
74 	 539 	 eef 	 0.045
75 	 580 	 bcd 	 0.045
76 	 378 	 aec 	 0.044
77 	 413 	 efc 	 0.044
78 	 481 	 fge 	 0.044
79 	 262 	 edd 	 0.043
80 	 373 	 gff 	 0.043
81 	 311 	 fef 	 0.043
82 	 501 	 cab 	 0.043
83 	 428 	 abf 	 0.041
84 	 560 	 aca 	 0.040
85 	 322 	 bgf 	 0.040
86 	 271 	 cff 	 0.040
87 	 582 	 bcf 	 0.040
88 	 436 	 cdc 	 0.040
89 	 583 	 cbb 	 0.040
90 	 365 	 cec 	 0.039
91 	 331 	 deg 	 0.039
92 	 349 	 ega 	 0.039
93 	 558 	 acc 	 0.039
94 	 391 	 dfd 	 0.039
95 	 482 	 fgf 	 0.038
96 	 576 	 fde 	 0.038
97 	 265 	 fac 	 0.037
98 	 266 	 faa 	 0.037
99 	 361 	 ceg 	 0.036
100 	 417 	 efg 	 0.035
101 	 304 	 fbc 	 0.034
102 	 569 	 eae 	 0.034
103 	 550 	 dcf 	 0.034
104 	 269 	 fad 	 0.033
105 	 484 	 fga 	 0.033
106 	 445 	 bfb 	 0.033
107 	 521 	 ccb 	 0.033
108 	 442 	 dbg 	 0.033
109 	 553 	 cgb 	 0.032
110 	 376 	 gfe 	 0.032

*** mRMR features *** 
Order 	 Fea 	 Name 	 Score
1 	 536 	 eee 	 0.263
2 	 549 	 ddd 	 0.085
3 	 551 	 dcg 	 0.048
4 	 319 	 bgb 	 0.042
5 	 356 	 ffe 	 0.031
6 	 574 	 fdc 	 0.028
7 	 538 	 eeg 	 0.027
8 	 541 	 eec 	 0.035
9 	 591 	 bcb 	 0.032
10 	 285 	 abg 	 0.031
11 	 537 	 eed 	 0.032
12 	 305 	 fbb 	 0.028
13 	 419 	 bdg 	 0.026
14 	 287 	 cgc 	 0.025
15 	 398 	 aad 	 0.029
16 	 420 	 fca 	 0.022
17 	 373 	 gff 	 0.022
18 	 502 	 dad 	 0.026
19 	 353 	 egd 	 0.025
20 	 527 	 gdf 	 0.026
21 	 431 	 cde 	 0.027
22 	 290 	 dcc 	 0.025
23 	 344 	 afb 	 0.022
24 	 278 	 bde 	 0.021
25 	 289 	 dcb 	 0.021
26 	 417 	 efg 	 0.020
27 	 371 	 gfc 	 0.019
28 	 545 	 dda 	 0.019
29 	 288 	 dce 	 0.017
30 	 355 	 fff 	 0.018
31 	 482 	 fgf 	 0.014
32 	 280 	 abb 	 0.015
33 	 484 	 fga 	 0.014
34 	 454 	 geg 	 0.012
35 	 334 	 gcb 	 0.013
36 	 379 	 bae 	 0.013
37 	 359 	 ffb 	 0.012
38 	 366 	 ceb 	 0.012
39 	 556 	 cgg 	 0.012
40 	 456 	 gee 	 0.011
41 	 463 	 gbc 	 0.010
42 	 349 	 ega 	 0.010
43 	 275 	 cfb 	 0.010
44 	 531 	 add 	 0.010
45 	 361 	 ceg 	 0.009
46 	 532 	 ade 	 0.008
47 	 517 	 ccg 	 0.007
48 	 308 	 fbf 	 0.007
49 	 117 	 CCGT 	 0.006
50 	 307 	 fbg 	 0.007
51 	 339 	 afd 	 0.006
52 	 306 	 fba 	 0.006
53 	 376 	 gfe 	 0.006
54 	 519 	 cca 	 0.006
55 	 297 	 ggb 	 0.005
56 	 447 	 bfg 	 0.004
57 	 390 	 dfe 	 0.005
58 	 214 	 AGCC 	 0.004
59 	 411 	 efa 	 0.005
60 	 351 	 egf 	 0.004
61 	 529 	 adf 	 0.005
62 	 503 	 dae 	 0.003
63 	 261 	 edg 	 0.003
64 	 646 	 length_ratio 	 0.003
65 	 407 	 bef 	 0.003
66 	 494 	 gag 	 0.002
67 	 410 	 bee 	 0.003
68 	 526 	 gde 	 0.002
69 	 17 	 TAGC 	 0.002
70 	 169 	 TGAC 	 0.002
71 	 597 	 bca 	 0.003
72 	 191 	 GTTC 	 0.002
73 	 320 	 bgd 	 0.002
74 	 434 	 cda 	 0.002
75 	 112 	 ATCC 	 0.002
76 	 274 	 cfe 	 0.002
77 	 573 	 fda 	 0.002
78 	 87 	 AGGT 	 0.001
79 	 180 	 TATC 	 0.001
80 	 150 	 ATTG 	 0.001
81 	 438 	 dbc 	 0.001
82 	 257 	 edb 	 0.001
83 	 220 	 TTGA 	 0.000
84 	 55 	 TCTC 	 0.000
85 	 483 	 fgg 	 0.000
86 	 263 	 ede 	 0.001
87 	 283 	 abe 	 0.001
88 	 159 	 TTTC 	 0.000
89 	 1 	 GTAC 	 0.000
90 	 444 	 bfc 	 0.001
91 	 507 	 dab 	 0.000
92 	 133 	 TCGT 	 0.000
93 	 513 	 dgd 	 0.000
94 	 56 	 TATG 	 0.000
95 	 555 	 cgd 	 0.001
96 	 24 	 GAAC 	 0.000
97 	 272 	 cfg 	 -0.000
98 	 131 	 CTCG 	 -0.000
99 	 576 	 fde 	 0.000
100 	 534 	 adc 	 0.000
101 	 163 	 GCAG 	 -0.000
102 	 481 	 fge 	 -0.000
103 	 504 	 daf 	 0.000
104 	 337 	 gcg 	 -0.000
105 	 123 	 TGGA 	 -0.000
106 	 53 	 ACTA 	 -0.000
107 	 36 	 GCTT 	 -0.001
108 	 265 	 fac 	 -0.000
109 	 52 	 TCTG 	 -0.001
110 	 313 	 fed 	 -0.000


 *** This program and the respective minimum Redundancy Maximum Relevance (mRMR) 
     algorithm were developed by Hanchuan Peng <hanchuan.peng@gmail.com>for
     the paper 
     "Feature selection based on mutual information: criteria of 
      max-dependency, max-relevance, and min-redundancy,"
      Hanchuan Peng, Fuhui Long, and Chris Ding, 
      IEEE Transactions on Pattern Analysis and Machine Intelligence,
      Vol. 27, No. 8, pp.1226-1238, 2005.

