You have specified parameters: threshold=mu+/-0.20*sigma #fea=110 selection method=MID #maxVar=10000 #maxSample=12408

Target classification variable (#1 column in the input data) has name=class 	entropy score=1.000

*** MaxRel features ***
Order 	 Fea 	 Name 	 Score
1 	 536 	 eee 	 0.259
2 	 549 	 ddd 	 0.198
3 	 537 	 eed 	 0.145
4 	 574 	 fdc 	 0.137
5 	 356 	 ffe 	 0.134
6 	 398 	 aad 	 0.134
7 	 502 	 dad 	 0.116
8 	 541 	 eec 	 0.116
9 	 557 	 cgf 	 0.113
10 	 305 	 fbb 	 0.112
11 	 591 	 bcb 	 0.099
12 	 431 	 cde 	 0.099
13 	 319 	 bgb 	 0.096
14 	 278 	 bde 	 0.094
15 	 306 	 fba 	 0.093
16 	 531 	 add 	 0.091
17 	 419 	 bdg 	 0.088
18 	 280 	 abb 	 0.088
19 	 551 	 dcg 	 0.086
20 	 420 	 fca 	 0.085
21 	 275 	 cfb 	 0.082
22 	 503 	 dae 	 0.081
23 	 507 	 dab 	 0.081
24 	 290 	 dcc 	 0.079
25 	 355 	 fff 	 0.078
26 	 597 	 bca 	 0.076
27 	 287 	 cgc 	 0.076
28 	 379 	 bae 	 0.075
29 	 535 	 ada 	 0.075
30 	 434 	 cda 	 0.074
31 	 390 	 dfe 	 0.073
32 	 366 	 ceb 	 0.073
33 	 359 	 ffb 	 0.072
34 	 504 	 daf 	 0.070
35 	 411 	 efa 	 0.069
36 	 538 	 eeg 	 0.068
37 	 410 	 bee 	 0.067
38 	 288 	 dce 	 0.067
39 	 519 	 cca 	 0.066
40 	 339 	 afd 	 0.066
41 	 308 	 fbf 	 0.066
42 	 407 	 bef 	 0.065
43 	 555 	 cgd 	 0.064
44 	 371 	 gfc 	 0.064
45 	 285 	 abg 	 0.064
46 	 353 	 egd 	 0.060
47 	 573 	 fda 	 0.059
48 	 330 	 def 	 0.058
49 	 344 	 afb 	 0.058
50 	 527 	 gdf 	 0.057
51 	 545 	 dda 	 0.057
52 	 313 	 fed 	 0.057
53 	 532 	 ade 	 0.056
54 	 307 	 fbg 	 0.056
55 	 283 	 abe 	 0.056
56 	 534 	 adc 	 0.055
57 	 289 	 dcb 	 0.055
58 	 274 	 cfe 	 0.054
59 	 368 	 dac 	 0.054
60 	 444 	 bfc 	 0.054
61 	 463 	 gbc 	 0.053
62 	 438 	 dbc 	 0.053
63 	 334 	 gcb 	 0.052
64 	 345 	 afc 	 0.051
65 	 472 	 baa 	 0.051
66 	 529 	 adf 	 0.050
67 	 517 	 ccg 	 0.050
68 	 456 	 gee 	 0.050
69 	 418 	 aba 	 0.049
70 	 421 	 fcb 	 0.048
71 	 257 	 edb 	 0.048
72 	 580 	 bcd 	 0.048
73 	 543 	 ddc 	 0.048
74 	 263 	 ede 	 0.046
75 	 311 	 fef 	 0.046
76 	 413 	 efc 	 0.045
77 	 436 	 cdc 	 0.045
78 	 373 	 gff 	 0.045
79 	 481 	 fge 	 0.044
80 	 582 	 bcf 	 0.044
81 	 539 	 eef 	 0.043
82 	 501 	 cab 	 0.043
83 	 378 	 aec 	 0.042
84 	 262 	 edd 	 0.042
85 	 550 	 dcf 	 0.041
86 	 266 	 faa 	 0.041
87 	 265 	 fac 	 0.040
88 	 349 	 ega 	 0.040
89 	 558 	 acc 	 0.040
90 	 560 	 aca 	 0.039
91 	 482 	 fgf 	 0.039
92 	 361 	 ceg 	 0.039
93 	 322 	 bgf 	 0.038
94 	 271 	 cff 	 0.038
95 	 583 	 cbb 	 0.038
96 	 484 	 fga 	 0.038
97 	 428 	 abf 	 0.038
98 	 376 	 gfe 	 0.038
99 	 365 	 cec 	 0.037
100 	 331 	 deg 	 0.037
101 	 447 	 bfg 	 0.036
102 	 391 	 dfd 	 0.036
103 	 569 	 eae 	 0.035
104 	 575 	 fdb 	 0.035
105 	 576 	 fde 	 0.034
106 	 442 	 dbg 	 0.034
107 	 589 	 cbe 	 0.033
108 	 520 	 ccc 	 0.032
109 	 453 	 gea 	 0.032
110 	 321 	 bge 	 0.032

*** mRMR features *** 
Order 	 Fea 	 Name 	 Score
1 	 536 	 eee 	 0.259
2 	 549 	 ddd 	 0.091
3 	 551 	 dcg 	 0.043
4 	 319 	 bgb 	 0.045
5 	 356 	 ffe 	 0.033
6 	 574 	 fdc 	 0.031
7 	 538 	 eeg 	 0.029
8 	 431 	 cde 	 0.036
9 	 591 	 bcb 	 0.033
10 	 541 	 eec 	 0.034
11 	 285 	 abg 	 0.031
12 	 537 	 eed 	 0.033
13 	 419 	 bdg 	 0.031
14 	 373 	 gff 	 0.026
15 	 306 	 fba 	 0.028
16 	 502 	 dad 	 0.030
17 	 290 	 dcc 	 0.027
18 	 287 	 cgc 	 0.028
19 	 398 	 aad 	 0.031
20 	 353 	 egd 	 0.027
21 	 420 	 fca 	 0.024
22 	 527 	 gdf 	 0.026
23 	 305 	 fbb 	 0.026
24 	 288 	 dce 	 0.023
25 	 289 	 dcb 	 0.019
26 	 417 	 efg 	 0.017
27 	 278 	 bde 	 0.019
28 	 344 	 afb 	 0.018
29 	 355 	 fff 	 0.018
30 	 456 	 gee 	 0.015
31 	 484 	 fga 	 0.015
32 	 366 	 ceb 	 0.016
33 	 482 	 fgf 	 0.015
34 	 379 	 bae 	 0.014
35 	 463 	 gbc 	 0.012
36 	 280 	 abb 	 0.012
37 	 556 	 cgg 	 0.012
38 	 361 	 ceg 	 0.012
39 	 557 	 cgf 	 0.013
40 	 349 	 ega 	 0.012
41 	 334 	 gcb 	 0.013
42 	 371 	 gfc 	 0.012
43 	 503 	 dae 	 0.011
44 	 275 	 cfb 	 0.010
45 	 454 	 geg 	 0.010
46 	 307 	 fbg 	 0.009
47 	 529 	 adf 	 0.007
48 	 117 	 CCGT 	 0.007
49 	 376 	 gfe 	 0.007
50 	 308 	 fbf 	 0.008
51 	 531 	 add 	 0.007
52 	 359 	 ffb 	 0.007
53 	 447 	 bfg 	 0.007
54 	 339 	 afd 	 0.006
55 	 297 	 ggb 	 0.006
56 	 351 	 egf 	 0.005
57 	 390 	 dfe 	 0.006
58 	 526 	 gde 	 0.004
59 	 519 	 cca 	 0.005
60 	 532 	 ade 	 0.005
61 	 646 	 length_ratio 	 0.004
62 	 517 	 ccg 	 0.005
63 	 494 	 gag 	 0.003
64 	 214 	 AGCC 	 0.003
65 	 597 	 bca 	 0.004
66 	 407 	 bef 	 0.003
67 	 410 	 bee 	 0.003
68 	 45 	 TAAA 	 0.002
69 	 573 	 fda 	 0.003
70 	 320 	 bgd 	 0.002
71 	 112 	 ATCC 	 0.002
72 	 545 	 dda 	 0.002
73 	 150 	 ATTG 	 0.002
74 	 191 	 GTTC 	 0.002
75 	 345 	 afc 	 0.002
76 	 555 	 cgd 	 0.003
77 	 190 	 GTTA 	 0.002
78 	 411 	 efa 	 0.002
79 	 159 	 TTTC 	 0.001
80 	 257 	 edb 	 0.002
81 	 17 	 TAGC 	 0.001
82 	 272 	 cfg 	 0.001
83 	 513 	 dgd 	 0.001
84 	 434 	 cda 	 0.002
85 	 444 	 bfc 	 0.001
86 	 44 	 TAAC 	 0.001
87 	 169 	 TGAC 	 0.001
88 	 507 	 dab 	 0.001
89 	 24 	 GAAC 	 0.001
90 	 127 	 TGGT 	 0.001
91 	 274 	 cfe 	 0.001
92 	 123 	 TGGA 	 0.001
93 	 483 	 fgg 	 0.000
94 	 96 	 GATA 	 0.000
95 	 265 	 fac 	 0.000
96 	 209 	 GAGT 	 0.000
97 	 504 	 daf 	 0.000
98 	 219 	 GAGC 	 0.000
99 	 9 	 AGTA 	 -0.000
100 	 639 	 G_pos 	 -0.000
101 	 481 	 fge 	 0.000
102 	 535 	 ada 	 0.000
103 	 1 	 GTAC 	 -0.000
104 	 580 	 bcd 	 0.000
105 	 559 	 acb 	 -0.000
106 	 54 	 ACTC 	 -0.000
107 	 337 	 gcg 	 -0.000
108 	 52 	 TCTG 	 -0.000
109 	 368 	 dac 	 0.000
110 	 576 	 fde 	 -0.000


 *** This program and the respective minimum Redundancy Maximum Relevance (mRMR) 
     algorithm were developed by Hanchuan Peng <hanchuan.peng@gmail.com>for
     the paper 
     "Feature selection based on mutual information: criteria of 
      max-dependency, max-relevance, and min-redundancy,"
      Hanchuan Peng, Fuhui Long, and Chris Ding, 
      IEEE Transactions on Pattern Analysis and Machine Intelligence,
      Vol. 27, No. 8, pp.1226-1238, 2005.

