You have specified parameters: threshold=mu+/-0.20*sigma #fea=110 selection method=MID #maxVar=10000 #maxSample=12408

Target classification variable (#1 column in the input data) has name=class 	entropy score=1.000

*** MaxRel features ***
Order 	 Fea 	 Name 	 Score
1 	 536 	 eee 	 0.268
2 	 549 	 ddd 	 0.186
3 	 537 	 eed 	 0.145
4 	 398 	 aad 	 0.136
5 	 574 	 fdc 	 0.135
6 	 356 	 ffe 	 0.135
7 	 305 	 fbb 	 0.124
8 	 541 	 eec 	 0.122
9 	 502 	 dad 	 0.122
10 	 431 	 cde 	 0.113
11 	 591 	 bcb 	 0.100
12 	 278 	 bde 	 0.098
13 	 551 	 dcg 	 0.092
14 	 531 	 add 	 0.091
15 	 319 	 bgb 	 0.091
16 	 280 	 abb 	 0.089
17 	 420 	 fca 	 0.088
18 	 419 	 bdg 	 0.087
19 	 355 	 fff 	 0.084
20 	 275 	 cfb 	 0.081
21 	 287 	 cgc 	 0.080
22 	 503 	 dae 	 0.079
23 	 507 	 dab 	 0.079
24 	 434 	 cda 	 0.078
25 	 366 	 ceb 	 0.075
26 	 597 	 bca 	 0.075
27 	 290 	 dcc 	 0.075
28 	 359 	 ffb 	 0.075
29 	 411 	 efa 	 0.074
30 	 379 	 bae 	 0.072
31 	 535 	 ada 	 0.071
32 	 504 	 daf 	 0.071
33 	 390 	 dfe 	 0.069
34 	 339 	 afd 	 0.068
35 	 308 	 fbf 	 0.067
36 	 285 	 abg 	 0.067
37 	 371 	 gfc 	 0.067
38 	 344 	 afb 	 0.065
39 	 410 	 bee 	 0.064
40 	 407 	 bef 	 0.063
41 	 519 	 cca 	 0.063
42 	 538 	 eeg 	 0.063
43 	 313 	 fed 	 0.063
44 	 573 	 fda 	 0.062
45 	 532 	 ade 	 0.061
46 	 283 	 abe 	 0.061
47 	 438 	 dbc 	 0.061
48 	 288 	 dce 	 0.061
49 	 555 	 cgd 	 0.061
50 	 353 	 egd 	 0.061
51 	 330 	 def 	 0.059
52 	 529 	 adf 	 0.059
53 	 258 	 edc 	 0.058
54 	 557 	 cgf 	 0.057
55 	 334 	 gcb 	 0.057
56 	 534 	 adc 	 0.057
57 	 274 	 cfe 	 0.057
58 	 527 	 gdf 	 0.056
59 	 545 	 dda 	 0.053
60 	 257 	 edb 	 0.052
61 	 289 	 dcb 	 0.052
62 	 306 	 fba 	 0.051
63 	 368 	 dac 	 0.050
64 	 345 	 afc 	 0.050
65 	 307 	 fbg 	 0.049
66 	 456 	 gee 	 0.049
67 	 543 	 ddc 	 0.049
68 	 418 	 aba 	 0.049
69 	 413 	 efc 	 0.048
70 	 472 	 baa 	 0.048
71 	 463 	 gbc 	 0.047
72 	 311 	 fef 	 0.047
73 	 517 	 ccg 	 0.047
74 	 580 	 bcd 	 0.046
75 	 378 	 aec 	 0.045
76 	 539 	 eef 	 0.045
77 	 421 	 fcb 	 0.045
78 	 263 	 ede 	 0.044
79 	 444 	 bfc 	 0.044
80 	 560 	 aca 	 0.044
81 	 373 	 gff 	 0.044
82 	 501 	 cab 	 0.042
83 	 436 	 cdc 	 0.042
84 	 271 	 cff 	 0.042
85 	 262 	 edd 	 0.042
86 	 583 	 cbb 	 0.042
87 	 365 	 cec 	 0.041
88 	 582 	 bcf 	 0.041
89 	 265 	 fac 	 0.041
90 	 428 	 abf 	 0.040
91 	 349 	 ega 	 0.040
92 	 481 	 fge 	 0.038
93 	 331 	 deg 	 0.038
94 	 322 	 bgf 	 0.038
95 	 484 	 fga 	 0.038
96 	 266 	 faa 	 0.038
97 	 482 	 fgf 	 0.038
98 	 361 	 ceg 	 0.037
99 	 558 	 acc 	 0.037
100 	 391 	 dfd 	 0.036
101 	 576 	 fde 	 0.035
102 	 589 	 cbe 	 0.035
103 	 521 	 ccb 	 0.034
104 	 447 	 bfg 	 0.034
105 	 569 	 eae 	 0.033
106 	 445 	 bfb 	 0.033
107 	 417 	 efg 	 0.032
108 	 575 	 fdb 	 0.032
109 	 550 	 dcf 	 0.032
110 	 553 	 cgb 	 0.032

*** mRMR features *** 
Order 	 Fea 	 Name 	 Score
1 	 536 	 eee 	 0.268
2 	 549 	 ddd 	 0.085
3 	 551 	 dcg 	 0.051
4 	 420 	 fca 	 0.042
5 	 591 	 bcb 	 0.039
6 	 356 	 ffe 	 0.050
7 	 398 	 aad 	 0.045
8 	 538 	 eeg 	 0.034
9 	 537 	 eed 	 0.037
10 	 285 	 abg 	 0.032
11 	 305 	 fbb 	 0.036
12 	 574 	 fdc 	 0.025
13 	 541 	 eec 	 0.029
14 	 419 	 bdg 	 0.030
15 	 287 	 cgc 	 0.025
16 	 527 	 gdf 	 0.025
17 	 502 	 dad 	 0.026
18 	 353 	 egd 	 0.027
19 	 431 	 cde 	 0.026
20 	 373 	 gff 	 0.026
21 	 290 	 dcc 	 0.027
22 	 344 	 afb 	 0.023
23 	 278 	 bde 	 0.022
24 	 417 	 efg 	 0.018
25 	 288 	 dce 	 0.020
26 	 355 	 fff 	 0.021
27 	 289 	 dcb 	 0.017
28 	 484 	 fga 	 0.017
29 	 371 	 gfc 	 0.017
30 	 503 	 dae 	 0.016
31 	 280 	 abb 	 0.014
32 	 482 	 fgf 	 0.014
33 	 359 	 ffb 	 0.013
34 	 454 	 geg 	 0.013
35 	 334 	 gcb 	 0.014
36 	 531 	 add 	 0.014
37 	 349 	 ega 	 0.013
38 	 361 	 ceg 	 0.013
39 	 456 	 gee 	 0.012
40 	 379 	 bae 	 0.012
41 	 517 	 ccg 	 0.011
42 	 556 	 cgg 	 0.010
43 	 366 	 ceb 	 0.011
44 	 275 	 cfb 	 0.011
45 	 463 	 gbc 	 0.010
46 	 529 	 adf 	 0.009
47 	 307 	 fbg 	 0.007
48 	 308 	 fbf 	 0.007
49 	 319 	 bgb 	 0.007
50 	 351 	 egf 	 0.006
51 	 447 	 bfg 	 0.006
52 	 532 	 ade 	 0.006
53 	 376 	 gfe 	 0.006
54 	 339 	 afd 	 0.006
55 	 117 	 CCGT 	 0.005
56 	 390 	 dfe 	 0.004
57 	 297 	 ggb 	 0.004
58 	 597 	 bca 	 0.004
59 	 646 	 length_ratio 	 0.004
60 	 519 	 cca 	 0.005
61 	 214 	 AGCC 	 0.003
62 	 573 	 fda 	 0.004
63 	 17 	 TAGC 	 0.002
64 	 545 	 dda 	 0.003
65 	 411 	 efa 	 0.003
66 	 261 	 edg 	 0.003
67 	 526 	 gde 	 0.002
68 	 410 	 bee 	 0.003
69 	 191 	 GTTC 	 0.002
70 	 306 	 fba 	 0.003
71 	 407 	 bef 	 0.003
72 	 53 	 ACTA 	 0.002
73 	 434 	 cda 	 0.003
74 	 494 	 gag 	 0.002
75 	 169 	 TGAC 	 0.001
76 	 131 	 CTCG 	 0.001
77 	 320 	 bgd 	 0.001
78 	 345 	 afc 	 0.001
79 	 274 	 cfe 	 0.001
80 	 283 	 abe 	 0.001
81 	 513 	 dgd 	 0.001
82 	 438 	 dbc 	 0.001
83 	 44 	 TAAC 	 0.001
84 	 24 	 GAAC 	 0.000
85 	 220 	 TTGA 	 0.000
86 	 257 	 edb 	 0.000
87 	 96 	 GATA 	 0.000
88 	 555 	 cgd 	 0.000
89 	 507 	 dab 	 0.001
90 	 222 	 AGCT 	 0.000
91 	 112 	 ATCC 	 0.000
92 	 272 	 cfg 	 0.000
93 	 483 	 fgg 	 0.000
94 	 180 	 TATC 	 -0.000
95 	 241 	 TACA 	 -0.000
96 	 265 	 fac 	 -0.000
97 	 240 	 CACC 	 -0.000
98 	 337 	 gcg 	 -0.000
99 	 313 	 fed 	 0.000
100 	 159 	 TTTC 	 -0.000
101 	 504 	 daf 	 0.000
102 	 196 	 AACC 	 -0.000
103 	 535 	 ada 	 -0.000
104 	 126 	 CACG 	 -0.001
105 	 576 	 fde 	 -0.000
106 	 209 	 GAGT 	 -0.001
107 	 534 	 adc 	 -0.000
108 	 111 	 GCCT 	 -0.001
109 	 611 	 3mer_11 	 -0.001
110 	 271 	 cff 	 -0.000


 *** This program and the respective minimum Redundancy Maximum Relevance (mRMR) 
     algorithm were developed by Hanchuan Peng <hanchuan.peng@gmail.com>for
     the paper 
     "Feature selection based on mutual information: criteria of 
      max-dependency, max-relevance, and min-redundancy,"
      Hanchuan Peng, Fuhui Long, and Chris Ding, 
      IEEE Transactions on Pattern Analysis and Machine Intelligence,
      Vol. 27, No. 8, pp.1226-1238, 2005.

