You have specified parameters: threshold=mu+/-0.20*sigma #fea=110 selection method=MID #maxVar=10000 #maxSample=12408

Target classification variable (#1 column in the input data) has name=class 	entropy score=1.000

*** MaxRel features ***
Order 	 Fea 	 Name 	 Score
1 	 536 	 eee 	 0.253
2 	 549 	 ddd 	 0.193
3 	 537 	 eed 	 0.141
4 	 574 	 fdc 	 0.134
5 	 398 	 aad 	 0.134
6 	 356 	 ffe 	 0.129
7 	 502 	 dad 	 0.123
8 	 305 	 fbb 	 0.118
9 	 541 	 eec 	 0.117
10 	 431 	 cde 	 0.110
11 	 531 	 add 	 0.097
12 	 278 	 bde 	 0.096
13 	 306 	 fba 	 0.094
14 	 420 	 fca 	 0.093
15 	 280 	 abb 	 0.092
16 	 319 	 bgb 	 0.089
17 	 551 	 dcg 	 0.086
18 	 419 	 bdg 	 0.084
19 	 355 	 fff 	 0.082
20 	 545 	 dda 	 0.079
21 	 275 	 cfb 	 0.078
22 	 434 	 cda 	 0.077
23 	 287 	 cgc 	 0.076
24 	 507 	 dab 	 0.076
25 	 503 	 dae 	 0.075
26 	 366 	 ceb 	 0.075
27 	 290 	 dcc 	 0.074
28 	 597 	 bca 	 0.074
29 	 359 	 ffb 	 0.073
30 	 379 	 bae 	 0.073
31 	 411 	 efa 	 0.072
32 	 591 	 bcb 	 0.071
33 	 535 	 ada 	 0.071
34 	 390 	 dfe 	 0.068
35 	 538 	 eeg 	 0.067
36 	 519 	 cca 	 0.067
37 	 504 	 daf 	 0.067
38 	 438 	 dbc 	 0.065
39 	 339 	 afd 	 0.063
40 	 410 	 bee 	 0.063
41 	 344 	 afb 	 0.063
42 	 371 	 gfc 	 0.062
43 	 555 	 cgd 	 0.062
44 	 407 	 bef 	 0.062
45 	 308 	 fbf 	 0.061
46 	 285 	 abg 	 0.060
47 	 557 	 cgf 	 0.060
48 	 532 	 ade 	 0.057
49 	 288 	 dce 	 0.057
50 	 313 	 fed 	 0.057
51 	 330 	 def 	 0.057
52 	 353 	 egd 	 0.057
53 	 527 	 gdf 	 0.056
54 	 573 	 fda 	 0.055
55 	 283 	 abe 	 0.055
56 	 289 	 dcb 	 0.054
57 	 534 	 adc 	 0.053
58 	 421 	 fcb 	 0.051
59 	 345 	 afc 	 0.051
60 	 472 	 baa 	 0.051
61 	 274 	 cfe 	 0.050
62 	 368 	 dac 	 0.049
63 	 257 	 edb 	 0.049
64 	 418 	 aba 	 0.049
65 	 463 	 gbc 	 0.049
66 	 307 	 fbg 	 0.048
67 	 543 	 ddc 	 0.047
68 	 481 	 fge 	 0.047
69 	 334 	 gcb 	 0.046
70 	 517 	 ccg 	 0.046
71 	 456 	 gee 	 0.046
72 	 580 	 bcd 	 0.045
73 	 263 	 ede 	 0.045
74 	 378 	 aec 	 0.043
75 	 501 	 cab 	 0.043
76 	 311 	 fef 	 0.042
77 	 539 	 eef 	 0.042
78 	 373 	 gff 	 0.042
79 	 269 	 fad 	 0.041
80 	 583 	 cbb 	 0.041
81 	 271 	 cff 	 0.040
82 	 444 	 bfc 	 0.040
83 	 262 	 edd 	 0.040
84 	 266 	 faa 	 0.039
85 	 560 	 aca 	 0.039
86 	 428 	 abf 	 0.038
87 	 265 	 fac 	 0.038
88 	 331 	 deg 	 0.038
89 	 582 	 bcf 	 0.037
90 	 529 	 adf 	 0.037
91 	 558 	 acc 	 0.037
92 	 391 	 dfd 	 0.037
93 	 349 	 ega 	 0.036
94 	 365 	 cec 	 0.036
95 	 361 	 ceg 	 0.036
96 	 482 	 fgf 	 0.035
97 	 322 	 bgf 	 0.035
98 	 258 	 edc 	 0.035
99 	 436 	 cdc 	 0.034
100 	 413 	 efc 	 0.034
101 	 576 	 fde 	 0.033
102 	 588 	 cbd 	 0.033
103 	 569 	 eae 	 0.033
104 	 589 	 cbe 	 0.032
105 	 321 	 bge 	 0.032
106 	 521 	 ccb 	 0.032
107 	 553 	 cgb 	 0.032
108 	 442 	 dbg 	 0.031
109 	 304 	 fbc 	 0.031
110 	 484 	 fga 	 0.031

*** mRMR features *** 
Order 	 Fea 	 Name 	 Score
1 	 536 	 eee 	 0.253
2 	 549 	 ddd 	 0.093
3 	 551 	 dcg 	 0.049
4 	 420 	 fca 	 0.043
5 	 398 	 aad 	 0.037
6 	 356 	 ffe 	 0.038
7 	 538 	 eeg 	 0.036
8 	 574 	 fdc 	 0.031
9 	 373 	 gff 	 0.030
10 	 537 	 eed 	 0.031
11 	 287 	 cgc 	 0.025
12 	 541 	 eec 	 0.032
13 	 527 	 gdf 	 0.029
14 	 431 	 cde 	 0.031
15 	 419 	 bdg 	 0.032
16 	 353 	 egd 	 0.025
17 	 502 	 dad 	 0.029
18 	 306 	 fba 	 0.025
19 	 290 	 dcc 	 0.026
20 	 355 	 fff 	 0.026
21 	 591 	 bcb 	 0.022
22 	 344 	 afb 	 0.022
23 	 288 	 dce 	 0.023
24 	 305 	 fbb 	 0.023
25 	 289 	 dcb 	 0.018
26 	 278 	 bde 	 0.018
27 	 417 	 efg 	 0.017
28 	 285 	 abg 	 0.017
29 	 545 	 dda 	 0.015
30 	 280 	 abb 	 0.014
31 	 371 	 gfc 	 0.014
32 	 484 	 fga 	 0.013
33 	 482 	 fgf 	 0.013
34 	 454 	 geg 	 0.012
35 	 366 	 ceb 	 0.012
36 	 379 	 bae 	 0.011
37 	 456 	 gee 	 0.010
38 	 359 	 ffb 	 0.011
39 	 463 	 gbc 	 0.011
40 	 556 	 cgg 	 0.010
41 	 531 	 add 	 0.011
42 	 349 	 ega 	 0.010
43 	 519 	 cca 	 0.009
44 	 361 	 ceg 	 0.010
45 	 334 	 gcb 	 0.009
46 	 275 	 cfb 	 0.008
47 	 117 	 CCGT 	 0.007
48 	 503 	 dae 	 0.006
49 	 307 	 fbg 	 0.006
50 	 351 	 egf 	 0.005
51 	 308 	 fbf 	 0.005
52 	 646 	 length_ratio 	 0.005
53 	 532 	 ade 	 0.005
54 	 376 	 gfe 	 0.005
55 	 447 	 bfg 	 0.005
56 	 297 	 ggb 	 0.005
57 	 319 	 bgb 	 0.005
58 	 339 	 afd 	 0.006
59 	 517 	 ccg 	 0.005
60 	 390 	 dfe 	 0.005
61 	 526 	 gde 	 0.005
62 	 214 	 AGCC 	 0.004
63 	 597 	 bca 	 0.004
64 	 211 	 GGTG 	 0.003
65 	 261 	 edg 	 0.003
66 	 494 	 gag 	 0.002
67 	 411 	 efa 	 0.003
68 	 17 	 TAGC 	 0.002
69 	 434 	 cda 	 0.002
70 	 131 	 CTCG 	 0.002
71 	 407 	 bef 	 0.002
72 	 410 	 bee 	 0.002
73 	 44 	 TAAC 	 0.002
74 	 345 	 afc 	 0.001
75 	 169 	 TGAC 	 0.001
76 	 573 	 fda 	 0.001
77 	 163 	 GCAG 	 0.001
78 	 159 	 TTTC 	 0.001
79 	 438 	 dbc 	 0.001
80 	 257 	 edb 	 0.001
81 	 215 	 TTGT 	 0.001
82 	 121 	 CTCC 	 0.001
83 	 320 	 bgd 	 0.001
84 	 272 	 cfg 	 0.001
85 	 555 	 cgd 	 0.001
86 	 96 	 GATA 	 0.001
87 	 481 	 fge 	 0.001
88 	 24 	 GAAC 	 0.001
89 	 507 	 dab 	 0.001
90 	 53 	 ACTA 	 0.000
91 	 483 	 fgg 	 0.000
92 	 576 	 fde 	 0.001
93 	 513 	 dgd 	 0.000
94 	 112 	 ATCC 	 0.000
95 	 274 	 cfe 	 0.000
96 	 283 	 abe 	 0.000
97 	 241 	 TACA 	 0.000
98 	 111 	 GCCT 	 0.000
99 	 191 	 GTTC 	 0.000
100 	 123 	 TGGA 	 -0.000
101 	 337 	 gcg 	 -0.000
102 	 265 	 fac 	 0.000
103 	 625 	 2mer_5 	 -0.000
104 	 535 	 ada 	 0.000
105 	 239 	 GCAC 	 -0.000
106 	 504 	 daf 	 0.000
107 	 91 	 TTCC 	 -0.000
108 	 350 	 egg 	 -0.000
109 	 640 	 T_pos 	 -0.000
110 	 206 	 ACCT 	 -0.001


 *** This program and the respective minimum Redundancy Maximum Relevance (mRMR) 
     algorithm were developed by Hanchuan Peng <hanchuan.peng@gmail.com>for
     the paper 
     "Feature selection based on mutual information: criteria of 
      max-dependency, max-relevance, and min-redundancy,"
      Hanchuan Peng, Fuhui Long, and Chris Ding, 
      IEEE Transactions on Pattern Analysis and Machine Intelligence,
      Vol. 27, No. 8, pp.1226-1238, 2005.

