You have specified parameters: threshold=mu+/-0.20*sigma #fea=110 selection method=MID #maxVar=10000 #maxSample=12408

Target classification variable (#1 column in the input data) has name=class 	entropy score=1.000

*** MaxRel features ***
Order 	 Fea 	 Name 	 Score
1 	 536 	 eee 	 0.259
2 	 549 	 ddd 	 0.187
3 	 537 	 eed 	 0.138
4 	 574 	 fdc 	 0.128
5 	 398 	 aad 	 0.127
6 	 502 	 dad 	 0.122
7 	 356 	 ffe 	 0.121
8 	 541 	 eec 	 0.116
9 	 305 	 fbb 	 0.115
10 	 557 	 cgf 	 0.108
11 	 591 	 bcb 	 0.102
12 	 531 	 add 	 0.097
13 	 278 	 bde 	 0.094
14 	 431 	 cde 	 0.092
15 	 319 	 bgb 	 0.092
16 	 306 	 fba 	 0.091
17 	 280 	 abb 	 0.086
18 	 419 	 bdg 	 0.086
19 	 420 	 fca 	 0.085
20 	 551 	 dcg 	 0.084
21 	 503 	 dae 	 0.080
22 	 275 	 cfb 	 0.078
23 	 287 	 cgc 	 0.077
24 	 434 	 cda 	 0.077
25 	 545 	 dda 	 0.077
26 	 355 	 fff 	 0.076
27 	 597 	 bca 	 0.075
28 	 411 	 efa 	 0.075
29 	 507 	 dab 	 0.073
30 	 290 	 dcc 	 0.071
31 	 379 	 bae 	 0.071
32 	 538 	 eeg 	 0.067
33 	 390 	 dfe 	 0.065
34 	 407 	 bef 	 0.065
35 	 535 	 ada 	 0.063
36 	 504 	 daf 	 0.063
37 	 519 	 cca 	 0.062
38 	 410 	 bee 	 0.062
39 	 308 	 fbf 	 0.062
40 	 330 	 def 	 0.061
41 	 438 	 dbc 	 0.060
42 	 532 	 ade 	 0.060
43 	 371 	 gfc 	 0.059
44 	 288 	 dce 	 0.059
45 	 313 	 fed 	 0.059
46 	 285 	 abg 	 0.059
47 	 573 	 fda 	 0.058
48 	 359 	 ffb 	 0.055
49 	 339 	 afd 	 0.055
50 	 283 	 abe 	 0.055
51 	 353 	 egd 	 0.055
52 	 534 	 adc 	 0.054
53 	 289 	 dcb 	 0.053
54 	 274 	 cfe 	 0.053
55 	 463 	 gbc 	 0.052
56 	 529 	 adf 	 0.052
57 	 527 	 gdf 	 0.051
58 	 345 	 afc 	 0.051
59 	 334 	 gcb 	 0.051
60 	 444 	 bfc 	 0.050
61 	 555 	 cgd 	 0.050
62 	 368 	 dac 	 0.049
63 	 307 	 fbg 	 0.049
64 	 472 	 baa 	 0.049
65 	 263 	 ede 	 0.048
66 	 344 	 afb 	 0.048
67 	 517 	 ccg 	 0.047
68 	 418 	 aba 	 0.047
69 	 539 	 eef 	 0.046
70 	 257 	 edb 	 0.046
71 	 456 	 gee 	 0.046
72 	 373 	 gff 	 0.045
73 	 543 	 ddc 	 0.044
74 	 580 	 bcd 	 0.044
75 	 436 	 cdc 	 0.044
76 	 311 	 fef 	 0.043
77 	 365 	 cec 	 0.042
78 	 421 	 fcb 	 0.042
79 	 391 	 dfd 	 0.041
80 	 481 	 fge 	 0.041
81 	 262 	 edd 	 0.041
82 	 575 	 fdb 	 0.041
83 	 583 	 cbb 	 0.041
84 	 378 	 aec 	 0.040
85 	 558 	 acc 	 0.040
86 	 413 	 efc 	 0.039
87 	 331 	 deg 	 0.039
88 	 560 	 aca 	 0.039
89 	 349 	 ega 	 0.038
90 	 550 	 dcf 	 0.038
91 	 501 	 cab 	 0.037
92 	 582 	 bcf 	 0.037
93 	 428 	 abf 	 0.037
94 	 266 	 faa 	 0.037
95 	 271 	 cff 	 0.036
96 	 265 	 fac 	 0.036
97 	 482 	 fgf 	 0.035
98 	 589 	 cbe 	 0.035
99 	 258 	 edc 	 0.034
100 	 576 	 fde 	 0.034
101 	 361 	 ceg 	 0.034
102 	 484 	 fga 	 0.034
103 	 553 	 cgb 	 0.033
104 	 304 	 fbc 	 0.033
105 	 322 	 bgf 	 0.033
106 	 569 	 eae 	 0.032
107 	 520 	 ccc 	 0.032
108 	 521 	 ccb 	 0.032
109 	 588 	 cbd 	 0.031
110 	 442 	 dbg 	 0.031

*** mRMR features *** 
Order 	 Fea 	 Name 	 Score
1 	 536 	 eee 	 0.259
2 	 549 	 ddd 	 0.083
3 	 551 	 dcg 	 0.045
4 	 319 	 bgb 	 0.040
5 	 356 	 ffe 	 0.025
6 	 574 	 fdc 	 0.028
7 	 538 	 eeg 	 0.028
8 	 591 	 bcb 	 0.034
9 	 541 	 eec 	 0.037
10 	 285 	 abg 	 0.027
11 	 537 	 eed 	 0.032
12 	 419 	 bdg 	 0.025
13 	 305 	 fbb 	 0.026
14 	 373 	 gff 	 0.021
15 	 306 	 fba 	 0.026
16 	 287 	 cgc 	 0.025
17 	 502 	 dad 	 0.025
18 	 527 	 gdf 	 0.024
19 	 353 	 egd 	 0.024
20 	 431 	 cde 	 0.025
21 	 398 	 aad 	 0.027
22 	 420 	 fca 	 0.023
23 	 290 	 dcc 	 0.023
24 	 289 	 dcb 	 0.020
25 	 288 	 dce 	 0.018
26 	 278 	 bde 	 0.017
27 	 417 	 efg 	 0.015
28 	 355 	 fff 	 0.015
29 	 545 	 dda 	 0.015
30 	 484 	 fga 	 0.013
31 	 482 	 fgf 	 0.013
32 	 280 	 abb 	 0.014
33 	 371 	 gfc 	 0.013
34 	 556 	 cgg 	 0.011
35 	 334 	 gcb 	 0.012
36 	 454 	 geg 	 0.011
37 	 379 	 bae 	 0.012
38 	 463 	 gbc 	 0.011
39 	 456 	 gee 	 0.010
40 	 531 	 add 	 0.012
41 	 349 	 ega 	 0.010
42 	 361 	 ceg 	 0.009
43 	 532 	 ade 	 0.010
44 	 275 	 cfb 	 0.009
45 	 308 	 fbf 	 0.007
46 	 117 	 CCGT 	 0.006
47 	 307 	 fbg 	 0.007
48 	 557 	 cgf 	 0.007
49 	 351 	 egf 	 0.004
50 	 376 	 gfe 	 0.005
51 	 529 	 adf 	 0.005
52 	 297 	 ggb 	 0.005
53 	 411 	 efa 	 0.005
54 	 503 	 dae 	 0.005
55 	 447 	 bfg 	 0.004
56 	 526 	 gde 	 0.004
57 	 344 	 afb 	 0.004
58 	 646 	 length_ratio 	 0.003
59 	 517 	 ccg 	 0.004
60 	 214 	 AGCC 	 0.003
61 	 519 	 cca 	 0.003
62 	 494 	 gag 	 0.003
63 	 17 	 TAGC 	 0.003
64 	 597 	 bca 	 0.004
65 	 320 	 bgd 	 0.003
66 	 53 	 ACTA 	 0.002
67 	 407 	 bef 	 0.003
68 	 339 	 afd 	 0.002
69 	 434 	 cda 	 0.002
70 	 191 	 GTTC 	 0.002
71 	 573 	 fda 	 0.002
72 	 24 	 GAAC 	 0.002
73 	 390 	 dfe 	 0.002
74 	 121 	 CTCC 	 0.001
75 	 410 	 bee 	 0.002
76 	 513 	 dgd 	 0.001
77 	 123 	 TGGA 	 0.001
78 	 345 	 afc 	 0.001
79 	 106 	 TCAG 	 0.001
80 	 575 	 fdb 	 0.001
81 	 55 	 TCTC 	 0.001
82 	 160 	 TTTG 	 0.001
83 	 283 	 abe 	 0.001
84 	 272 	 cfg 	 0.001
85 	 359 	 ffb 	 0.001
86 	 169 	 TGAC 	 0.001
87 	 274 	 cfe 	 0.001
88 	 483 	 fgg 	 0.000
89 	 110 	 ATCG 	 0.000
90 	 50 	 TAAT 	 0.000
91 	 261 	 edg 	 0.000
92 	 190 	 GTTA 	 0.000
93 	 438 	 dbc 	 0.000
94 	 257 	 edb 	 0.000
95 	 618 	 3mer_18 	 0.000
96 	 215 	 TTGT 	 0.000
97 	 150 	 ATTG 	 -0.000
98 	 365 	 cec 	 0.000
99 	 159 	 TTTC 	 -0.000
100 	 263 	 ede 	 -0.000
101 	 337 	 gcg 	 -0.000
102 	 330 	 def 	 0.000
103 	 133 	 TCGT 	 -0.000
104 	 1 	 GTAC 	 -0.000
105 	 414 	 efd 	 -0.000
106 	 507 	 dab 	 -0.000
107 	 313 	 fed 	 0.000
108 	 444 	 bfc 	 -0.000
109 	 602 	 3mer_2 	 -0.000
110 	 52 	 TCTG 	 -0.000


 *** This program and the respective minimum Redundancy Maximum Relevance (mRMR) 
     algorithm were developed by Hanchuan Peng <hanchuan.peng@gmail.com>for
     the paper 
     "Feature selection based on mutual information: criteria of 
      max-dependency, max-relevance, and min-redundancy,"
      Hanchuan Peng, Fuhui Long, and Chris Ding, 
      IEEE Transactions on Pattern Analysis and Machine Intelligence,
      Vol. 27, No. 8, pp.1226-1238, 2005.

