You have specified parameters: threshold=mu+/-0.20*sigma #fea=110 selection method=MID #maxVar=10000 #maxSample=12408

Target classification variable (#1 column in the input data) has name=class 	entropy score=1.000

*** MaxRel features ***
Order 	 Fea 	 Name 	 Score
1 	 536 	 eee 	 0.265
2 	 549 	 ddd 	 0.185
3 	 537 	 eed 	 0.142
4 	 398 	 aad 	 0.139
5 	 356 	 ffe 	 0.131
6 	 574 	 fdc 	 0.128
7 	 541 	 eec 	 0.119
8 	 502 	 dad 	 0.119
9 	 305 	 fbb 	 0.119
10 	 557 	 cgf 	 0.108
11 	 431 	 cde 	 0.105
12 	 591 	 bcb 	 0.098
13 	 278 	 bde 	 0.097
14 	 531 	 add 	 0.096
15 	 319 	 bgb 	 0.092
16 	 420 	 fca 	 0.091
17 	 280 	 abb 	 0.089
18 	 419 	 bdg 	 0.088
19 	 551 	 dcg 	 0.087
20 	 545 	 dda 	 0.086
21 	 503 	 dae 	 0.079
22 	 355 	 fff 	 0.078
23 	 379 	 bae 	 0.077
24 	 411 	 efa 	 0.076
25 	 290 	 dcc 	 0.076
26 	 366 	 ceb 	 0.075
27 	 507 	 dab 	 0.074
28 	 287 	 cgc 	 0.074
29 	 434 	 cda 	 0.073
30 	 359 	 ffb 	 0.071
31 	 597 	 bca 	 0.070
32 	 390 	 dfe 	 0.070
33 	 275 	 cfb 	 0.069
34 	 504 	 daf 	 0.068
35 	 535 	 ada 	 0.067
36 	 410 	 bee 	 0.067
37 	 308 	 fbf 	 0.065
38 	 344 	 afb 	 0.065
39 	 519 	 cca 	 0.064
40 	 407 	 bef 	 0.063
41 	 529 	 adf 	 0.063
42 	 371 	 gfc 	 0.062
43 	 538 	 eeg 	 0.062
44 	 339 	 afd 	 0.061
45 	 285 	 abg 	 0.061
46 	 438 	 dbc 	 0.060
47 	 532 	 ade 	 0.060
48 	 313 	 fed 	 0.059
49 	 353 	 egd 	 0.058
50 	 274 	 cfe 	 0.056
51 	 330 	 def 	 0.056
52 	 534 	 adc 	 0.055
53 	 283 	 abe 	 0.055
54 	 288 	 dce 	 0.054
55 	 289 	 dcb 	 0.054
56 	 573 	 fda 	 0.053
57 	 444 	 bfc 	 0.053
58 	 257 	 edb 	 0.053
59 	 527 	 gdf 	 0.052
60 	 368 	 dac 	 0.052
61 	 555 	 cgd 	 0.051
62 	 334 	 gcb 	 0.050
63 	 306 	 fba 	 0.050
64 	 345 	 afc 	 0.049
65 	 418 	 aba 	 0.049
66 	 472 	 baa 	 0.048
67 	 378 	 aec 	 0.048
68 	 517 	 ccg 	 0.048
69 	 307 	 fbg 	 0.048
70 	 543 	 ddc 	 0.048
71 	 580 	 bcd 	 0.047
72 	 456 	 gee 	 0.047
73 	 436 	 cdc 	 0.047
74 	 263 	 ede 	 0.047
75 	 463 	 gbc 	 0.046
76 	 311 	 fef 	 0.046
77 	 421 	 fcb 	 0.045
78 	 373 	 gff 	 0.043
79 	 428 	 abf 	 0.043
80 	 262 	 edd 	 0.043
81 	 583 	 cbb 	 0.042
82 	 539 	 eef 	 0.042
83 	 481 	 fge 	 0.042
84 	 501 	 cab 	 0.041
85 	 365 	 cec 	 0.041
86 	 271 	 cff 	 0.040
87 	 582 	 bcf 	 0.039
88 	 349 	 ega 	 0.039
89 	 265 	 fac 	 0.039
90 	 576 	 fde 	 0.039
91 	 560 	 aca 	 0.039
92 	 266 	 faa 	 0.038
93 	 322 	 bgf 	 0.038
94 	 558 	 acc 	 0.038
95 	 331 	 deg 	 0.037
96 	 391 	 dfd 	 0.037
97 	 413 	 efc 	 0.036
98 	 482 	 fgf 	 0.036
99 	 484 	 fga 	 0.035
100 	 521 	 ccb 	 0.035
101 	 569 	 eae 	 0.035
102 	 588 	 cbd 	 0.035
103 	 258 	 edc 	 0.034
104 	 453 	 gea 	 0.033
105 	 589 	 cbe 	 0.033
106 	 417 	 efg 	 0.032
107 	 488 	 bbf 	 0.032
108 	 376 	 gfe 	 0.032
109 	 361 	 ceg 	 0.032
110 	 553 	 cgb 	 0.032

*** mRMR features *** 
Order 	 Fea 	 Name 	 Score
1 	 536 	 eee 	 0.265
2 	 549 	 ddd 	 0.084
3 	 551 	 dcg 	 0.048
4 	 319 	 bgb 	 0.043
5 	 356 	 ffe 	 0.031
6 	 574 	 fdc 	 0.026
7 	 538 	 eeg 	 0.026
8 	 541 	 eec 	 0.034
9 	 591 	 bcb 	 0.032
10 	 285 	 abg 	 0.027
11 	 537 	 eed 	 0.033
12 	 419 	 bdg 	 0.028
13 	 305 	 fbb 	 0.028
14 	 353 	 egd 	 0.023
15 	 398 	 aad 	 0.027
16 	 420 	 fca 	 0.025
17 	 287 	 cgc 	 0.024
18 	 502 	 dad 	 0.023
19 	 290 	 dcc 	 0.022
20 	 431 	 cde 	 0.022
21 	 373 	 gff 	 0.022
22 	 527 	 gdf 	 0.022
23 	 344 	 afb 	 0.022
24 	 278 	 bde 	 0.020
25 	 289 	 dcb 	 0.020
26 	 417 	 efg 	 0.018
27 	 545 	 dda 	 0.017
28 	 371 	 gfc 	 0.018
29 	 484 	 fga 	 0.014
30 	 280 	 abb 	 0.016
31 	 288 	 dce 	 0.013
32 	 355 	 fff 	 0.015
33 	 482 	 fgf 	 0.013
34 	 379 	 bae 	 0.012
35 	 454 	 geg 	 0.011
36 	 359 	 ffb 	 0.012
37 	 334 	 gcb 	 0.011
38 	 531 	 add 	 0.012
39 	 456 	 gee 	 0.011
40 	 556 	 cgg 	 0.010
41 	 349 	 ega 	 0.010
42 	 529 	 adf 	 0.010
43 	 307 	 fbg 	 0.009
44 	 308 	 fbf 	 0.008
45 	 361 	 ceg 	 0.008
46 	 366 	 ceb 	 0.008
47 	 463 	 gbc 	 0.006
48 	 376 	 gfe 	 0.005
49 	 532 	 ade 	 0.006
50 	 117 	 CCGT 	 0.005
51 	 557 	 cgf 	 0.007
52 	 351 	 egf 	 0.005
53 	 306 	 fba 	 0.006
54 	 411 	 efa 	 0.005
55 	 646 	 length_ratio 	 0.004
56 	 519 	 cca 	 0.005
57 	 447 	 bfg 	 0.004
58 	 390 	 dfe 	 0.004
59 	 297 	 ggb 	 0.004
60 	 275 	 cfb 	 0.005
61 	 526 	 gde 	 0.004
62 	 339 	 afd 	 0.004
63 	 517 	 ccg 	 0.004
64 	 503 	 dae 	 0.004
65 	 214 	 AGCC 	 0.003
66 	 494 	 gag 	 0.003
67 	 191 	 GTTC 	 0.002
68 	 410 	 bee 	 0.003
69 	 407 	 bef 	 0.003
70 	 240 	 CACC 	 0.002
71 	 209 	 GAGT 	 0.001
72 	 597 	 bca 	 0.002
73 	 257 	 edb 	 0.001
74 	 127 	 TGGT 	 0.001
75 	 444 	 bfc 	 0.001
76 	 169 	 TGAC 	 0.001
77 	 55 	 TCTC 	 0.001
78 	 272 	 cfg 	 0.001
79 	 274 	 cfe 	 0.001
80 	 123 	 TGGA 	 0.000
81 	 573 	 fda 	 0.001
82 	 434 	 cda 	 0.001
83 	 513 	 dgd 	 0.000
84 	 24 	 GAAC 	 0.000
85 	 320 	 bgd 	 0.000
86 	 345 	 afc 	 0.001
87 	 84 	 TCAC 	 0.000
88 	 438 	 dbc 	 0.001
89 	 150 	 ATTG 	 0.000
90 	 483 	 fgg 	 0.000
91 	 623 	 2mer_3 	 0.000
92 	 265 	 fac 	 0.000
93 	 126 	 CACG 	 0.000
94 	 241 	 TACA 	 0.000
95 	 215 	 TTGT 	 -0.000
96 	 283 	 abe 	 0.000
97 	 131 	 CTCG 	 -0.000
98 	 576 	 fde 	 -0.000
99 	 53 	 ACTA 	 -0.000
100 	 507 	 dab 	 0.000
101 	 337 	 gcg 	 -0.000
102 	 181 	 AATC 	 -0.000
103 	 365 	 cec 	 -0.000
104 	 160 	 TTTG 	 -0.001
105 	 313 	 fed 	 -0.000
106 	 196 	 AACC 	 -0.001
107 	 350 	 egg 	 -0.001
108 	 580 	 bcd 	 -0.001
109 	 54 	 ACTC 	 -0.001
110 	 368 	 dac 	 -0.001


 *** This program and the respective minimum Redundancy Maximum Relevance (mRMR) 
     algorithm were developed by Hanchuan Peng <hanchuan.peng@gmail.com>for
     the paper 
     "Feature selection based on mutual information: criteria of 
      max-dependency, max-relevance, and min-redundancy,"
      Hanchuan Peng, Fuhui Long, and Chris Ding, 
      IEEE Transactions on Pattern Analysis and Machine Intelligence,
      Vol. 27, No. 8, pp.1226-1238, 2005.

