You have specified parameters: threshold=mu+/-0.20*sigma #fea=110 selection method=MID #maxVar=10000 #maxSample=12408

Target classification variable (#1 column in the input data) has name=class 	entropy score=1.000

*** MaxRel features ***
Order 	 Fea 	 Name 	 Score
1 	 536 	 eee 	 0.266
2 	 549 	 ddd 	 0.191
3 	 537 	 eed 	 0.146
4 	 574 	 fdc 	 0.138
5 	 398 	 aad 	 0.134
6 	 502 	 dad 	 0.133
7 	 356 	 ffe 	 0.130
8 	 305 	 fbb 	 0.123
9 	 541 	 eec 	 0.121
10 	 557 	 cgf 	 0.111
11 	 431 	 cde 	 0.111
12 	 278 	 bde 	 0.103
13 	 591 	 bcb 	 0.100
14 	 531 	 add 	 0.100
15 	 319 	 bgb 	 0.096
16 	 306 	 fba 	 0.093
17 	 280 	 abb 	 0.091
18 	 551 	 dcg 	 0.088
19 	 419 	 bdg 	 0.087
20 	 420 	 fca 	 0.086
21 	 355 	 fff 	 0.085
22 	 275 	 cfb 	 0.079
23 	 503 	 dae 	 0.078
24 	 434 	 cda 	 0.077
25 	 507 	 dab 	 0.076
26 	 287 	 cgc 	 0.076
27 	 597 	 bca 	 0.074
28 	 411 	 efa 	 0.074
29 	 366 	 ceb 	 0.073
30 	 390 	 dfe 	 0.073
31 	 290 	 dcc 	 0.073
32 	 359 	 ffb 	 0.071
33 	 529 	 adf 	 0.071
34 	 504 	 daf 	 0.071
35 	 379 	 bae 	 0.069
36 	 535 	 ada 	 0.069
37 	 410 	 bee 	 0.069
38 	 519 	 cca 	 0.069
39 	 538 	 eeg 	 0.067
40 	 438 	 dbc 	 0.065
41 	 407 	 bef 	 0.065
42 	 308 	 fbf 	 0.064
43 	 344 	 afb 	 0.064
44 	 285 	 abg 	 0.063
45 	 371 	 gfc 	 0.063
46 	 339 	 afd 	 0.062
47 	 313 	 fed 	 0.061
48 	 545 	 dda 	 0.061
49 	 330 	 def 	 0.061
50 	 532 	 ade 	 0.061
51 	 353 	 egd 	 0.061
52 	 555 	 cgd 	 0.060
53 	 274 	 cfe 	 0.060
54 	 573 	 fda 	 0.059
55 	 534 	 adc 	 0.058
56 	 288 	 dce 	 0.058
57 	 283 	 abe 	 0.056
58 	 334 	 gcb 	 0.056
59 	 289 	 dcb 	 0.055
60 	 444 	 bfc 	 0.053
61 	 527 	 gdf 	 0.053
62 	 472 	 baa 	 0.052
63 	 418 	 aba 	 0.052
64 	 368 	 dac 	 0.051
65 	 311 	 fef 	 0.051
66 	 413 	 efc 	 0.050
67 	 257 	 edb 	 0.049
68 	 517 	 ccg 	 0.048
69 	 463 	 gbc 	 0.047
70 	 421 	 fcb 	 0.047
71 	 373 	 gff 	 0.047
72 	 456 	 gee 	 0.047
73 	 307 	 fbg 	 0.047
74 	 543 	 ddc 	 0.047
75 	 539 	 eef 	 0.047
76 	 436 	 cdc 	 0.047
77 	 378 	 aec 	 0.046
78 	 580 	 bcd 	 0.046
79 	 263 	 ede 	 0.045
80 	 481 	 fge 	 0.045
81 	 501 	 cab 	 0.043
82 	 583 	 cbb 	 0.043
83 	 582 	 bcf 	 0.043
84 	 266 	 faa 	 0.042
85 	 262 	 edd 	 0.042
86 	 428 	 abf 	 0.041
87 	 271 	 cff 	 0.041
88 	 265 	 fac 	 0.041
89 	 365 	 cec 	 0.040
90 	 558 	 acc 	 0.040
91 	 349 	 ega 	 0.039
92 	 560 	 aca 	 0.039
93 	 331 	 deg 	 0.039
94 	 391 	 dfd 	 0.039
95 	 361 	 ceg 	 0.039
96 	 484 	 fga 	 0.038
97 	 575 	 fdb 	 0.037
98 	 482 	 fgf 	 0.036
99 	 588 	 cbd 	 0.035
100 	 322 	 bgf 	 0.035
101 	 576 	 fde 	 0.035
102 	 553 	 cgb 	 0.035
103 	 521 	 ccb 	 0.033
104 	 569 	 eae 	 0.033
105 	 376 	 gfe 	 0.033
106 	 453 	 gea 	 0.033
107 	 258 	 edc 	 0.033
108 	 589 	 cbe 	 0.032
109 	 269 	 fad 	 0.032
110 	 417 	 efg 	 0.032

*** mRMR features *** 
Order 	 Fea 	 Name 	 Score
1 	 536 	 eee 	 0.266
2 	 549 	 ddd 	 0.088
3 	 551 	 dcg 	 0.051
4 	 319 	 bgb 	 0.043
5 	 356 	 ffe 	 0.033
6 	 574 	 fdc 	 0.037
7 	 538 	 eeg 	 0.027
8 	 541 	 eec 	 0.037
9 	 591 	 bcb 	 0.034
10 	 285 	 abg 	 0.030
11 	 537 	 eed 	 0.037
12 	 305 	 fbb 	 0.029
13 	 419 	 bdg 	 0.027
14 	 502 	 dad 	 0.025
15 	 353 	 egd 	 0.025
16 	 306 	 fba 	 0.028
17 	 373 	 gff 	 0.025
18 	 398 	 aad 	 0.025
19 	 287 	 cgc 	 0.026
20 	 527 	 gdf 	 0.025
21 	 420 	 fca 	 0.027
22 	 431 	 cde 	 0.028
23 	 290 	 dcc 	 0.025
24 	 278 	 bde 	 0.023
25 	 289 	 dcb 	 0.022
26 	 344 	 afb 	 0.020
27 	 355 	 fff 	 0.018
28 	 417 	 efg 	 0.018
29 	 288 	 dce 	 0.019
30 	 484 	 fga 	 0.016
31 	 280 	 abb 	 0.016
32 	 482 	 fgf 	 0.014
33 	 361 	 ceg 	 0.014
34 	 531 	 add 	 0.015
35 	 371 	 gfc 	 0.014
36 	 529 	 adf 	 0.014
37 	 334 	 gcb 	 0.014
38 	 556 	 cgg 	 0.012
39 	 454 	 geg 	 0.012
40 	 557 	 cgf 	 0.013
41 	 456 	 gee 	 0.012
42 	 349 	 ega 	 0.011
43 	 275 	 cfb 	 0.008
44 	 463 	 gbc 	 0.008
45 	 532 	 ade 	 0.008
46 	 117 	 CCGT 	 0.007
47 	 366 	 ceb 	 0.007
48 	 390 	 dfe 	 0.008
49 	 351 	 egf 	 0.006
50 	 379 	 bae 	 0.006
51 	 376 	 gfe 	 0.006
52 	 308 	 fbf 	 0.006
53 	 359 	 ffb 	 0.006
54 	 297 	 ggb 	 0.006
55 	 307 	 fbg 	 0.006
56 	 519 	 cca 	 0.005
57 	 545 	 dda 	 0.005
58 	 517 	 ccg 	 0.004
59 	 526 	 gde 	 0.005
60 	 214 	 AGCC 	 0.004
61 	 339 	 afd 	 0.005
62 	 447 	 bfg 	 0.004
63 	 503 	 dae 	 0.004
64 	 191 	 GTTC 	 0.004
65 	 597 	 bca 	 0.004
66 	 646 	 length_ratio 	 0.003
67 	 411 	 efa 	 0.003
68 	 494 	 gag 	 0.002
69 	 410 	 bee 	 0.003
70 	 407 	 bef 	 0.002
71 	 240 	 CACC 	 0.002
72 	 625 	 2mer_5 	 0.002
73 	 573 	 fda 	 0.003
74 	 274 	 cfe 	 0.002
75 	 261 	 edg 	 0.002
76 	 17 	 TAGC 	 0.002
77 	 434 	 cda 	 0.002
78 	 209 	 GAGT 	 0.001
79 	 513 	 dgd 	 0.001
80 	 444 	 bfc 	 0.002
81 	 245 	 CATC 	 0.001
82 	 96 	 GATA 	 0.001
83 	 265 	 fac 	 0.001
84 	 169 	 TGAC 	 0.001
85 	 19 	 GAAT 	 0.000
86 	 438 	 dbc 	 0.001
87 	 483 	 fgg 	 0.000
88 	 24 	 GAAC 	 0.000
89 	 257 	 edb 	 0.001
90 	 272 	 cfg 	 0.000
91 	 159 	 TTTC 	 0.000
92 	 220 	 TTGA 	 -0.000
93 	 507 	 dab 	 0.000
94 	 180 	 TATC 	 -0.000
95 	 555 	 cgd 	 0.000
96 	 320 	 bgd 	 0.000
97 	 481 	 fge 	 -0.000
98 	 123 	 TGGA 	 -0.000
99 	 504 	 daf 	 -0.000
100 	 112 	 ATCC 	 -0.000
101 	 611 	 3mer_11 	 -0.000
102 	 337 	 gcg 	 -0.000
103 	 313 	 fed 	 -0.000
104 	 53 	 ACTA 	 -0.000
105 	 36 	 GCTT 	 -0.000
106 	 330 	 def 	 -0.000
107 	 150 	 ATTG 	 -0.001
108 	 576 	 fde 	 -0.000
109 	 55 	 TCTC 	 -0.001
110 	 534 	 adc 	 -0.000


 *** This program and the respective minimum Redundancy Maximum Relevance (mRMR) 
     algorithm were developed by Hanchuan Peng <hanchuan.peng@gmail.com>for
     the paper 
     "Feature selection based on mutual information: criteria of 
      max-dependency, max-relevance, and min-redundancy,"
      Hanchuan Peng, Fuhui Long, and Chris Ding, 
      IEEE Transactions on Pattern Analysis and Machine Intelligence,
      Vol. 27, No. 8, pp.1226-1238, 2005.

