You have specified parameters: threshold=mu+/-0.20*sigma #fea=110 selection method=MID #maxVar=10000 #maxSample=12408

Target classification variable (#1 column in the input data) has name=class 	entropy score=1.000

*** MaxRel features ***
Order 	 Fea 	 Name 	 Score
1 	 536 	 eee 	 0.263
2 	 549 	 ddd 	 0.184
3 	 537 	 eed 	 0.139
4 	 398 	 aad 	 0.135
5 	 574 	 fdc 	 0.131
6 	 356 	 ffe 	 0.127
7 	 502 	 dad 	 0.124
8 	 305 	 fbb 	 0.118
9 	 541 	 eec 	 0.118
10 	 591 	 bcb 	 0.105
11 	 557 	 cgf 	 0.104
12 	 531 	 add 	 0.100
13 	 278 	 bde 	 0.098
14 	 319 	 bgb 	 0.091
15 	 419 	 bdg 	 0.089
16 	 431 	 cde 	 0.088
17 	 280 	 abb 	 0.087
18 	 306 	 fba 	 0.087
19 	 551 	 dcg 	 0.086
20 	 420 	 fca 	 0.085
21 	 275 	 cfb 	 0.082
22 	 503 	 dae 	 0.080
23 	 411 	 efa 	 0.078
24 	 597 	 bca 	 0.078
25 	 507 	 dab 	 0.076
26 	 379 	 bae 	 0.076
27 	 366 	 ceb 	 0.076
28 	 355 	 fff 	 0.075
29 	 290 	 dcc 	 0.074
30 	 287 	 cgc 	 0.074
31 	 359 	 ffb 	 0.073
32 	 434 	 cda 	 0.070
33 	 390 	 dfe 	 0.070
34 	 535 	 ada 	 0.070
35 	 538 	 eeg 	 0.068
36 	 407 	 bef 	 0.067
37 	 438 	 dbc 	 0.065
38 	 371 	 gfc 	 0.065
39 	 339 	 afd 	 0.065
40 	 410 	 bee 	 0.064
41 	 504 	 daf 	 0.064
42 	 308 	 fbf 	 0.064
43 	 519 	 cca 	 0.064
44 	 285 	 abg 	 0.062
45 	 344 	 afb 	 0.061
46 	 313 	 fed 	 0.060
47 	 288 	 dce 	 0.059
48 	 532 	 ade 	 0.058
49 	 330 	 def 	 0.058
50 	 534 	 adc 	 0.057
51 	 573 	 fda 	 0.057
52 	 353 	 egd 	 0.057
53 	 274 	 cfe 	 0.056
54 	 289 	 dcb 	 0.055
55 	 307 	 fbg 	 0.055
56 	 555 	 cgd 	 0.054
57 	 283 	 abe 	 0.054
58 	 463 	 gbc 	 0.054
59 	 527 	 gdf 	 0.053
60 	 334 	 gcb 	 0.052
61 	 368 	 dac 	 0.052
62 	 545 	 dda 	 0.052
63 	 257 	 edb 	 0.051
64 	 517 	 ccg 	 0.050
65 	 456 	 gee 	 0.049
66 	 472 	 baa 	 0.049
67 	 529 	 adf 	 0.048
68 	 311 	 fef 	 0.048
69 	 418 	 aba 	 0.048
70 	 345 	 afc 	 0.048
71 	 543 	 ddc 	 0.048
72 	 421 	 fcb 	 0.047
73 	 378 	 aec 	 0.047
74 	 580 	 bcd 	 0.046
75 	 365 	 cec 	 0.044
76 	 263 	 ede 	 0.044
77 	 481 	 fge 	 0.044
78 	 373 	 gff 	 0.043
79 	 444 	 bfc 	 0.043
80 	 539 	 eef 	 0.043
81 	 413 	 efc 	 0.042
82 	 560 	 aca 	 0.042
83 	 501 	 cab 	 0.041
84 	 428 	 abf 	 0.041
85 	 550 	 dcf 	 0.040
86 	 271 	 cff 	 0.040
87 	 266 	 faa 	 0.040
88 	 582 	 bcf 	 0.040
89 	 331 	 deg 	 0.039
90 	 391 	 dfd 	 0.039
91 	 349 	 ega 	 0.039
92 	 436 	 cdc 	 0.039
93 	 265 	 fac 	 0.038
94 	 482 	 fgf 	 0.038
95 	 583 	 cbb 	 0.037
96 	 361 	 ceg 	 0.037
97 	 569 	 eae 	 0.036
98 	 558 	 acc 	 0.036
99 	 304 	 fbc 	 0.035
100 	 376 	 gfe 	 0.033
101 	 322 	 bgf 	 0.033
102 	 484 	 fga 	 0.033
103 	 553 	 cgb 	 0.033
104 	 417 	 efg 	 0.032
105 	 521 	 ccb 	 0.032
106 	 258 	 edc 	 0.032
107 	 262 	 edd 	 0.032
108 	 588 	 cbd 	 0.032
109 	 589 	 cbe 	 0.032
110 	 576 	 fde 	 0.032

*** mRMR features *** 
Order 	 Fea 	 Name 	 Score
1 	 536 	 eee 	 0.263
2 	 549 	 ddd 	 0.085
3 	 551 	 dcg 	 0.045
4 	 420 	 fca 	 0.040
5 	 591 	 bcb 	 0.043
6 	 356 	 ffe 	 0.049
7 	 398 	 aad 	 0.046
8 	 538 	 eeg 	 0.034
9 	 537 	 eed 	 0.037
10 	 285 	 abg 	 0.029
11 	 305 	 fbb 	 0.030
12 	 419 	 bdg 	 0.027
13 	 574 	 fdc 	 0.030
14 	 541 	 eec 	 0.035
15 	 373 	 gff 	 0.024
16 	 287 	 cgc 	 0.024
17 	 502 	 dad 	 0.027
18 	 290 	 dcc 	 0.024
19 	 353 	 egd 	 0.023
20 	 306 	 fba 	 0.024
21 	 527 	 gdf 	 0.023
22 	 431 	 cde 	 0.024
23 	 344 	 afb 	 0.020
24 	 278 	 bde 	 0.021
25 	 289 	 dcb 	 0.019
26 	 417 	 efg 	 0.018
27 	 366 	 ceb 	 0.017
28 	 288 	 dce 	 0.017
29 	 355 	 fff 	 0.017
30 	 456 	 gee 	 0.016
31 	 484 	 fga 	 0.014
32 	 482 	 fgf 	 0.015
33 	 379 	 bae 	 0.016
34 	 531 	 add 	 0.015
35 	 371 	 gfc 	 0.012
36 	 280 	 abb 	 0.014
37 	 349 	 ega 	 0.012
38 	 463 	 gbc 	 0.012
39 	 359 	 ffb 	 0.012
40 	 334 	 gcb 	 0.011
41 	 556 	 cgg 	 0.011
42 	 503 	 dae 	 0.011
43 	 361 	 ceg 	 0.011
44 	 454 	 geg 	 0.011
45 	 307 	 fbg 	 0.011
46 	 275 	 cfb 	 0.010
47 	 411 	 efa 	 0.008
48 	 376 	 gfe 	 0.007
49 	 519 	 cca 	 0.007
50 	 117 	 CCGT 	 0.007
51 	 557 	 cgf 	 0.008
52 	 351 	 egf 	 0.006
53 	 308 	 fbf 	 0.006
54 	 297 	 ggb 	 0.006
55 	 339 	 afd 	 0.004
56 	 532 	 ade 	 0.004
57 	 517 	 ccg 	 0.005
58 	 447 	 bfg 	 0.004
59 	 319 	 bgb 	 0.004
60 	 390 	 dfe 	 0.004
61 	 214 	 AGCC 	 0.004
62 	 44 	 TAAC 	 0.003
63 	 526 	 gde 	 0.003
64 	 17 	 TAGC 	 0.002
65 	 597 	 bca 	 0.003
66 	 494 	 gag 	 0.002
67 	 529 	 adf 	 0.002
68 	 407 	 bef 	 0.002
69 	 191 	 GTTC 	 0.002
70 	 410 	 bee 	 0.002
71 	 131 	 CTCG 	 0.002
72 	 257 	 edb 	 0.002
73 	 320 	 bgd 	 0.002
74 	 573 	 fda 	 0.002
75 	 640 	 T_pos 	 0.001
76 	 52 	 TCTG 	 0.001
77 	 274 	 cfe 	 0.002
78 	 53 	 ACTA 	 0.001
79 	 169 	 TGAC 	 0.001
80 	 121 	 CTCC 	 0.000
81 	 545 	 dda 	 0.001
82 	 365 	 cec 	 0.001
83 	 513 	 dgd 	 0.001
84 	 345 	 afc 	 0.001
85 	 438 	 dbc 	 0.001
86 	 180 	 TATC 	 0.000
87 	 483 	 fgg 	 0.000
88 	 434 	 cda 	 0.000
89 	 272 	 cfg 	 0.000
90 	 24 	 GAAC 	 0.000
91 	 219 	 GAGC 	 0.000
92 	 96 	 GATA 	 0.000
93 	 265 	 fac 	 -0.000
94 	 160 	 TTTG 	 -0.000
95 	 637 	 A_pos 	 -0.000
96 	 337 	 gcg 	 -0.000
97 	 507 	 dab 	 -0.000
98 	 112 	 ATCC 	 -0.000
99 	 534 	 adc 	 -0.000
100 	 55 	 TCTC 	 -0.000
101 	 283 	 abe 	 -0.001
102 	 209 	 GAGT 	 -0.001
103 	 239 	 GCAC 	 -0.001
104 	 481 	 fge 	 -0.000
105 	 261 	 edg 	 -0.000
106 	 215 	 TTGT 	 -0.001
107 	 313 	 fed 	 -0.000
108 	 350 	 egg 	 -0.001
109 	 628 	 2mer_8 	 -0.001
110 	 555 	 cgd 	 -0.001


 *** This program and the respective minimum Redundancy Maximum Relevance (mRMR) 
     algorithm were developed by Hanchuan Peng <hanchuan.peng@gmail.com>for
     the paper 
     "Feature selection based on mutual information: criteria of 
      max-dependency, max-relevance, and min-redundancy,"
      Hanchuan Peng, Fuhui Long, and Chris Ding, 
      IEEE Transactions on Pattern Analysis and Machine Intelligence,
      Vol. 27, No. 8, pp.1226-1238, 2005.

