You have specified parameters: threshold=mu+/-0.20*sigma #fea=110 selection method=MID #maxVar=10000 #maxSample=12408

Target classification variable (#1 column in the input data) has name=class 	entropy score=1.000

*** MaxRel features ***
Order 	 Fea 	 Name 	 Score
1 	 536 	 eee 	 0.269
2 	 549 	 ddd 	 0.190
3 	 537 	 eed 	 0.143
4 	 398 	 aad 	 0.137
5 	 574 	 fdc 	 0.137
6 	 356 	 ffe 	 0.134
7 	 502 	 dad 	 0.131
8 	 305 	 fbb 	 0.123
9 	 541 	 eec 	 0.119
10 	 557 	 cgf 	 0.113
11 	 431 	 cde 	 0.108
12 	 591 	 bcb 	 0.101
13 	 531 	 add 	 0.099
14 	 278 	 bde 	 0.099
15 	 319 	 bgb 	 0.094
16 	 551 	 dcg 	 0.088
17 	 419 	 bdg 	 0.086
18 	 280 	 abb 	 0.085
19 	 355 	 fff 	 0.084
20 	 420 	 fca 	 0.084
21 	 366 	 ceb 	 0.083
22 	 275 	 cfb 	 0.082
23 	 503 	 dae 	 0.081
24 	 287 	 cgc 	 0.080
25 	 411 	 efa 	 0.076
26 	 379 	 bae 	 0.075
27 	 434 	 cda 	 0.075
28 	 507 	 dab 	 0.074
29 	 359 	 ffb 	 0.073
30 	 597 	 bca 	 0.072
31 	 290 	 dcc 	 0.071
32 	 504 	 daf 	 0.070
33 	 529 	 adf 	 0.070
34 	 390 	 dfe 	 0.069
35 	 344 	 afb 	 0.068
36 	 410 	 bee 	 0.066
37 	 339 	 afd 	 0.065
38 	 538 	 eeg 	 0.065
39 	 535 	 ada 	 0.065
40 	 371 	 gfc 	 0.065
41 	 519 	 cca 	 0.064
42 	 407 	 bef 	 0.064
43 	 285 	 abg 	 0.063
44 	 532 	 ade 	 0.063
45 	 330 	 def 	 0.061
46 	 308 	 fbf 	 0.061
47 	 313 	 fed 	 0.060
48 	 283 	 abe 	 0.060
49 	 545 	 dda 	 0.060
50 	 258 	 edc 	 0.060
51 	 288 	 dce 	 0.060
52 	 555 	 cgd 	 0.059
53 	 353 	 egd 	 0.058
54 	 534 	 adc 	 0.058
55 	 289 	 dcb 	 0.058
56 	 573 	 fda 	 0.058
57 	 274 	 cfe 	 0.057
58 	 334 	 gcb 	 0.055
59 	 413 	 efc 	 0.053
60 	 307 	 fbg 	 0.053
61 	 306 	 fba 	 0.052
62 	 368 	 dac 	 0.052
63 	 444 	 bfc 	 0.051
64 	 438 	 dbc 	 0.051
65 	 527 	 gdf 	 0.051
66 	 517 	 ccg 	 0.051
67 	 257 	 edb 	 0.050
68 	 543 	 ddc 	 0.049
69 	 436 	 cdc 	 0.049
70 	 456 	 gee 	 0.048
71 	 463 	 gbc 	 0.047
72 	 472 	 baa 	 0.047
73 	 345 	 afc 	 0.046
74 	 263 	 ede 	 0.046
75 	 539 	 eef 	 0.046
76 	 580 	 bcd 	 0.045
77 	 421 	 fcb 	 0.045
78 	 311 	 fef 	 0.044
79 	 583 	 cbb 	 0.044
80 	 418 	 aba 	 0.043
81 	 378 	 aec 	 0.042
82 	 560 	 aca 	 0.042
83 	 582 	 bcf 	 0.041
84 	 365 	 cec 	 0.041
85 	 265 	 fac 	 0.041
86 	 481 	 fge 	 0.041
87 	 428 	 abf 	 0.041
88 	 373 	 gff 	 0.041
89 	 331 	 deg 	 0.040
90 	 391 	 dfd 	 0.039
91 	 271 	 cff 	 0.039
92 	 501 	 cab 	 0.038
93 	 266 	 faa 	 0.038
94 	 482 	 fgf 	 0.038
95 	 349 	 ega 	 0.037
96 	 576 	 fde 	 0.037
97 	 558 	 acc 	 0.036
98 	 484 	 fga 	 0.036
99 	 361 	 ceg 	 0.036
100 	 569 	 eae 	 0.035
101 	 520 	 ccc 	 0.035
102 	 553 	 cgb 	 0.035
103 	 304 	 fbc 	 0.035
104 	 417 	 efg 	 0.034
105 	 445 	 bfb 	 0.034
106 	 575 	 fdb 	 0.034
107 	 376 	 gfe 	 0.033
108 	 550 	 dcf 	 0.033
109 	 453 	 gea 	 0.033
110 	 322 	 bgf 	 0.032

*** mRMR features *** 
Order 	 Fea 	 Name 	 Score
1 	 536 	 eee 	 0.269
2 	 549 	 ddd 	 0.083
3 	 551 	 dcg 	 0.050
4 	 319 	 bgb 	 0.042
5 	 356 	 ffe 	 0.031
6 	 574 	 fdc 	 0.032
7 	 591 	 bcb 	 0.030
8 	 541 	 eec 	 0.027
9 	 538 	 eeg 	 0.030
10 	 285 	 abg 	 0.032
11 	 537 	 eed 	 0.031
12 	 305 	 fbb 	 0.029
13 	 419 	 bdg 	 0.026
14 	 287 	 cgc 	 0.024
15 	 502 	 dad 	 0.026
16 	 420 	 fca 	 0.024
17 	 353 	 egd 	 0.024
18 	 398 	 aad 	 0.028
19 	 373 	 gff 	 0.022
20 	 431 	 cde 	 0.023
21 	 290 	 dcc 	 0.025
22 	 344 	 afb 	 0.023
23 	 289 	 dcb 	 0.022
24 	 278 	 bde 	 0.024
25 	 527 	 gdf 	 0.023
26 	 417 	 efg 	 0.020
27 	 355 	 fff 	 0.019
28 	 288 	 dce 	 0.020
29 	 366 	 ceb 	 0.017
30 	 482 	 fgf 	 0.015
31 	 484 	 fga 	 0.014
32 	 379 	 bae 	 0.014
33 	 371 	 gfc 	 0.013
34 	 529 	 adf 	 0.011
35 	 334 	 gcb 	 0.011
36 	 557 	 cgf 	 0.013
37 	 454 	 geg 	 0.011
38 	 280 	 abb 	 0.012
39 	 556 	 cgg 	 0.011
40 	 456 	 gee 	 0.010
41 	 349 	 ega 	 0.010
42 	 531 	 add 	 0.010
43 	 361 	 ceg 	 0.010
44 	 359 	 ffb 	 0.010
45 	 307 	 fbg 	 0.009
46 	 275 	 cfb 	 0.008
47 	 117 	 CCGT 	 0.007
48 	 532 	 ade 	 0.008
49 	 463 	 gbc 	 0.008
50 	 376 	 gfe 	 0.007
51 	 503 	 dae 	 0.006
52 	 351 	 egf 	 0.006
53 	 517 	 ccg 	 0.006
54 	 447 	 bfg 	 0.005
55 	 339 	 afd 	 0.005
56 	 411 	 efa 	 0.004
57 	 519 	 cca 	 0.004
58 	 545 	 dda 	 0.004
59 	 214 	 AGCC 	 0.004
60 	 297 	 ggb 	 0.004
61 	 44 	 TAAC 	 0.003
62 	 308 	 fbf 	 0.004
63 	 306 	 fba 	 0.004
64 	 390 	 dfe 	 0.003
65 	 526 	 gde 	 0.003
66 	 494 	 gag 	 0.003
67 	 261 	 edg 	 0.003
68 	 410 	 bee 	 0.002
69 	 240 	 CACC 	 0.002
70 	 407 	 bef 	 0.003
71 	 191 	 GTTC 	 0.002
72 	 597 	 bca 	 0.002
73 	 131 	 CTCG 	 0.002
74 	 320 	 bgd 	 0.002
75 	 274 	 cfe 	 0.002
76 	 573 	 fda 	 0.002
77 	 646 	 length_ratio 	 0.001
78 	 17 	 TAGC 	 0.001
79 	 159 	 TTTC 	 0.001
80 	 434 	 cda 	 0.002
81 	 245 	 CATC 	 0.001
82 	 265 	 fac 	 0.001
83 	 169 	 TGAC 	 0.001
84 	 444 	 bfc 	 0.001
85 	 283 	 abe 	 0.001
86 	 133 	 TCGT 	 0.001
87 	 123 	 TGGA 	 0.001
88 	 345 	 afc 	 0.001
89 	 150 	 ATTG 	 0.000
90 	 272 	 cfg 	 0.000
91 	 112 	 ATCC 	 0.000
92 	 257 	 edb 	 0.001
93 	 1 	 GTAC 	 0.000
94 	 483 	 fgg 	 0.000
95 	 513 	 dgd 	 0.001
96 	 220 	 TTGA 	 0.000
97 	 555 	 cgd 	 0.001
98 	 241 	 TACA 	 0.000
99 	 507 	 dab 	 0.001
100 	 188 	 CTTG 	 0.000
101 	 209 	 GAGT 	 0.000
102 	 330 	 def 	 0.001
103 	 576 	 fde 	 0.000
104 	 106 	 TCAG 	 -0.000
105 	 534 	 adc 	 0.000
106 	 24 	 GAAC 	 -0.000
107 	 504 	 daf 	 0.000
108 	 53 	 ACTA 	 -0.000
109 	 337 	 gcg 	 -0.000
110 	 481 	 fge 	 -0.000


 *** This program and the respective minimum Redundancy Maximum Relevance (mRMR) 
     algorithm were developed by Hanchuan Peng <hanchuan.peng@gmail.com>for
     the paper 
     "Feature selection based on mutual information: criteria of 
      max-dependency, max-relevance, and min-redundancy,"
      Hanchuan Peng, Fuhui Long, and Chris Ding, 
      IEEE Transactions on Pattern Analysis and Machine Intelligence,
      Vol. 27, No. 8, pp.1226-1238, 2005.

