You have specified parameters: threshold=mu+/-0.20*sigma #fea=110 selection method=MID #maxVar=10000 #maxSample=12408

Target classification variable (#1 column in the input data) has name=class 	entropy score=1.000

*** MaxRel features ***
Order 	 Fea 	 Name 	 Score
1 	 536 	 eee 	 0.263
2 	 549 	 ddd 	 0.188
3 	 574 	 fdc 	 0.138
4 	 537 	 eed 	 0.135
5 	 398 	 aad 	 0.131
6 	 502 	 dad 	 0.129
7 	 356 	 ffe 	 0.127
8 	 541 	 eec 	 0.117
9 	 305 	 fbb 	 0.112
10 	 431 	 cde 	 0.106
11 	 531 	 add 	 0.096
12 	 278 	 bde 	 0.094
13 	 306 	 fba 	 0.090
14 	 551 	 dcg 	 0.088
15 	 420 	 fca 	 0.087
16 	 280 	 abb 	 0.086
17 	 319 	 bgb 	 0.085
18 	 419 	 bdg 	 0.085
19 	 503 	 dae 	 0.081
20 	 545 	 dda 	 0.081
21 	 275 	 cfb 	 0.080
22 	 366 	 ceb 	 0.077
23 	 287 	 cgc 	 0.075
24 	 355 	 fff 	 0.074
25 	 597 	 bca 	 0.074
26 	 411 	 efa 	 0.074
27 	 379 	 bae 	 0.074
28 	 290 	 dcc 	 0.073
29 	 507 	 dab 	 0.072
30 	 591 	 bcb 	 0.071
31 	 434 	 cda 	 0.070
32 	 390 	 dfe 	 0.068
33 	 535 	 ada 	 0.066
34 	 504 	 daf 	 0.066
35 	 538 	 eeg 	 0.066
36 	 438 	 dbc 	 0.064
37 	 407 	 bef 	 0.064
38 	 519 	 cca 	 0.063
39 	 371 	 gfc 	 0.062
40 	 339 	 afd 	 0.062
41 	 410 	 bee 	 0.062
42 	 359 	 ffb 	 0.061
43 	 308 	 fbf 	 0.061
44 	 285 	 abg 	 0.060
45 	 258 	 edc 	 0.060
46 	 557 	 cgf 	 0.059
47 	 532 	 ade 	 0.058
48 	 313 	 fed 	 0.058
49 	 330 	 def 	 0.057
50 	 573 	 fda 	 0.057
51 	 353 	 egd 	 0.056
52 	 274 	 cfe 	 0.055
53 	 289 	 dcb 	 0.054
54 	 283 	 abe 	 0.053
55 	 257 	 edb 	 0.053
56 	 534 	 adc 	 0.053
57 	 527 	 gdf 	 0.052
58 	 288 	 dce 	 0.052
59 	 555 	 cgd 	 0.052
60 	 368 	 dac 	 0.051
61 	 472 	 baa 	 0.050
62 	 529 	 adf 	 0.050
63 	 418 	 aba 	 0.049
64 	 307 	 fbg 	 0.049
65 	 345 	 afc 	 0.049
66 	 334 	 gcb 	 0.048
67 	 463 	 gbc 	 0.048
68 	 580 	 bcd 	 0.047
69 	 263 	 ede 	 0.045
70 	 436 	 cdc 	 0.045
71 	 543 	 ddc 	 0.045
72 	 344 	 afb 	 0.045
73 	 444 	 bfc 	 0.045
74 	 517 	 ccg 	 0.045
75 	 378 	 aec 	 0.044
76 	 481 	 fge 	 0.044
77 	 539 	 eef 	 0.044
78 	 456 	 gee 	 0.044
79 	 311 	 fef 	 0.043
80 	 413 	 efc 	 0.043
81 	 331 	 deg 	 0.043
82 	 373 	 gff 	 0.042
83 	 428 	 abf 	 0.042
84 	 421 	 fcb 	 0.042
85 	 583 	 cbb 	 0.041
86 	 391 	 dfd 	 0.041
87 	 582 	 bcf 	 0.040
88 	 266 	 faa 	 0.039
89 	 265 	 fac 	 0.038
90 	 365 	 cec 	 0.038
91 	 349 	 ega 	 0.037
92 	 501 	 cab 	 0.037
93 	 271 	 cff 	 0.036
94 	 482 	 fgf 	 0.036
95 	 361 	 ceg 	 0.036
96 	 558 	 acc 	 0.036
97 	 576 	 fde 	 0.036
98 	 560 	 aca 	 0.036
99 	 575 	 fdb 	 0.035
100 	 322 	 bgf 	 0.035
101 	 553 	 cgb 	 0.035
102 	 521 	 ccb 	 0.033
103 	 341 	 aff 	 0.033
104 	 304 	 fbc 	 0.033
105 	 269 	 fad 	 0.032
106 	 585 	 cba 	 0.032
107 	 453 	 gea 	 0.031
108 	 417 	 efg 	 0.031
109 	 589 	 cbe 	 0.030
110 	 569 	 eae 	 0.030

*** mRMR features *** 
Order 	 Fea 	 Name 	 Score
1 	 536 	 eee 	 0.263
2 	 549 	 ddd 	 0.091
3 	 551 	 dcg 	 0.049
4 	 319 	 bgb 	 0.037
5 	 356 	 ffe 	 0.034
6 	 574 	 fdc 	 0.036
7 	 538 	 eeg 	 0.028
8 	 541 	 eec 	 0.030
9 	 373 	 gff 	 0.026
10 	 431 	 cde 	 0.032
11 	 419 	 bdg 	 0.027
12 	 285 	 abg 	 0.026
13 	 537 	 eed 	 0.032
14 	 306 	 fba 	 0.025
15 	 502 	 dad 	 0.026
16 	 353 	 egd 	 0.027
17 	 287 	 cgc 	 0.025
18 	 290 	 dcc 	 0.025
19 	 398 	 aad 	 0.025
20 	 420 	 fca 	 0.025
21 	 305 	 fbb 	 0.022
22 	 289 	 dcb 	 0.021
23 	 527 	 gdf 	 0.022
24 	 591 	 bcb 	 0.018
25 	 366 	 ceb 	 0.018
26 	 417 	 efg 	 0.018
27 	 278 	 bde 	 0.019
28 	 545 	 dda 	 0.014
29 	 288 	 dce 	 0.014
30 	 482 	 fgf 	 0.013
31 	 355 	 fff 	 0.013
32 	 280 	 abb 	 0.012
33 	 484 	 fga 	 0.012
34 	 371 	 gfc 	 0.013
35 	 361 	 ceg 	 0.011
36 	 454 	 geg 	 0.010
37 	 334 	 gcb 	 0.010
38 	 379 	 bae 	 0.012
39 	 556 	 cgg 	 0.010
40 	 275 	 cfb 	 0.010
41 	 463 	 gbc 	 0.010
42 	 503 	 dae 	 0.009
43 	 456 	 gee 	 0.009
44 	 349 	 ega 	 0.009
45 	 307 	 fbg 	 0.007
46 	 117 	 CCGT 	 0.006
47 	 531 	 add 	 0.008
48 	 411 	 efa 	 0.006
49 	 308 	 fbf 	 0.005
50 	 351 	 egf 	 0.005
51 	 376 	 gfe 	 0.005
52 	 532 	 ade 	 0.006
53 	 297 	 ggb 	 0.004
54 	 526 	 gde 	 0.004
55 	 597 	 bca 	 0.004
56 	 646 	 length_ratio 	 0.004
57 	 529 	 adf 	 0.003
58 	 390 	 dfe 	 0.004
59 	 214 	 AGCC 	 0.003
60 	 339 	 afd 	 0.004
61 	 494 	 gag 	 0.003
62 	 517 	 ccg 	 0.003
63 	 359 	 ffb 	 0.004
64 	 519 	 cca 	 0.004
65 	 191 	 GTTC 	 0.003
66 	 447 	 bfg 	 0.003
67 	 407 	 bef 	 0.003
68 	 261 	 edg 	 0.002
69 	 87 	 AGGT 	 0.002
70 	 257 	 edb 	 0.002
71 	 410 	 bee 	 0.002
72 	 573 	 fda 	 0.002
73 	 131 	 CTCG 	 0.001
74 	 17 	 TAGC 	 0.001
75 	 344 	 afb 	 0.001
76 	 272 	 cfg 	 0.001
77 	 9 	 AGTA 	 0.001
78 	 345 	 afc 	 0.001
79 	 438 	 dbc 	 0.001
80 	 169 	 TGAC 	 0.001
81 	 24 	 GAAC 	 0.001
82 	 274 	 cfe 	 0.001
83 	 45 	 TAAA 	 0.000
84 	 320 	 bgd 	 0.001
85 	 434 	 cda 	 0.001
86 	 209 	 GAGT 	 0.000
87 	 241 	 TACA 	 0.000
88 	 513 	 dgd 	 0.000
89 	 483 	 fgg 	 0.000
90 	 220 	 TTGA 	 0.000
91 	 265 	 fac 	 0.001
92 	 52 	 TCTG 	 0.000
93 	 576 	 fde 	 0.000
94 	 137 	 ACAC 	 0.000
95 	 504 	 daf 	 0.000
96 	 96 	 GATA 	 -0.000
97 	 190 	 GTTA 	 -0.000
98 	 481 	 fge 	 0.000
99 	 62 	 AAGC 	 -0.000
100 	 507 	 dab 	 0.000
101 	 534 	 adc 	 0.000
102 	 121 	 CTCC 	 -0.000
103 	 337 	 gcg 	 -0.000
104 	 580 	 bcd 	 0.000
105 	 1 	 GTAC 	 -0.000
106 	 112 	 ATCC 	 -0.000
107 	 350 	 egg 	 -0.000
108 	 368 	 dac 	 -0.000
109 	 160 	 TTTG 	 -0.001
110 	 123 	 TGGA 	 -0.001


 *** This program and the respective minimum Redundancy Maximum Relevance (mRMR) 
     algorithm were developed by Hanchuan Peng <hanchuan.peng@gmail.com>for
     the paper 
     "Feature selection based on mutual information: criteria of 
      max-dependency, max-relevance, and min-redundancy,"
      Hanchuan Peng, Fuhui Long, and Chris Ding, 
      IEEE Transactions on Pattern Analysis and Machine Intelligence,
      Vol. 27, No. 8, pp.1226-1238, 2005.

