You have specified parameters: threshold=mu+/-0.20*sigma #fea=110 selection method=MID #maxVar=10000 #maxSample=12408

Target classification variable (#1 column in the input data) has name=class 	entropy score=1.000

*** MaxRel features ***
Order 	 Fea 	 Name 	 Score
1 	 536 	 eee 	 0.259
2 	 549 	 ddd 	 0.189
3 	 537 	 eed 	 0.143
4 	 398 	 aad 	 0.131
5 	 574 	 fdc 	 0.127
6 	 502 	 dad 	 0.123
7 	 356 	 ffe 	 0.121
8 	 541 	 eec 	 0.116
9 	 431 	 cde 	 0.115
10 	 305 	 fbb 	 0.110
11 	 531 	 add 	 0.098
12 	 278 	 bde 	 0.095
13 	 319 	 bgb 	 0.088
14 	 420 	 fca 	 0.087
15 	 280 	 abb 	 0.087
16 	 551 	 dcg 	 0.086
17 	 545 	 dda 	 0.085
18 	 419 	 bdg 	 0.085
19 	 275 	 cfb 	 0.081
20 	 503 	 dae 	 0.080
21 	 355 	 fff 	 0.080
22 	 287 	 cgc 	 0.079
23 	 411 	 efa 	 0.077
24 	 359 	 ffb 	 0.077
25 	 597 	 bca 	 0.075
26 	 379 	 bae 	 0.074
27 	 507 	 dab 	 0.074
28 	 366 	 ceb 	 0.070
29 	 591 	 bcb 	 0.070
30 	 290 	 dcc 	 0.069
31 	 504 	 daf 	 0.069
32 	 434 	 cda 	 0.069
33 	 308 	 fbf 	 0.069
34 	 535 	 ada 	 0.068
35 	 339 	 afd 	 0.068
36 	 529 	 adf 	 0.067
37 	 538 	 eeg 	 0.067
38 	 285 	 abg 	 0.066
39 	 390 	 dfe 	 0.066
40 	 438 	 dbc 	 0.065
41 	 344 	 afb 	 0.063
42 	 519 	 cca 	 0.063
43 	 410 	 bee 	 0.062
44 	 557 	 cgf 	 0.062
45 	 313 	 fed 	 0.062
46 	 532 	 ade 	 0.061
47 	 407 	 bef 	 0.060
48 	 330 	 def 	 0.060
49 	 353 	 egd 	 0.060
50 	 534 	 adc 	 0.059
51 	 371 	 gfc 	 0.059
52 	 283 	 abe 	 0.058
53 	 573 	 fda 	 0.057
54 	 288 	 dce 	 0.055
55 	 274 	 cfe 	 0.055
56 	 472 	 baa 	 0.055
57 	 289 	 dcb 	 0.053
58 	 334 	 gcb 	 0.053
59 	 306 	 fba 	 0.052
60 	 527 	 gdf 	 0.052
61 	 418 	 aba 	 0.051
62 	 368 	 dac 	 0.050
63 	 555 	 cgd 	 0.050
64 	 543 	 ddc 	 0.050
65 	 517 	 ccg 	 0.048
66 	 421 	 fcb 	 0.048
67 	 257 	 edb 	 0.048
68 	 580 	 bcd 	 0.048
69 	 583 	 cbb 	 0.048
70 	 456 	 gee 	 0.047
71 	 307 	 fbg 	 0.046
72 	 463 	 gbc 	 0.046
73 	 582 	 bcf 	 0.046
74 	 539 	 eef 	 0.045
75 	 311 	 fef 	 0.045
76 	 345 	 afc 	 0.044
77 	 263 	 ede 	 0.043
78 	 322 	 bgf 	 0.043
79 	 436 	 cdc 	 0.043
80 	 265 	 fac 	 0.042
81 	 501 	 cab 	 0.042
82 	 391 	 dfd 	 0.041
83 	 482 	 fgf 	 0.041
84 	 258 	 edc 	 0.041
85 	 560 	 aca 	 0.041
86 	 373 	 gff 	 0.041
87 	 444 	 bfc 	 0.041
88 	 481 	 fge 	 0.040
89 	 331 	 deg 	 0.040
90 	 266 	 faa 	 0.040
91 	 378 	 aec 	 0.039
92 	 365 	 cec 	 0.038
93 	 445 	 bfb 	 0.038
94 	 558 	 acc 	 0.037
95 	 413 	 efc 	 0.037
96 	 349 	 ega 	 0.037
97 	 484 	 fga 	 0.037
98 	 428 	 abf 	 0.037
99 	 262 	 edd 	 0.036
100 	 271 	 cff 	 0.036
101 	 553 	 cgb 	 0.036
102 	 417 	 efg 	 0.036
103 	 361 	 ceg 	 0.036
104 	 576 	 fde 	 0.035
105 	 575 	 fdb 	 0.034
106 	 376 	 gfe 	 0.033
107 	 588 	 cbd 	 0.033
108 	 569 	 eae 	 0.033
109 	 269 	 fad 	 0.033
110 	 561 	 bgc 	 0.032

*** mRMR features *** 
Order 	 Fea 	 Name 	 Score
1 	 536 	 eee 	 0.259
2 	 549 	 ddd 	 0.087
3 	 551 	 dcg 	 0.051
4 	 319 	 bgb 	 0.038
5 	 285 	 abg 	 0.030
6 	 356 	 ffe 	 0.038
7 	 574 	 fdc 	 0.036
8 	 541 	 eec 	 0.037
9 	 538 	 eeg 	 0.037
10 	 431 	 cde 	 0.040
11 	 419 	 bdg 	 0.026
12 	 537 	 eed 	 0.034
13 	 373 	 gff 	 0.026
14 	 353 	 egd 	 0.027
15 	 420 	 fca 	 0.027
16 	 502 	 dad 	 0.031
17 	 287 	 cgc 	 0.030
18 	 527 	 gdf 	 0.027
19 	 398 	 aad 	 0.026
20 	 305 	 fbb 	 0.024
21 	 289 	 dcb 	 0.023
22 	 290 	 dcc 	 0.024
23 	 278 	 bde 	 0.021
24 	 344 	 afb 	 0.021
25 	 417 	 efg 	 0.020
26 	 591 	 bcb 	 0.020
27 	 545 	 dda 	 0.018
28 	 288 	 dce 	 0.019
29 	 355 	 fff 	 0.019
30 	 484 	 fga 	 0.016
31 	 482 	 fgf 	 0.017
32 	 371 	 gfc 	 0.016
33 	 280 	 abb 	 0.017
34 	 359 	 ffb 	 0.014
35 	 334 	 gcb 	 0.013
36 	 379 	 bae 	 0.013
37 	 531 	 add 	 0.013
38 	 454 	 geg 	 0.012
39 	 456 	 gee 	 0.011
40 	 529 	 adf 	 0.012
41 	 556 	 cgg 	 0.011
42 	 349 	 ega 	 0.011
43 	 361 	 ceg 	 0.010
44 	 275 	 cfb 	 0.010
45 	 463 	 gbc 	 0.010
46 	 517 	 ccg 	 0.008
47 	 308 	 fbf 	 0.008
48 	 532 	 ade 	 0.008
49 	 376 	 gfe 	 0.007
50 	 339 	 afd 	 0.007
51 	 366 	 ceb 	 0.007
52 	 307 	 fbg 	 0.006
53 	 306 	 fba 	 0.006
54 	 411 	 efa 	 0.006
55 	 117 	 CCGT 	 0.005
56 	 447 	 bfg 	 0.005
57 	 351 	 egf 	 0.005
58 	 297 	 ggb 	 0.005
59 	 597 	 bca 	 0.005
60 	 503 	 dae 	 0.005
61 	 646 	 length_ratio 	 0.004
62 	 519 	 cca 	 0.005
63 	 526 	 gde 	 0.004
64 	 214 	 AGCC 	 0.003
65 	 390 	 dfe 	 0.003
66 	 53 	 ACTA 	 0.003
67 	 191 	 GTTC 	 0.003
68 	 494 	 gag 	 0.003
69 	 407 	 bef 	 0.003
70 	 17 	 TAGC 	 0.002
71 	 410 	 bee 	 0.002
72 	 513 	 dgd 	 0.002
73 	 320 	 bgd 	 0.002
74 	 265 	 fac 	 0.002
75 	 573 	 fda 	 0.002
76 	 169 	 TGAC 	 0.002
77 	 252 	 TCCG 	 0.001
78 	 438 	 dbc 	 0.002
79 	 123 	 TGGA 	 0.001
80 	 274 	 cfe 	 0.001
81 	 121 	 CTCC 	 0.001
82 	 283 	 abe 	 0.002
83 	 127 	 TGGT 	 0.001
84 	 272 	 cfg 	 0.001
85 	 434 	 cda 	 0.001
86 	 159 	 TTTC 	 0.001
87 	 55 	 TCTC 	 0.001
88 	 345 	 afc 	 0.001
89 	 582 	 bcf 	 0.001
90 	 24 	 GAAC 	 0.001
91 	 106 	 TCAG 	 0.000
92 	 472 	 baa 	 0.001
93 	 220 	 TTGA 	 0.000
94 	 483 	 fgg 	 0.000
95 	 534 	 adc 	 0.001
96 	 87 	 AGGT 	 0.000
97 	 257 	 edb 	 0.001
98 	 190 	 GTTA 	 0.000
99 	 618 	 3mer_18 	 0.000
100 	 576 	 fde 	 0.000
101 	 504 	 daf 	 0.000
102 	 241 	 TACA 	 0.000
103 	 150 	 ATTG 	 -0.000
104 	 337 	 gcg 	 -0.000
105 	 580 	 bcd 	 0.000
106 	 535 	 ada 	 0.000
107 	 313 	 fed 	 -0.000
108 	 112 	 ATCC 	 -0.000
109 	 350 	 egg 	 -0.000
110 	 245 	 CATC 	 -0.000


 *** This program and the respective minimum Redundancy Maximum Relevance (mRMR) 
     algorithm were developed by Hanchuan Peng <hanchuan.peng@gmail.com>for
     the paper 
     "Feature selection based on mutual information: criteria of 
      max-dependency, max-relevance, and min-redundancy,"
      Hanchuan Peng, Fuhui Long, and Chris Ding, 
      IEEE Transactions on Pattern Analysis and Machine Intelligence,
      Vol. 27, No. 8, pp.1226-1238, 2005.

