You have specified parameters: threshold=mu+/-0.20*sigma #fea=110 selection method=MID #maxVar=10000 #maxSample=12408

Target classification variable (#1 column in the input data) has name=class 	entropy score=1.000

*** MaxRel features ***
Order 	 Fea 	 Name 	 Score
1 	 536 	 eee 	 0.263
2 	 549 	 ddd 	 0.184
3 	 537 	 eed 	 0.140
4 	 398 	 aad 	 0.138
5 	 356 	 ffe 	 0.131
6 	 574 	 fdc 	 0.129
7 	 305 	 fbb 	 0.126
8 	 541 	 eec 	 0.115
9 	 431 	 cde 	 0.109
10 	 502 	 dad 	 0.109
11 	 557 	 cgf 	 0.107
12 	 531 	 add 	 0.098
13 	 319 	 bgb 	 0.096
14 	 306 	 fba 	 0.093
15 	 278 	 bde 	 0.091
16 	 280 	 abb 	 0.087
17 	 420 	 fca 	 0.086
18 	 355 	 fff 	 0.086
19 	 419 	 bdg 	 0.085
20 	 551 	 dcg 	 0.084
21 	 503 	 dae 	 0.081
22 	 275 	 cfb 	 0.079
23 	 287 	 cgc 	 0.078
24 	 379 	 bae 	 0.078
25 	 411 	 efa 	 0.077
26 	 597 	 bca 	 0.075
27 	 507 	 dab 	 0.075
28 	 434 	 cda 	 0.074
29 	 366 	 ceb 	 0.073
30 	 290 	 dcc 	 0.072
31 	 359 	 ffb 	 0.071
32 	 519 	 cca 	 0.071
33 	 390 	 dfe 	 0.070
34 	 535 	 ada 	 0.070
35 	 308 	 fbf 	 0.069
36 	 538 	 eeg 	 0.069
37 	 591 	 bcb 	 0.067
38 	 504 	 daf 	 0.066
39 	 339 	 afd 	 0.065
40 	 313 	 fed 	 0.065
41 	 410 	 bee 	 0.064
42 	 371 	 gfc 	 0.064
43 	 438 	 dbc 	 0.063
44 	 344 	 afb 	 0.063
45 	 283 	 abe 	 0.063
46 	 330 	 def 	 0.062
47 	 285 	 abg 	 0.062
48 	 532 	 ade 	 0.061
49 	 384 	 ece 	 0.061
50 	 555 	 cgd 	 0.059
51 	 407 	 bef 	 0.059
52 	 573 	 fda 	 0.058
53 	 534 	 adc 	 0.057
54 	 527 	 gdf 	 0.057
55 	 529 	 adf 	 0.055
56 	 274 	 cfe 	 0.055
57 	 353 	 egd 	 0.054
58 	 368 	 dac 	 0.053
59 	 288 	 dce 	 0.053
60 	 334 	 gcb 	 0.053
61 	 289 	 dcb 	 0.053
62 	 444 	 bfc 	 0.052
63 	 545 	 dda 	 0.051
64 	 517 	 ccg 	 0.050
65 	 418 	 aba 	 0.049
66 	 463 	 gbc 	 0.049
67 	 436 	 cdc 	 0.048
68 	 307 	 fbg 	 0.047
69 	 580 	 bcd 	 0.047
70 	 472 	 baa 	 0.047
71 	 271 	 cff 	 0.047
72 	 543 	 ddc 	 0.047
73 	 378 	 aec 	 0.046
74 	 257 	 edb 	 0.045
75 	 539 	 eef 	 0.045
76 	 456 	 gee 	 0.045
77 	 263 	 ede 	 0.044
78 	 421 	 fcb 	 0.043
79 	 311 	 fef 	 0.042
80 	 501 	 cab 	 0.042
81 	 373 	 gff 	 0.042
82 	 481 	 fge 	 0.042
83 	 582 	 bcf 	 0.041
84 	 583 	 cbb 	 0.041
85 	 331 	 deg 	 0.041
86 	 413 	 efc 	 0.040
87 	 266 	 faa 	 0.039
88 	 560 	 aca 	 0.039
89 	 428 	 abf 	 0.039
90 	 365 	 cec 	 0.038
91 	 391 	 dfd 	 0.038
92 	 349 	 ega 	 0.038
93 	 265 	 fac 	 0.038
94 	 558 	 acc 	 0.038
95 	 482 	 fgf 	 0.037
96 	 575 	 fdb 	 0.036
97 	 361 	 ceg 	 0.036
98 	 484 	 fga 	 0.036
99 	 262 	 edd 	 0.036
100 	 569 	 eae 	 0.035
101 	 576 	 fde 	 0.035
102 	 258 	 edc 	 0.034
103 	 304 	 fbc 	 0.034
104 	 322 	 bgf 	 0.034
105 	 589 	 cbe 	 0.032
106 	 269 	 fad 	 0.032
107 	 553 	 cgb 	 0.032
108 	 520 	 ccc 	 0.032
109 	 417 	 efg 	 0.032
110 	 376 	 gfe 	 0.031

*** mRMR features *** 
Order 	 Fea 	 Name 	 Score
1 	 536 	 eee 	 0.263
2 	 549 	 ddd 	 0.088
3 	 551 	 dcg 	 0.044
4 	 319 	 bgb 	 0.042
5 	 356 	 ffe 	 0.034
6 	 538 	 eeg 	 0.028
7 	 574 	 fdc 	 0.038
8 	 541 	 eec 	 0.031
9 	 431 	 cde 	 0.027
10 	 285 	 abg 	 0.028
11 	 419 	 bdg 	 0.027
12 	 537 	 eed 	 0.028
13 	 373 	 gff 	 0.026
14 	 306 	 fba 	 0.025
15 	 527 	 gdf 	 0.026
16 	 398 	 aad 	 0.027
17 	 287 	 cgc 	 0.027
18 	 305 	 fbb 	 0.028
19 	 353 	 egd 	 0.026
20 	 420 	 fca 	 0.024
21 	 502 	 dad 	 0.026
22 	 290 	 dcc 	 0.023
23 	 344 	 afb 	 0.021
24 	 355 	 fff 	 0.020
25 	 289 	 dcb 	 0.021
26 	 417 	 efg 	 0.017
27 	 288 	 dce 	 0.015
28 	 591 	 bcb 	 0.016
29 	 280 	 abb 	 0.016
30 	 484 	 fga 	 0.015
31 	 371 	 gfc 	 0.015
32 	 482 	 fgf 	 0.013
33 	 361 	 ceg 	 0.012
34 	 531 	 add 	 0.014
35 	 278 	 bde 	 0.013
36 	 379 	 bae 	 0.013
37 	 456 	 gee 	 0.012
38 	 556 	 cgg 	 0.011
39 	 454 	 geg 	 0.011
40 	 334 	 gcb 	 0.012
41 	 463 	 gbc 	 0.010
42 	 503 	 dae 	 0.011
43 	 349 	 ega 	 0.011
44 	 308 	 fbf 	 0.010
45 	 359 	 ffb 	 0.008
46 	 275 	 cfb 	 0.007
47 	 366 	 ceb 	 0.007
48 	 117 	 CCGT 	 0.006
49 	 384 	 ece 	 0.007
50 	 307 	 fbg 	 0.006
51 	 351 	 egf 	 0.006
52 	 411 	 efa 	 0.007
53 	 297 	 ggb 	 0.006
54 	 557 	 cgf 	 0.006
55 	 376 	 gfe 	 0.006
56 	 447 	 bfg 	 0.005
57 	 339 	 afd 	 0.005
58 	 519 	 cca 	 0.006
59 	 517 	 ccg 	 0.006
60 	 532 	 ade 	 0.006
61 	 526 	 gde 	 0.004
62 	 390 	 dfe 	 0.005
63 	 529 	 adf 	 0.004
64 	 646 	 length_ratio 	 0.003
65 	 214 	 AGCC 	 0.003
66 	 191 	 GTTC 	 0.003
67 	 494 	 gag 	 0.003
68 	 597 	 bca 	 0.003
69 	 240 	 CACC 	 0.002
70 	 180 	 TATC 	 0.002
71 	 283 	 abe 	 0.002
72 	 112 	 ATCC 	 0.002
73 	 272 	 cfg 	 0.002
74 	 410 	 bee 	 0.002
75 	 407 	 bef 	 0.002
76 	 573 	 fda 	 0.002
77 	 17 	 TAGC 	 0.002
78 	 434 	 cda 	 0.002
79 	 444 	 bfc 	 0.001
80 	 24 	 GAAC 	 0.001
81 	 513 	 dgd 	 0.001
82 	 159 	 TTTC 	 0.001
83 	 121 	 CTCC 	 0.001
84 	 545 	 dda 	 0.001
85 	 163 	 GCAG 	 0.001
86 	 44 	 TAAC 	 0.000
87 	 483 	 fgg 	 0.000
88 	 274 	 cfe 	 0.000
89 	 123 	 TGGA 	 0.000
90 	 555 	 cgd 	 0.001
91 	 438 	 dbc 	 0.000
92 	 190 	 GTTA 	 0.000
93 	 271 	 cff 	 0.000
94 	 320 	 bgd 	 0.000
95 	 313 	 fed 	 0.000
96 	 96 	 GATA 	 0.000
97 	 133 	 TCGT 	 0.000
98 	 330 	 def 	 0.000
99 	 169 	 TGAC 	 -0.000
100 	 53 	 ACTA 	 -0.000
101 	 257 	 edb 	 0.000
102 	 131 	 CTCG 	 -0.000
103 	 507 	 dab 	 0.000
104 	 576 	 fde 	 -0.000
105 	 337 	 gcg 	 -0.000
106 	 241 	 TACA 	 -0.000
107 	 350 	 egg 	 -0.000
108 	 209 	 GAGT 	 -0.000
109 	 368 	 dac 	 -0.000
110 	 245 	 CATC 	 -0.000


 *** This program and the respective minimum Redundancy Maximum Relevance (mRMR) 
     algorithm were developed by Hanchuan Peng <hanchuan.peng@gmail.com>for
     the paper 
     "Feature selection based on mutual information: criteria of 
      max-dependency, max-relevance, and min-redundancy,"
      Hanchuan Peng, Fuhui Long, and Chris Ding, 
      IEEE Transactions on Pattern Analysis and Machine Intelligence,
      Vol. 27, No. 8, pp.1226-1238, 2005.

