You have specified parameters: threshold=mu+/-0.20*sigma #fea=110 selection method=MID #maxVar=10000 #maxSample=12408

Target classification variable (#1 column in the input data) has name=class 	entropy score=1.000

*** MaxRel features ***
Order 	 Fea 	 Name 	 Score
1 	 536 	 eee 	 0.268
2 	 549 	 ddd 	 0.187
3 	 537 	 eed 	 0.143
4 	 398 	 aad 	 0.141
5 	 574 	 fdc 	 0.134
6 	 356 	 ffe 	 0.131
7 	 502 	 dad 	 0.124
8 	 541 	 eec 	 0.120
9 	 305 	 fbb 	 0.116
10 	 557 	 cgf 	 0.112
11 	 431 	 cde 	 0.106
12 	 531 	 add 	 0.099
13 	 278 	 bde 	 0.099
14 	 319 	 bgb 	 0.092
15 	 419 	 bdg 	 0.090
16 	 280 	 abb 	 0.090
17 	 551 	 dcg 	 0.089
18 	 306 	 fba 	 0.086
19 	 420 	 fca 	 0.086
20 	 275 	 cfb 	 0.079
21 	 287 	 cgc 	 0.077
22 	 545 	 dda 	 0.076
23 	 503 	 dae 	 0.076
24 	 507 	 dab 	 0.076
25 	 379 	 bae 	 0.076
26 	 355 	 fff 	 0.075
27 	 290 	 dcc 	 0.075
28 	 366 	 ceb 	 0.075
29 	 597 	 bca 	 0.074
30 	 390 	 dfe 	 0.074
31 	 434 	 cda 	 0.073
32 	 411 	 efa 	 0.073
33 	 591 	 bcb 	 0.069
34 	 535 	 ada 	 0.068
35 	 519 	 cca 	 0.065
36 	 504 	 daf 	 0.065
37 	 410 	 bee 	 0.065
38 	 308 	 fbf 	 0.065
39 	 344 	 afb 	 0.064
40 	 529 	 adf 	 0.064
41 	 339 	 afd 	 0.064
42 	 538 	 eeg 	 0.064
43 	 371 	 gfc 	 0.064
44 	 285 	 abg 	 0.062
45 	 407 	 bef 	 0.062
46 	 330 	 def 	 0.061
47 	 555 	 cgd 	 0.060
48 	 313 	 fed 	 0.060
49 	 438 	 dbc 	 0.059
50 	 274 	 cfe 	 0.058
51 	 534 	 adc 	 0.058
52 	 353 	 egd 	 0.058
53 	 532 	 ade 	 0.058
54 	 288 	 dce 	 0.057
55 	 289 	 dcb 	 0.056
56 	 573 	 fda 	 0.056
57 	 283 	 abe 	 0.055
58 	 527 	 gdf 	 0.054
59 	 334 	 gcb 	 0.054
60 	 359 	 ffb 	 0.053
61 	 307 	 fbg 	 0.053
62 	 368 	 dac 	 0.053
63 	 463 	 gbc 	 0.052
64 	 263 	 ede 	 0.052
65 	 517 	 ccg 	 0.051
66 	 421 	 fcb 	 0.050
67 	 444 	 bfc 	 0.050
68 	 543 	 ddc 	 0.050
69 	 257 	 edb 	 0.050
70 	 418 	 aba 	 0.050
71 	 345 	 afc 	 0.050
72 	 311 	 fef 	 0.048
73 	 456 	 gee 	 0.048
74 	 472 	 baa 	 0.047
75 	 580 	 bcd 	 0.047
76 	 428 	 abf 	 0.046
77 	 378 	 aec 	 0.045
78 	 265 	 fac 	 0.044
79 	 436 	 cdc 	 0.043
80 	 539 	 eef 	 0.043
81 	 560 	 aca 	 0.043
82 	 349 	 ega 	 0.043
83 	 266 	 faa 	 0.042
84 	 373 	 gff 	 0.042
85 	 583 	 cbb 	 0.041
86 	 501 	 cab 	 0.041
87 	 271 	 cff 	 0.041
88 	 582 	 bcf 	 0.041
89 	 331 	 deg 	 0.040
90 	 365 	 cec 	 0.040
91 	 481 	 fge 	 0.040
92 	 558 	 acc 	 0.039
93 	 391 	 dfd 	 0.038
94 	 413 	 efc 	 0.038
95 	 576 	 fde 	 0.037
96 	 361 	 ceg 	 0.036
97 	 269 	 fad 	 0.036
98 	 550 	 dcf 	 0.036
99 	 482 	 fgf 	 0.035
100 	 484 	 fga 	 0.035
101 	 553 	 cgb 	 0.035
102 	 262 	 edd 	 0.034
103 	 258 	 edc 	 0.034
104 	 521 	 ccb 	 0.034
105 	 520 	 ccc 	 0.033
106 	 417 	 efg 	 0.033
107 	 304 	 fbc 	 0.032
108 	 376 	 gfe 	 0.032
109 	 569 	 eae 	 0.032
110 	 442 	 dbg 	 0.032

*** mRMR features *** 
Order 	 Fea 	 Name 	 Score
1 	 536 	 eee 	 0.268
2 	 549 	 ddd 	 0.087
3 	 551 	 dcg 	 0.048
4 	 319 	 bgb 	 0.040
5 	 356 	 ffe 	 0.033
6 	 574 	 fdc 	 0.031
7 	 538 	 eeg 	 0.026
8 	 541 	 eec 	 0.031
9 	 285 	 abg 	 0.027
10 	 431 	 cde 	 0.031
11 	 419 	 bdg 	 0.028
12 	 537 	 eed 	 0.031
13 	 373 	 gff 	 0.026
14 	 353 	 egd 	 0.025
15 	 398 	 aad 	 0.029
16 	 420 	 fca 	 0.025
17 	 287 	 cgc 	 0.027
18 	 502 	 dad 	 0.027
19 	 290 	 dcc 	 0.025
20 	 305 	 fbb 	 0.024
21 	 289 	 dcb 	 0.022
22 	 527 	 gdf 	 0.022
23 	 306 	 fba 	 0.023
24 	 344 	 afb 	 0.021
25 	 278 	 bde 	 0.020
26 	 417 	 efg 	 0.019
27 	 591 	 bcb 	 0.017
28 	 371 	 gfc 	 0.017
29 	 288 	 dce 	 0.015
30 	 545 	 dda 	 0.015
31 	 484 	 fga 	 0.015
32 	 280 	 abb 	 0.017
33 	 355 	 fff 	 0.015
34 	 456 	 gee 	 0.014
35 	 349 	 ega 	 0.013
36 	 482 	 fgf 	 0.013
37 	 366 	 ceb 	 0.014
38 	 463 	 gbc 	 0.013
39 	 334 	 gcb 	 0.012
40 	 557 	 cgf 	 0.013
41 	 556 	 cgg 	 0.011
42 	 361 	 ceg 	 0.011
43 	 275 	 cfb 	 0.011
44 	 454 	 geg 	 0.010
45 	 529 	 adf 	 0.010
46 	 379 	 bae 	 0.010
47 	 307 	 fbg 	 0.010
48 	 531 	 add 	 0.007
49 	 117 	 CCGT 	 0.006
50 	 517 	 ccg 	 0.006
51 	 308 	 fbf 	 0.006
52 	 532 	 ade 	 0.007
53 	 376 	 gfe 	 0.006
54 	 351 	 egf 	 0.006
55 	 390 	 dfe 	 0.005
56 	 646 	 length_ratio 	 0.005
57 	 526 	 gde 	 0.005
58 	 297 	 ggb 	 0.005
59 	 519 	 cca 	 0.005
60 	 447 	 bfg 	 0.005
61 	 411 	 efa 	 0.006
62 	 339 	 afd 	 0.005
63 	 214 	 AGCC 	 0.004
64 	 503 	 dae 	 0.005
65 	 191 	 GTTC 	 0.003
66 	 597 	 bca 	 0.003
67 	 494 	 gag 	 0.003
68 	 44 	 TAAC 	 0.003
69 	 320 	 bgd 	 0.003
70 	 274 	 cfe 	 0.002
71 	 131 	 CTCG 	 0.002
72 	 265 	 fac 	 0.002
73 	 410 	 bee 	 0.002
74 	 17 	 TAGC 	 0.002
75 	 513 	 dgd 	 0.002
76 	 407 	 bef 	 0.001
77 	 434 	 cda 	 0.001
78 	 573 	 fda 	 0.001
79 	 123 	 TGGA 	 0.001
80 	 112 	 ATCC 	 0.001
81 	 52 	 TCTG 	 0.001
82 	 345 	 afc 	 0.001
83 	 209 	 GAGT 	 0.001
84 	 359 	 ffb 	 0.001
85 	 257 	 edb 	 0.001
86 	 230 	 GCAA 	 0.001
87 	 272 	 cfg 	 0.001
88 	 444 	 bfc 	 0.001
89 	 24 	 GAAC 	 0.000
90 	 483 	 fgg 	 0.000
91 	 263 	 ede 	 0.001
92 	 222 	 AGCT 	 0.000
93 	 159 	 TTTC 	 0.000
94 	 150 	 ATTG 	 0.000
95 	 555 	 cgd 	 0.001
96 	 283 	 abe 	 0.000
97 	 169 	 TGAC 	 0.000
98 	 507 	 dab 	 0.000
99 	 91 	 TTCC 	 -0.000
100 	 55 	 TCTC 	 -0.000
101 	 438 	 dbc 	 0.000
102 	 160 	 TTTG 	 -0.000
103 	 188 	 CTTG 	 -0.000
104 	 330 	 def 	 0.000
105 	 559 	 acb 	 -0.000
106 	 313 	 fed 	 -0.000
107 	 337 	 gcg 	 -0.000
108 	 241 	 TACA 	 -0.000
109 	 350 	 egg 	 -0.001
110 	 87 	 AGGT 	 -0.000


 *** This program and the respective minimum Redundancy Maximum Relevance (mRMR) 
     algorithm were developed by Hanchuan Peng <hanchuan.peng@gmail.com>for
     the paper 
     "Feature selection based on mutual information: criteria of 
      max-dependency, max-relevance, and min-redundancy,"
      Hanchuan Peng, Fuhui Long, and Chris Ding, 
      IEEE Transactions on Pattern Analysis and Machine Intelligence,
      Vol. 27, No. 8, pp.1226-1238, 2005.

