You have specified parameters: threshold=mu+/-0.20*sigma #fea=110 selection method=MID #maxVar=10000 #maxSample=12408

Target classification variable (#1 column in the input data) has name=class 	entropy score=1.000

*** MaxRel features ***
Order 	 Fea 	 Name 	 Score
1 	 536 	 eee 	 0.260
2 	 549 	 ddd 	 0.194
3 	 537 	 eed 	 0.142
4 	 574 	 fdc 	 0.137
5 	 398 	 aad 	 0.136
6 	 356 	 ffe 	 0.132
7 	 502 	 dad 	 0.124
8 	 557 	 cgf 	 0.119
9 	 305 	 fbb 	 0.118
10 	 541 	 eec 	 0.118
11 	 431 	 cde 	 0.098
12 	 306 	 fba 	 0.098
13 	 531 	 add 	 0.097
14 	 278 	 bde 	 0.097
15 	 319 	 bgb 	 0.094
16 	 280 	 abb 	 0.092
17 	 551 	 dcg 	 0.088
18 	 419 	 bdg 	 0.086
19 	 420 	 fca 	 0.085
20 	 355 	 fff 	 0.083
21 	 290 	 dcc 	 0.079
22 	 275 	 cfb 	 0.078
23 	 503 	 dae 	 0.078
24 	 379 	 bae 	 0.078
25 	 411 	 efa 	 0.076
26 	 434 	 cda 	 0.075
27 	 597 	 bca 	 0.074
28 	 287 	 cgc 	 0.074
29 	 507 	 dab 	 0.074
30 	 366 	 ceb 	 0.073
31 	 359 	 ffb 	 0.072
32 	 535 	 ada 	 0.071
33 	 390 	 dfe 	 0.070
34 	 591 	 bcb 	 0.068
35 	 519 	 cca 	 0.068
36 	 410 	 bee 	 0.067
37 	 339 	 afd 	 0.067
38 	 538 	 eeg 	 0.066
39 	 438 	 dbc 	 0.065
40 	 407 	 bef 	 0.064
41 	 308 	 fbf 	 0.064
42 	 371 	 gfc 	 0.064
43 	 285 	 abg 	 0.064
44 	 504 	 daf 	 0.063
45 	 313 	 fed 	 0.061
46 	 344 	 afb 	 0.061
47 	 534 	 adc 	 0.059
48 	 555 	 cgd 	 0.058
49 	 573 	 fda 	 0.058
50 	 545 	 dda 	 0.057
51 	 258 	 edc 	 0.057
52 	 527 	 gdf 	 0.057
53 	 274 	 cfe 	 0.057
54 	 532 	 ade 	 0.056
55 	 353 	 egd 	 0.056
56 	 289 	 dcb 	 0.055
57 	 330 	 def 	 0.055
58 	 288 	 dce 	 0.054
59 	 263 	 ede 	 0.052
60 	 283 	 abe 	 0.052
61 	 368 	 dac 	 0.052
62 	 257 	 edb 	 0.052
63 	 418 	 aba 	 0.051
64 	 444 	 bfc 	 0.050
65 	 307 	 fbg 	 0.050
66 	 421 	 fcb 	 0.050
67 	 463 	 gbc 	 0.049
68 	 334 	 gcb 	 0.049
69 	 543 	 ddc 	 0.049
70 	 378 	 aec 	 0.048
71 	 529 	 adf 	 0.048
72 	 472 	 baa 	 0.047
73 	 345 	 afc 	 0.047
74 	 517 	 ccg 	 0.047
75 	 428 	 abf 	 0.047
76 	 311 	 fef 	 0.047
77 	 456 	 gee 	 0.046
78 	 481 	 fge 	 0.046
79 	 580 	 bcd 	 0.045
80 	 539 	 eef 	 0.045
81 	 436 	 cdc 	 0.045
82 	 413 	 efc 	 0.044
83 	 373 	 gff 	 0.043
84 	 262 	 edd 	 0.042
85 	 501 	 cab 	 0.042
86 	 583 	 cbb 	 0.041
87 	 582 	 bcf 	 0.041
88 	 266 	 faa 	 0.041
89 	 482 	 fgf 	 0.039
90 	 391 	 dfd 	 0.039
91 	 558 	 acc 	 0.039
92 	 331 	 deg 	 0.038
93 	 560 	 aca 	 0.038
94 	 265 	 fac 	 0.038
95 	 361 	 ceg 	 0.038
96 	 271 	 cff 	 0.038
97 	 349 	 ega 	 0.037
98 	 365 	 cec 	 0.037
99 	 322 	 bgf 	 0.036
100 	 576 	 fde 	 0.036
101 	 569 	 eae 	 0.036
102 	 445 	 bfb 	 0.034
103 	 520 	 ccc 	 0.034
104 	 442 	 dbg 	 0.033
105 	 588 	 cbd 	 0.033
106 	 269 	 fad 	 0.033
107 	 553 	 cgb 	 0.032
108 	 304 	 fbc 	 0.032
109 	 417 	 efg 	 0.031
110 	 384 	 ece 	 0.031

*** mRMR features *** 
Order 	 Fea 	 Name 	 Score
1 	 536 	 eee 	 0.260
2 	 549 	 ddd 	 0.092
3 	 551 	 dcg 	 0.051
4 	 319 	 bgb 	 0.039
5 	 356 	 ffe 	 0.033
6 	 574 	 fdc 	 0.037
7 	 538 	 eeg 	 0.028
8 	 541 	 eec 	 0.032
9 	 285 	 abg 	 0.029
10 	 431 	 cde 	 0.033
11 	 419 	 bdg 	 0.027
12 	 537 	 eed 	 0.034
13 	 373 	 gff 	 0.027
14 	 502 	 dad 	 0.031
15 	 306 	 fba 	 0.029
16 	 290 	 dcc 	 0.027
17 	 353 	 egd 	 0.026
18 	 398 	 aad 	 0.029
19 	 287 	 cgc 	 0.025
20 	 305 	 fbb 	 0.027
21 	 527 	 gdf 	 0.022
22 	 420 	 fca 	 0.023
23 	 289 	 dcb 	 0.024
24 	 355 	 fff 	 0.019
25 	 344 	 afb 	 0.018
26 	 280 	 abb 	 0.019
27 	 417 	 efg 	 0.017
28 	 288 	 dce 	 0.017
29 	 591 	 bcb 	 0.017
30 	 371 	 gfc 	 0.015
31 	 278 	 bde 	 0.016
32 	 482 	 fgf 	 0.015
33 	 361 	 ceg 	 0.013
34 	 557 	 cgf 	 0.013
35 	 484 	 fga 	 0.011
36 	 454 	 geg 	 0.011
37 	 456 	 gee 	 0.011
38 	 531 	 add 	 0.012
39 	 349 	 ega 	 0.010
40 	 556 	 cgg 	 0.010
41 	 379 	 bae 	 0.011
42 	 334 	 gcb 	 0.011
43 	 463 	 gbc 	 0.010
44 	 366 	 ceb 	 0.008
45 	 275 	 cfb 	 0.008
46 	 117 	 CCGT 	 0.006
47 	 359 	 ffb 	 0.007
48 	 307 	 fbg 	 0.006
49 	 308 	 fbf 	 0.006
50 	 351 	 egf 	 0.006
51 	 297 	 ggb 	 0.005
52 	 503 	 dae 	 0.006
53 	 411 	 efa 	 0.005
54 	 376 	 gfe 	 0.005
55 	 339 	 afd 	 0.006
56 	 17 	 TAGC 	 0.004
57 	 526 	 gde 	 0.004
58 	 529 	 adf 	 0.004
59 	 447 	 bfg 	 0.004
60 	 519 	 cca 	 0.005
61 	 517 	 ccg 	 0.004
62 	 545 	 dda 	 0.004
63 	 191 	 GTTC 	 0.003
64 	 390 	 dfe 	 0.004
65 	 532 	 ade 	 0.004
66 	 53 	 ACTA 	 0.002
67 	 407 	 bef 	 0.003
68 	 112 	 ATCC 	 0.002
69 	 494 	 gag 	 0.002
70 	 410 	 bee 	 0.003
71 	 257 	 edb 	 0.003
72 	 573 	 fda 	 0.003
73 	 597 	 bca 	 0.002
74 	 646 	 length_ratio 	 0.001
75 	 214 	 AGCC 	 0.001
76 	 9 	 AGTA 	 0.001
77 	 180 	 TATC 	 0.001
78 	 434 	 cda 	 0.001
79 	 320 	 bgd 	 0.001
80 	 272 	 cfg 	 0.001
81 	 91 	 TTCC 	 0.001
82 	 169 	 TGAC 	 0.001
83 	 274 	 cfe 	 0.001
84 	 438 	 dbc 	 0.001
85 	 345 	 afc 	 0.001
86 	 24 	 GAAC 	 0.000
87 	 50 	 TAAT 	 0.000
88 	 483 	 fgg 	 0.000
89 	 555 	 cgd 	 0.001
90 	 123 	 TGGA 	 0.000
91 	 513 	 dgd 	 0.000
92 	 66 	 CTCT 	 0.000
93 	 576 	 fde 	 0.000
94 	 163 	 GCAG 	 0.000
95 	 263 	 ede 	 0.000
96 	 481 	 fge 	 0.000
97 	 618 	 3mer_18 	 0.000
98 	 96 	 GATA 	 -0.000
99 	 444 	 bfc 	 0.000
100 	 190 	 GTTA 	 -0.000
101 	 265 	 fac 	 -0.000
102 	 337 	 gcg 	 -0.000
103 	 121 	 CTCC 	 -0.000
104 	 507 	 dab 	 0.000
105 	 159 	 TTTC 	 -0.000
106 	 504 	 daf 	 -0.000
107 	 1 	 GTAC 	 -0.000
108 	 313 	 fed 	 -0.000
109 	 215 	 TTGT 	 -0.000
110 	 350 	 egg 	 -0.000


 *** This program and the respective minimum Redundancy Maximum Relevance (mRMR) 
     algorithm were developed by Hanchuan Peng <hanchuan.peng@gmail.com>for
     the paper 
     "Feature selection based on mutual information: criteria of 
      max-dependency, max-relevance, and min-redundancy,"
      Hanchuan Peng, Fuhui Long, and Chris Ding, 
      IEEE Transactions on Pattern Analysis and Machine Intelligence,
      Vol. 27, No. 8, pp.1226-1238, 2005.

