You have specified parameters: threshold=mu+/-0.20*sigma #fea=110 selection method=MID #maxVar=10000 #maxSample=12408

Target classification variable (#1 column in the input data) has name=class 	entropy score=1.000

*** MaxRel features ***
Order 	 Fea 	 Name 	 Score
1 	 536 	 eee 	 0.270
2 	 549 	 ddd 	 0.185
3 	 537 	 eed 	 0.148
4 	 398 	 aad 	 0.142
5 	 574 	 fdc 	 0.139
6 	 356 	 ffe 	 0.135
7 	 502 	 dad 	 0.130
8 	 541 	 eec 	 0.125
9 	 557 	 cgf 	 0.117
10 	 305 	 fbb 	 0.116
11 	 431 	 cde 	 0.111
12 	 278 	 bde 	 0.098
13 	 319 	 bgb 	 0.097
14 	 531 	 add 	 0.096
15 	 420 	 fca 	 0.093
16 	 551 	 dcg 	 0.088
17 	 306 	 fba 	 0.087
18 	 419 	 bdg 	 0.087
19 	 280 	 abb 	 0.085
20 	 355 	 fff 	 0.083
21 	 275 	 cfb 	 0.083
22 	 503 	 dae 	 0.082
23 	 545 	 dda 	 0.080
24 	 366 	 ceb 	 0.079
25 	 290 	 dcc 	 0.078
26 	 359 	 ffb 	 0.078
27 	 411 	 efa 	 0.077
28 	 287 	 cgc 	 0.076
29 	 507 	 dab 	 0.075
30 	 597 	 bca 	 0.075
31 	 434 	 cda 	 0.073
32 	 535 	 ada 	 0.073
33 	 379 	 bae 	 0.073
34 	 591 	 bcb 	 0.071
35 	 504 	 daf 	 0.071
36 	 390 	 dfe 	 0.070
37 	 519 	 cca 	 0.069
38 	 529 	 adf 	 0.067
39 	 339 	 afd 	 0.065
40 	 438 	 dbc 	 0.065
41 	 407 	 bef 	 0.065
42 	 344 	 afb 	 0.064
43 	 308 	 fbf 	 0.064
44 	 371 	 gfc 	 0.064
45 	 285 	 abg 	 0.063
46 	 410 	 bee 	 0.063
47 	 538 	 eeg 	 0.062
48 	 384 	 ece 	 0.062
49 	 532 	 ade 	 0.061
50 	 274 	 cfe 	 0.061
51 	 555 	 cgd 	 0.059
52 	 353 	 egd 	 0.058
53 	 288 	 dce 	 0.058
54 	 313 	 fed 	 0.058
55 	 573 	 fda 	 0.057
56 	 330 	 def 	 0.057
57 	 534 	 adc 	 0.056
58 	 289 	 dcb 	 0.056
59 	 527 	 gdf 	 0.055
60 	 283 	 abe 	 0.055
61 	 257 	 edb 	 0.052
62 	 444 	 bfc 	 0.051
63 	 307 	 fbg 	 0.051
64 	 418 	 aba 	 0.051
65 	 334 	 gcb 	 0.051
66 	 368 	 dac 	 0.050
67 	 463 	 gbc 	 0.049
68 	 378 	 aec 	 0.049
69 	 436 	 cdc 	 0.048
70 	 263 	 ede 	 0.048
71 	 472 	 baa 	 0.048
72 	 456 	 gee 	 0.047
73 	 517 	 ccg 	 0.046
74 	 543 	 ddc 	 0.046
75 	 580 	 bcd 	 0.045
76 	 311 	 fef 	 0.045
77 	 421 	 fcb 	 0.044
78 	 413 	 efc 	 0.044
79 	 539 	 eef 	 0.043
80 	 391 	 dfd 	 0.042
81 	 428 	 abf 	 0.042
82 	 331 	 deg 	 0.042
83 	 269 	 fad 	 0.042
84 	 576 	 fde 	 0.041
85 	 373 	 gff 	 0.040
86 	 582 	 bcf 	 0.040
87 	 481 	 fge 	 0.040
88 	 482 	 fgf 	 0.039
89 	 501 	 cab 	 0.039
90 	 271 	 cff 	 0.038
91 	 265 	 fac 	 0.038
92 	 361 	 ceg 	 0.038
93 	 583 	 cbb 	 0.038
94 	 266 	 faa 	 0.038
95 	 558 	 acc 	 0.038
96 	 560 	 aca 	 0.037
97 	 349 	 ega 	 0.037
98 	 258 	 edc 	 0.035
99 	 365 	 cec 	 0.035
100 	 484 	 fga 	 0.035
101 	 588 	 cbd 	 0.034
102 	 520 	 ccc 	 0.033
103 	 589 	 cbe 	 0.033
104 	 553 	 cgb 	 0.033
105 	 322 	 bgf 	 0.033
106 	 417 	 efg 	 0.033
107 	 445 	 bfb 	 0.032
108 	 376 	 gfe 	 0.032
109 	 550 	 dcf 	 0.032
110 	 447 	 bfg 	 0.031

*** mRMR features *** 
Order 	 Fea 	 Name 	 Score
1 	 536 	 eee 	 0.270
2 	 549 	 ddd 	 0.093
3 	 551 	 dcg 	 0.049
4 	 420 	 fca 	 0.044
5 	 398 	 aad 	 0.045
6 	 356 	 ffe 	 0.041
7 	 538 	 eeg 	 0.035
8 	 574 	 fdc 	 0.041
9 	 373 	 gff 	 0.028
10 	 537 	 eed 	 0.040
11 	 419 	 bdg 	 0.028
12 	 541 	 eec 	 0.035
13 	 285 	 abg 	 0.028
14 	 431 	 cde 	 0.033
15 	 353 	 egd 	 0.026
16 	 502 	 dad 	 0.031
17 	 290 	 dcc 	 0.028
18 	 287 	 cgc 	 0.029
19 	 305 	 fbb 	 0.027
20 	 591 	 bcb 	 0.023
21 	 527 	 gdf 	 0.023
22 	 306 	 fba 	 0.025
23 	 289 	 dcb 	 0.024
24 	 344 	 afb 	 0.023
25 	 355 	 fff 	 0.024
26 	 278 	 bde 	 0.021
27 	 417 	 efg 	 0.019
28 	 545 	 dda 	 0.020
29 	 288 	 dce 	 0.019
30 	 366 	 ceb 	 0.020
31 	 482 	 fgf 	 0.017
32 	 484 	 fga 	 0.016
33 	 371 	 gfc 	 0.014
34 	 319 	 bgb 	 0.015
35 	 280 	 abb 	 0.015
36 	 361 	 ceg 	 0.012
37 	 557 	 cgf 	 0.012
38 	 456 	 gee 	 0.012
39 	 529 	 adf 	 0.011
40 	 463 	 gbc 	 0.011
41 	 349 	 ega 	 0.011
42 	 334 	 gcb 	 0.011
43 	 275 	 cfb 	 0.011
44 	 556 	 cgg 	 0.010
45 	 359 	 ffb 	 0.010
46 	 454 	 geg 	 0.009
47 	 307 	 fbg 	 0.009
48 	 379 	 bae 	 0.009
49 	 531 	 add 	 0.009
50 	 376 	 gfe 	 0.007
51 	 532 	 ade 	 0.007
52 	 447 	 bfg 	 0.006
53 	 117 	 CCGT 	 0.005
54 	 384 	 ece 	 0.006
55 	 308 	 fbf 	 0.007
56 	 411 	 efa 	 0.007
57 	 519 	 cca 	 0.007
58 	 351 	 egf 	 0.005
59 	 297 	 ggb 	 0.005
60 	 526 	 gde 	 0.005
61 	 339 	 afd 	 0.005
62 	 503 	 dae 	 0.006
63 	 517 	 ccg 	 0.005
64 	 390 	 dfe 	 0.005
65 	 214 	 AGCC 	 0.004
66 	 646 	 length_ratio 	 0.003
67 	 494 	 gag 	 0.003
68 	 112 	 ATCC 	 0.003
69 	 597 	 bca 	 0.003
70 	 274 	 cfe 	 0.002
71 	 191 	 GTTC 	 0.002
72 	 573 	 fda 	 0.002
73 	 407 	 bef 	 0.002
74 	 240 	 CACC 	 0.002
75 	 410 	 bee 	 0.002
76 	 320 	 bgd 	 0.002
77 	 163 	 GCAG 	 0.001
78 	 55 	 TCTC 	 0.001
79 	 257 	 edb 	 0.001
80 	 272 	 cfg 	 0.001
81 	 169 	 TGAC 	 0.001
82 	 121 	 CTCC 	 0.001
83 	 434 	 cda 	 0.002
84 	 444 	 bfc 	 0.001
85 	 438 	 dbc 	 0.001
86 	 91 	 TTCC 	 0.001
87 	 17 	 TAGC 	 0.001
88 	 96 	 GATA 	 0.001
89 	 576 	 fde 	 0.001
90 	 513 	 dgd 	 0.000
91 	 159 	 TTTC 	 0.000
92 	 483 	 fgg 	 0.000
93 	 555 	 cgd 	 0.001
94 	 52 	 TCTG 	 0.000
95 	 507 	 dab 	 0.001
96 	 56 	 TATG 	 0.000
97 	 215 	 TTGT 	 0.000
98 	 53 	 ACTA 	 0.000
99 	 504 	 daf 	 0.000
100 	 190 	 GTTA 	 -0.000
101 	 131 	 CTCG 	 -0.000
102 	 265 	 fac 	 -0.000
103 	 618 	 3mer_18 	 -0.000
104 	 337 	 gcg 	 -0.000
105 	 602 	 3mer_2 	 -0.000
106 	 313 	 fed 	 0.000
107 	 535 	 ada 	 -0.000
108 	 219 	 GAGC 	 -0.001
109 	 350 	 egg 	 -0.001
110 	 123 	 TGGA 	 -0.001


 *** This program and the respective minimum Redundancy Maximum Relevance (mRMR) 
     algorithm were developed by Hanchuan Peng <hanchuan.peng@gmail.com>for
     the paper 
     "Feature selection based on mutual information: criteria of 
      max-dependency, max-relevance, and min-redundancy,"
      Hanchuan Peng, Fuhui Long, and Chris Ding, 
      IEEE Transactions on Pattern Analysis and Machine Intelligence,
      Vol. 27, No. 8, pp.1226-1238, 2005.

